<?xml version="1.0" encoding="UTF-8"?>
<testng-results ignored="0" total="48" passed="7" failed="0" skipped="41">
  <reporter-output>
  </reporter-output>
  <suite started-at="2025-07-15T17:44:46 IST" name="Surefire suite" finished-at="2025-07-15T17:45:10 IST" duration-ms="24799">
    <groups>
    </groups>
    <test started-at="2025-07-15T17:44:46 IST" name="Surefire test" finished-at="2025-07-15T17:45:10 IST" duration-ms="24799">
      <class name="POD2_ProviderDataPU.valid.GetApprovedDocumentsTest">
        <test-method is-config="true" signature="setup()[pri:0, instance:POD2_ProviderDataPU.valid.GetApprovedDocumentsTest@47542153]" started-at="2025-07-15T17:45:10 IST" name="setup" finished-at="2025-07-15T17:45:10 IST" duration-ms="0" status="FAIL">
          <exception class="java.lang.RuntimeException">
            <message>
              <![CDATA[Test data setup failed]]>
            </message>
            <full-stacktrace>
              <![CDATA[java.lang.RuntimeException: Test data setup failed
at com.dyp.base.BaseTest.setupPodTestData(BaseTest.java:90)
at POD2_ProviderDataPU.valid.GetApprovedDocumentsTest.setup(GetApprovedDocumentsTest.java:38)
at java.base/jdk.internal.reflect.DirectMethodHandleAccessor.invoke(DirectMethodHandleAccessor.java:103)
at java.base/java.lang.reflect.Method.invoke(Method.java:580)
at org.testng.internal.MethodInvocationHelper.invokeMethod(MethodInvocationHelper.java:133)
at org.testng.internal.MethodInvocationHelper.invokeMethodConsideringTimeout(MethodInvocationHelper.java:62)
at org.testng.internal.ConfigInvoker.invokeConfigurationMethod(ConfigInvoker.java:385)
at org.testng.internal.ConfigInvoker.invokeConfigurations(ConfigInvoker.java:321)
at org.testng.internal.TestMethodWorker.invokeBeforeClassMethods(TestMethodWorker.java:176)
at org.testng.internal.TestMethodWorker.run(TestMethodWorker.java:122)
at java.base/java.util.ArrayList.forEach(ArrayList.java:1597)
at org.testng.TestRunner.privateRun(TestRunner.java:794)
at org.testng.TestRunner.run(TestRunner.java:596)
at org.testng.SuiteRunner.runTest(SuiteRunner.java:377)
at org.testng.SuiteRunner.runSequentially(SuiteRunner.java:371)
at org.testng.SuiteRunner.privateRun(SuiteRunner.java:332)
at org.testng.SuiteRunner.run(SuiteRunner.java:276)
at org.testng.SuiteRunnerWorker.runSuite(SuiteRunnerWorker.java:53)
at org.testng.SuiteRunnerWorker.run(SuiteRunnerWorker.java:96)
at org.testng.TestNG.runSuitesSequentially(TestNG.java:1212)
at org.testng.TestNG.runSuitesLocally(TestNG.java:1134)
at org.testng.TestNG.runSuites(TestNG.java:1063)
at org.testng.TestNG.run(TestNG.java:1031)
at org.apache.maven.surefire.testng.TestNGExecutor.run(TestNGExecutor.java:155)
at org.apache.maven.surefire.testng.TestNGDirectoryTestSuite.executeMulti(TestNGDirectoryTestSuite.java:169)
at org.apache.maven.surefire.testng.TestNGDirectoryTestSuite.execute(TestNGDirectoryTestSuite.java:88)
at org.apache.maven.surefire.testng.TestNGProvider.invoke(TestNGProvider.java:137)
at org.apache.maven.surefire.booter.ForkedBooter.runSuitesInProcess(ForkedBooter.java:385)
at org.apache.maven.surefire.booter.ForkedBooter.execute(ForkedBooter.java:162)
at org.apache.maven.surefire.booter.ForkedBooter.run(ForkedBooter.java:507)
at org.apache.maven.surefire.booter.ForkedBooter.main(ForkedBooter.java:495)
Caused by: java.io.IOException: Test data file not found: testdata/POD2_ProviderDataPU.json
at com.dyp.base.TestDataUtil.loadTestData(TestDataUtil.java:19)
at com.dyp.base.BaseTest.setupPodTestData(BaseTest.java:87)
... 30 more
]]>
            </full-stacktrace>
          </exception> <!-- java.lang.RuntimeException -->
          <reporter-output>
          </reporter-output>
        </test-method> <!-- setup -->
        <test-method is-config="true" signature="setupClass()[pri:0, instance:POD2_ProviderDataPU.valid.GetApprovedDocumentsTest@47542153]" started-at="2025-07-15T17:45:10 IST" name="setupClass" finished-at="2025-07-15T17:45:10 IST" duration-ms="0" status="PASS">
          <reporter-output>
          </reporter-output>
        </test-method> <!-- setupClass -->
        <test-method is-config="true" signature="beforeMethod()[pri:0, instance:POD2_ProviderDataPU.valid.GetApprovedDocumentsTest@47542153]" started-at="2025-07-15T17:45:10 IST" name="beforeMethod" finished-at="1970-01-01T05:30:00 IST" duration-ms="-1752581710780" status="SKIP">
          <reporter-output>
          </reporter-output>
        </test-method> <!-- beforeMethod -->
        <test-method signature="testGetApprovedDocuments()[pri:0, instance:POD2_ProviderDataPU.valid.GetApprovedDocumentsTest@47542153]" started-at="2025-07-15T17:45:10 IST" name="testGetApprovedDocuments" finished-at="2025-07-15T17:45:10 IST" duration-ms="0" status="SKIP">
          <exception class="java.lang.RuntimeException">
            <message>
              <![CDATA[Test data setup failed]]>
            </message>
            <full-stacktrace>
              <![CDATA[java.lang.RuntimeException: Test data setup failed
at com.dyp.base.BaseTest.setupPodTestData(BaseTest.java:90)
at POD2_ProviderDataPU.valid.GetApprovedDocumentsTest.setup(GetApprovedDocumentsTest.java:38)
at java.base/jdk.internal.reflect.DirectMethodHandleAccessor.invoke(DirectMethodHandleAccessor.java:103)
at java.base/java.lang.reflect.Method.invoke(Method.java:580)
at org.testng.internal.MethodInvocationHelper.invokeMethod(MethodInvocationHelper.java:133)
at org.testng.internal.MethodInvocationHelper.invokeMethodConsideringTimeout(MethodInvocationHelper.java:62)
at org.testng.internal.ConfigInvoker.invokeConfigurationMethod(ConfigInvoker.java:385)
at org.testng.internal.ConfigInvoker.invokeConfigurations(ConfigInvoker.java:321)
at org.testng.internal.TestMethodWorker.invokeBeforeClassMethods(TestMethodWorker.java:176)
at org.testng.internal.TestMethodWorker.run(TestMethodWorker.java:122)
at java.base/java.util.ArrayList.forEach(ArrayList.java:1597)
at org.testng.TestRunner.privateRun(TestRunner.java:794)
at org.testng.TestRunner.run(TestRunner.java:596)
at org.testng.SuiteRunner.runTest(SuiteRunner.java:377)
at org.testng.SuiteRunner.runSequentially(SuiteRunner.java:371)
at org.testng.SuiteRunner.privateRun(SuiteRunner.java:332)
at org.testng.SuiteRunner.run(SuiteRunner.java:276)
at org.testng.SuiteRunnerWorker.runSuite(SuiteRunnerWorker.java:53)
at org.testng.SuiteRunnerWorker.run(SuiteRunnerWorker.java:96)
at org.testng.TestNG.runSuitesSequentially(TestNG.java:1212)
at org.testng.TestNG.runSuitesLocally(TestNG.java:1134)
at org.testng.TestNG.runSuites(TestNG.java:1063)
at org.testng.TestNG.run(TestNG.java:1031)
at org.apache.maven.surefire.testng.TestNGExecutor.run(TestNGExecutor.java:155)
at org.apache.maven.surefire.testng.TestNGDirectoryTestSuite.executeMulti(TestNGDirectoryTestSuite.java:169)
at org.apache.maven.surefire.testng.TestNGDirectoryTestSuite.execute(TestNGDirectoryTestSuite.java:88)
at org.apache.maven.surefire.testng.TestNGProvider.invoke(TestNGProvider.java:137)
at org.apache.maven.surefire.booter.ForkedBooter.runSuitesInProcess(ForkedBooter.java:385)
at org.apache.maven.surefire.booter.ForkedBooter.execute(ForkedBooter.java:162)
at org.apache.maven.surefire.booter.ForkedBooter.run(ForkedBooter.java:507)
at org.apache.maven.surefire.booter.ForkedBooter.main(ForkedBooter.java:495)
Caused by: java.io.IOException: Test data file not found: testdata/POD2_ProviderDataPU.json
at com.dyp.base.TestDataUtil.loadTestData(TestDataUtil.java:19)
at com.dyp.base.BaseTest.setupPodTestData(BaseTest.java:87)
... 30 more
]]>
            </full-stacktrace>
          </exception> <!-- java.lang.RuntimeException -->
          <reporter-output>
          </reporter-output>
        </test-method> <!-- testGetApprovedDocuments -->
        <test-method is-config="true" signature="afterMethod()[pri:0, instance:POD2_ProviderDataPU.valid.GetApprovedDocumentsTest@47542153]" started-at="2025-07-15T17:45:10 IST" name="afterMethod" finished-at="1970-01-01T05:30:00 IST" duration-ms="-1752581710781" status="SKIP">
          <reporter-output>
          </reporter-output>
        </test-method> <!-- afterMethod -->
        <test-method is-config="true" signature="cleanupClass()[pri:0, instance:POD2_ProviderDataPU.valid.GetApprovedDocumentsTest@47542153]" started-at="2025-07-15T17:45:10 IST" name="cleanupClass" finished-at="1970-01-01T05:30:00 IST" duration-ms="-1752581710781" status="SKIP">
          <reporter-output>
          </reporter-output>
        </test-method> <!-- cleanupClass -->
      </class> <!-- POD2_ProviderDataPU.valid.GetApprovedDocumentsTest -->
      <class name="POD3_ProviderDataIU.invalid.ProviderLocationProviderIdNegativeTest">
        <test-method is-config="true" signature="setupClass()[pri:0, instance:POD3_ProviderDataIU.invalid.ProviderLocationProviderIdNegativeTest@71b1176b]" started-at="2025-07-15T17:45:10 IST" name="setupClass" finished-at="2025-07-15T17:45:10 IST" duration-ms="1" status="PASS">
          <reporter-output>
          </reporter-output>
        </test-method> <!-- setupClass -->
        <test-method is-config="true" signature="setup()[pri:0, instance:POD3_ProviderDataIU.invalid.ProviderLocationProviderIdNegativeTest@71b1176b]" started-at="2025-07-15T17:45:10 IST" name="setup" finished-at="2025-07-15T17:45:10 IST" duration-ms="0" status="FAIL">
          <exception class="java.lang.RuntimeException">
            <message>
              <![CDATA[Test data setup failed]]>
            </message>
            <full-stacktrace>
              <![CDATA[java.lang.RuntimeException: Test data setup failed
at com.dyp.base.BaseTest.setupPodTestData(BaseTest.java:90)
at POD3_ProviderDataIU.invalid.ProviderLocationProviderIdNegativeTest.setup(ProviderLocationProviderIdNegativeTest.java:38)
at java.base/jdk.internal.reflect.DirectMethodHandleAccessor.invoke(DirectMethodHandleAccessor.java:103)
at java.base/java.lang.reflect.Method.invoke(Method.java:580)
at org.testng.internal.MethodInvocationHelper.invokeMethod(MethodInvocationHelper.java:133)
at org.testng.internal.MethodInvocationHelper.invokeMethodConsideringTimeout(MethodInvocationHelper.java:62)
at org.testng.internal.ConfigInvoker.invokeConfigurationMethod(ConfigInvoker.java:385)
at org.testng.internal.ConfigInvoker.invokeConfigurations(ConfigInvoker.java:321)
at org.testng.internal.TestMethodWorker.invokeBeforeClassMethods(TestMethodWorker.java:176)
at org.testng.internal.TestMethodWorker.run(TestMethodWorker.java:122)
at java.base/java.util.ArrayList.forEach(ArrayList.java:1597)
at org.testng.TestRunner.privateRun(TestRunner.java:794)
at org.testng.TestRunner.run(TestRunner.java:596)
at org.testng.SuiteRunner.runTest(SuiteRunner.java:377)
at org.testng.SuiteRunner.runSequentially(SuiteRunner.java:371)
at org.testng.SuiteRunner.privateRun(SuiteRunner.java:332)
at org.testng.SuiteRunner.run(SuiteRunner.java:276)
at org.testng.SuiteRunnerWorker.runSuite(SuiteRunnerWorker.java:53)
at org.testng.SuiteRunnerWorker.run(SuiteRunnerWorker.java:96)
at org.testng.TestNG.runSuitesSequentially(TestNG.java:1212)
at org.testng.TestNG.runSuitesLocally(TestNG.java:1134)
at org.testng.TestNG.runSuites(TestNG.java:1063)
at org.testng.TestNG.run(TestNG.java:1031)
at org.apache.maven.surefire.testng.TestNGExecutor.run(TestNGExecutor.java:155)
at org.apache.maven.surefire.testng.TestNGDirectoryTestSuite.executeMulti(TestNGDirectoryTestSuite.java:169)
at org.apache.maven.surefire.testng.TestNGDirectoryTestSuite.execute(TestNGDirectoryTestSuite.java:88)
at org.apache.maven.surefire.testng.TestNGProvider.invoke(TestNGProvider.java:137)
at org.apache.maven.surefire.booter.ForkedBooter.runSuitesInProcess(ForkedBooter.java:385)
at org.apache.maven.surefire.booter.ForkedBooter.execute(ForkedBooter.java:162)
at org.apache.maven.surefire.booter.ForkedBooter.run(ForkedBooter.java:507)
at org.apache.maven.surefire.booter.ForkedBooter.main(ForkedBooter.java:495)
Caused by: java.io.IOException: Test data file not found: testdata/POD3_ProviderDataIU.json
at com.dyp.base.TestDataUtil.loadTestData(TestDataUtil.java:19)
at com.dyp.base.BaseTest.setupPodTestData(BaseTest.java:87)
... 30 more
]]>
            </full-stacktrace>
          </exception> <!-- java.lang.RuntimeException -->
          <reporter-output>
          </reporter-output>
        </test-method> <!-- setup -->
        <test-method is-config="true" signature="beforeMethod()[pri:0, instance:POD3_ProviderDataIU.invalid.ProviderLocationProviderIdNegativeTest@71b1176b]" started-at="2025-07-15T17:45:10 IST" name="beforeMethod" finished-at="1970-01-01T05:30:00 IST" duration-ms="-1752581710816" status="SKIP">
          <reporter-output>
          </reporter-output>
        </test-method> <!-- beforeMethod -->
        <test-method is-config="true" signature="cleanupClass()[pri:0, instance:POD3_ProviderDataIU.invalid.ProviderLocationProviderIdNegativeTest@71b1176b]" started-at="2025-07-15T17:45:10 IST" name="cleanupClass" finished-at="1970-01-01T05:30:00 IST" duration-ms="-1752581710817" status="SKIP">
          <reporter-output>
          </reporter-output>
        </test-method> <!-- cleanupClass -->
        <test-method is-config="true" signature="afterMethod()[pri:0, instance:POD3_ProviderDataIU.invalid.ProviderLocationProviderIdNegativeTest@71b1176b]" started-at="2025-07-15T17:45:10 IST" name="afterMethod" finished-at="1970-01-01T05:30:00 IST" duration-ms="-1752581710817" status="SKIP">
          <reporter-output>
          </reporter-output>
        </test-method> <!-- afterMethod -->
        <test-method signature="testProviderLocationProviderIdWithInvalidParameters()[pri:0, instance:POD3_ProviderDataIU.invalid.ProviderLocationProviderIdNegativeTest@71b1176b]" started-at="2025-07-15T17:45:10 IST" name="testProviderLocationProviderIdWithInvalidParameters" finished-at="2025-07-15T17:45:10 IST" duration-ms="0" status="SKIP">
          <exception class="java.lang.RuntimeException">
            <message>
              <![CDATA[Test data setup failed]]>
            </message>
            <full-stacktrace>
              <![CDATA[java.lang.RuntimeException: Test data setup failed
at com.dyp.base.BaseTest.setupPodTestData(BaseTest.java:90)
at POD3_ProviderDataIU.invalid.ProviderLocationProviderIdNegativeTest.setup(ProviderLocationProviderIdNegativeTest.java:38)
at java.base/jdk.internal.reflect.DirectMethodHandleAccessor.invoke(DirectMethodHandleAccessor.java:103)
at java.base/java.lang.reflect.Method.invoke(Method.java:580)
at org.testng.internal.MethodInvocationHelper.invokeMethod(MethodInvocationHelper.java:133)
at org.testng.internal.MethodInvocationHelper.invokeMethodConsideringTimeout(MethodInvocationHelper.java:62)
at org.testng.internal.ConfigInvoker.invokeConfigurationMethod(ConfigInvoker.java:385)
at org.testng.internal.ConfigInvoker.invokeConfigurations(ConfigInvoker.java:321)
at org.testng.internal.TestMethodWorker.invokeBeforeClassMethods(TestMethodWorker.java:176)
at org.testng.internal.TestMethodWorker.run(TestMethodWorker.java:122)
at java.base/java.util.ArrayList.forEach(ArrayList.java:1597)
at org.testng.TestRunner.privateRun(TestRunner.java:794)
at org.testng.TestRunner.run(TestRunner.java:596)
at org.testng.SuiteRunner.runTest(SuiteRunner.java:377)
at org.testng.SuiteRunner.runSequentially(SuiteRunner.java:371)
at org.testng.SuiteRunner.privateRun(SuiteRunner.java:332)
at org.testng.SuiteRunner.run(SuiteRunner.java:276)
at org.testng.SuiteRunnerWorker.runSuite(SuiteRunnerWorker.java:53)
at org.testng.SuiteRunnerWorker.run(SuiteRunnerWorker.java:96)
at org.testng.TestNG.runSuitesSequentially(TestNG.java:1212)
at org.testng.TestNG.runSuitesLocally(TestNG.java:1134)
at org.testng.TestNG.runSuites(TestNG.java:1063)
at org.testng.TestNG.run(TestNG.java:1031)
at org.apache.maven.surefire.testng.TestNGExecutor.run(TestNGExecutor.java:155)
at org.apache.maven.surefire.testng.TestNGDirectoryTestSuite.executeMulti(TestNGDirectoryTestSuite.java:169)
at org.apache.maven.surefire.testng.TestNGDirectoryTestSuite.execute(TestNGDirectoryTestSuite.java:88)
at org.apache.maven.surefire.testng.TestNGProvider.invoke(TestNGProvider.java:137)
at org.apache.maven.surefire.booter.ForkedBooter.runSuitesInProcess(ForkedBooter.java:385)
at org.apache.maven.surefire.booter.ForkedBooter.execute(ForkedBooter.java:162)
at org.apache.maven.surefire.booter.ForkedBooter.run(ForkedBooter.java:507)
at org.apache.maven.surefire.booter.ForkedBooter.main(ForkedBooter.java:495)
Caused by: java.io.IOException: Test data file not found: testdata/POD3_ProviderDataIU.json
at com.dyp.base.TestDataUtil.loadTestData(TestDataUtil.java:19)
at com.dyp.base.BaseTest.setupPodTestData(BaseTest.java:87)
... 30 more
]]>
            </full-stacktrace>
          </exception> <!-- java.lang.RuntimeException -->
          <reporter-output>
          </reporter-output>
        </test-method> <!-- testProviderLocationProviderIdWithInvalidParameters -->
      </class> <!-- POD3_ProviderDataIU.invalid.ProviderLocationProviderIdNegativeTest -->
      <class name="POD3_ProviderDataIU.valid.ProviderLocationProviderIdTest">
        <test-method is-config="true" signature="setup()[pri:0, instance:POD3_ProviderDataIU.valid.ProviderLocationProviderIdTest@6d2a209c]" started-at="2025-07-15T17:45:10 IST" name="setup" finished-at="2025-07-15T17:45:10 IST" duration-ms="0" status="FAIL">
          <exception class="java.lang.RuntimeException">
            <message>
              <![CDATA[Test data setup failed]]>
            </message>
            <full-stacktrace>
              <![CDATA[java.lang.RuntimeException: Test data setup failed
at com.dyp.base.BaseTest.setupPodTestData(BaseTest.java:90)
at POD3_ProviderDataIU.valid.ProviderLocationProviderIdTest.setup(ProviderLocationProviderIdTest.java:38)
at java.base/jdk.internal.reflect.DirectMethodHandleAccessor.invoke(DirectMethodHandleAccessor.java:103)
at java.base/java.lang.reflect.Method.invoke(Method.java:580)
at org.testng.internal.MethodInvocationHelper.invokeMethod(MethodInvocationHelper.java:133)
at org.testng.internal.MethodInvocationHelper.invokeMethodConsideringTimeout(MethodInvocationHelper.java:62)
at org.testng.internal.ConfigInvoker.invokeConfigurationMethod(ConfigInvoker.java:385)
at org.testng.internal.ConfigInvoker.invokeConfigurations(ConfigInvoker.java:321)
at org.testng.internal.TestMethodWorker.invokeBeforeClassMethods(TestMethodWorker.java:176)
at org.testng.internal.TestMethodWorker.run(TestMethodWorker.java:122)
at java.base/java.util.ArrayList.forEach(ArrayList.java:1597)
at org.testng.TestRunner.privateRun(TestRunner.java:794)
at org.testng.TestRunner.run(TestRunner.java:596)
at org.testng.SuiteRunner.runTest(SuiteRunner.java:377)
at org.testng.SuiteRunner.runSequentially(SuiteRunner.java:371)
at org.testng.SuiteRunner.privateRun(SuiteRunner.java:332)
at org.testng.SuiteRunner.run(SuiteRunner.java:276)
at org.testng.SuiteRunnerWorker.runSuite(SuiteRunnerWorker.java:53)
at org.testng.SuiteRunnerWorker.run(SuiteRunnerWorker.java:96)
at org.testng.TestNG.runSuitesSequentially(TestNG.java:1212)
at org.testng.TestNG.runSuitesLocally(TestNG.java:1134)
at org.testng.TestNG.runSuites(TestNG.java:1063)
at org.testng.TestNG.run(TestNG.java:1031)
at org.apache.maven.surefire.testng.TestNGExecutor.run(TestNGExecutor.java:155)
at org.apache.maven.surefire.testng.TestNGDirectoryTestSuite.executeMulti(TestNGDirectoryTestSuite.java:169)
at org.apache.maven.surefire.testng.TestNGDirectoryTestSuite.execute(TestNGDirectoryTestSuite.java:88)
at org.apache.maven.surefire.testng.TestNGProvider.invoke(TestNGProvider.java:137)
at org.apache.maven.surefire.booter.ForkedBooter.runSuitesInProcess(ForkedBooter.java:385)
at org.apache.maven.surefire.booter.ForkedBooter.execute(ForkedBooter.java:162)
at org.apache.maven.surefire.booter.ForkedBooter.run(ForkedBooter.java:507)
at org.apache.maven.surefire.booter.ForkedBooter.main(ForkedBooter.java:495)
Caused by: java.io.IOException: Test data file not found: testdata/POD3_ProviderDataIU.json
at com.dyp.base.TestDataUtil.loadTestData(TestDataUtil.java:19)
at com.dyp.base.BaseTest.setupPodTestData(BaseTest.java:87)
... 30 more
]]>
            </full-stacktrace>
          </exception> <!-- java.lang.RuntimeException -->
          <reporter-output>
          </reporter-output>
        </test-method> <!-- setup -->
        <test-method is-config="true" signature="setupClass()[pri:0, instance:POD3_ProviderDataIU.valid.ProviderLocationProviderIdTest@6d2a209c]" started-at="2025-07-15T17:45:10 IST" name="setupClass" finished-at="2025-07-15T17:45:10 IST" duration-ms="0" status="PASS">
          <reporter-output>
          </reporter-output>
        </test-method> <!-- setupClass -->
        <test-method is-config="true" signature="cleanupClass()[pri:0, instance:POD3_ProviderDataIU.valid.ProviderLocationProviderIdTest@6d2a209c]" started-at="2025-07-15T17:45:10 IST" name="cleanupClass" finished-at="1970-01-01T05:30:00 IST" duration-ms="-1752581710839" status="SKIP">
          <reporter-output>
          </reporter-output>
        </test-method> <!-- cleanupClass -->
        <test-method is-config="true" signature="afterMethod()[pri:0, instance:POD3_ProviderDataIU.valid.ProviderLocationProviderIdTest@6d2a209c]" started-at="2025-07-15T17:45:10 IST" name="afterMethod" finished-at="1970-01-01T05:30:00 IST" duration-ms="-1752581710839" status="SKIP">
          <reporter-output>
          </reporter-output>
        </test-method> <!-- afterMethod -->
        <test-method signature="testProviderLocationProviderId()[pri:0, instance:POD3_ProviderDataIU.valid.ProviderLocationProviderIdTest@6d2a209c]" started-at="2025-07-15T17:45:10 IST" name="testProviderLocationProviderId" finished-at="2025-07-15T17:45:10 IST" duration-ms="0" status="SKIP">
          <exception class="java.lang.RuntimeException">
            <message>
              <![CDATA[Test data setup failed]]>
            </message>
            <full-stacktrace>
              <![CDATA[java.lang.RuntimeException: Test data setup failed
at com.dyp.base.BaseTest.setupPodTestData(BaseTest.java:90)
at POD3_ProviderDataIU.valid.ProviderLocationProviderIdTest.setup(ProviderLocationProviderIdTest.java:38)
at java.base/jdk.internal.reflect.DirectMethodHandleAccessor.invoke(DirectMethodHandleAccessor.java:103)
at java.base/java.lang.reflect.Method.invoke(Method.java:580)
at org.testng.internal.MethodInvocationHelper.invokeMethod(MethodInvocationHelper.java:133)
at org.testng.internal.MethodInvocationHelper.invokeMethodConsideringTimeout(MethodInvocationHelper.java:62)
at org.testng.internal.ConfigInvoker.invokeConfigurationMethod(ConfigInvoker.java:385)
at org.testng.internal.ConfigInvoker.invokeConfigurations(ConfigInvoker.java:321)
at org.testng.internal.TestMethodWorker.invokeBeforeClassMethods(TestMethodWorker.java:176)
at org.testng.internal.TestMethodWorker.run(TestMethodWorker.java:122)
at java.base/java.util.ArrayList.forEach(ArrayList.java:1597)
at org.testng.TestRunner.privateRun(TestRunner.java:794)
at org.testng.TestRunner.run(TestRunner.java:596)
at org.testng.SuiteRunner.runTest(SuiteRunner.java:377)
at org.testng.SuiteRunner.runSequentially(SuiteRunner.java:371)
at org.testng.SuiteRunner.privateRun(SuiteRunner.java:332)
at org.testng.SuiteRunner.run(SuiteRunner.java:276)
at org.testng.SuiteRunnerWorker.runSuite(SuiteRunnerWorker.java:53)
at org.testng.SuiteRunnerWorker.run(SuiteRunnerWorker.java:96)
at org.testng.TestNG.runSuitesSequentially(TestNG.java:1212)
at org.testng.TestNG.runSuitesLocally(TestNG.java:1134)
at org.testng.TestNG.runSuites(TestNG.java:1063)
at org.testng.TestNG.run(TestNG.java:1031)
at org.apache.maven.surefire.testng.TestNGExecutor.run(TestNGExecutor.java:155)
at org.apache.maven.surefire.testng.TestNGDirectoryTestSuite.executeMulti(TestNGDirectoryTestSuite.java:169)
at org.apache.maven.surefire.testng.TestNGDirectoryTestSuite.execute(TestNGDirectoryTestSuite.java:88)
at org.apache.maven.surefire.testng.TestNGProvider.invoke(TestNGProvider.java:137)
at org.apache.maven.surefire.booter.ForkedBooter.runSuitesInProcess(ForkedBooter.java:385)
at org.apache.maven.surefire.booter.ForkedBooter.execute(ForkedBooter.java:162)
at org.apache.maven.surefire.booter.ForkedBooter.run(ForkedBooter.java:507)
at org.apache.maven.surefire.booter.ForkedBooter.main(ForkedBooter.java:495)
Caused by: java.io.IOException: Test data file not found: testdata/POD3_ProviderDataIU.json
at com.dyp.base.TestDataUtil.loadTestData(TestDataUtil.java:19)
at com.dyp.base.BaseTest.setupPodTestData(BaseTest.java:87)
... 30 more
]]>
            </full-stacktrace>
          </exception> <!-- java.lang.RuntimeException -->
          <reporter-output>
          </reporter-output>
        </test-method> <!-- testProviderLocationProviderId -->
        <test-method is-config="true" signature="beforeMethod()[pri:0, instance:POD3_ProviderDataIU.valid.ProviderLocationProviderIdTest@6d2a209c]" started-at="2025-07-15T17:45:10 IST" name="beforeMethod" finished-at="1970-01-01T05:30:00 IST" duration-ms="-1752581710839" status="SKIP">
          <reporter-output>
          </reporter-output>
        </test-method> <!-- beforeMethod -->
      </class> <!-- POD3_ProviderDataIU.valid.ProviderLocationProviderIdTest -->
      <class name="POD3_ProviderDataIU.invalid.ProviderLocationNegativeTest">
        <test-method is-config="true" signature="setupClass()[pri:0, instance:POD3_ProviderDataIU.invalid.ProviderLocationNegativeTest@769e7ee8]" started-at="2025-07-15T17:45:10 IST" name="setupClass" finished-at="2025-07-15T17:45:10 IST" duration-ms="0" status="PASS">
          <reporter-output>
          </reporter-output>
        </test-method> <!-- setupClass -->
        <test-method is-config="true" signature="setup()[pri:0, instance:POD3_ProviderDataIU.invalid.ProviderLocationNegativeTest@769e7ee8]" started-at="2025-07-15T17:45:10 IST" name="setup" finished-at="2025-07-15T17:45:10 IST" duration-ms="0" status="FAIL">
          <exception class="java.lang.RuntimeException">
            <message>
              <![CDATA[Test data setup failed]]>
            </message>
            <full-stacktrace>
              <![CDATA[java.lang.RuntimeException: Test data setup failed
at com.dyp.base.BaseTest.setupPodTestData(BaseTest.java:90)
at POD3_ProviderDataIU.invalid.ProviderLocationNegativeTest.setup(ProviderLocationNegativeTest.java:38)
at java.base/jdk.internal.reflect.DirectMethodHandleAccessor.invoke(DirectMethodHandleAccessor.java:103)
at java.base/java.lang.reflect.Method.invoke(Method.java:580)
at org.testng.internal.MethodInvocationHelper.invokeMethod(MethodInvocationHelper.java:133)
at org.testng.internal.MethodInvocationHelper.invokeMethodConsideringTimeout(MethodInvocationHelper.java:62)
at org.testng.internal.ConfigInvoker.invokeConfigurationMethod(ConfigInvoker.java:385)
at org.testng.internal.ConfigInvoker.invokeConfigurations(ConfigInvoker.java:321)
at org.testng.internal.TestMethodWorker.invokeBeforeClassMethods(TestMethodWorker.java:176)
at org.testng.internal.TestMethodWorker.run(TestMethodWorker.java:122)
at java.base/java.util.ArrayList.forEach(ArrayList.java:1597)
at org.testng.TestRunner.privateRun(TestRunner.java:794)
at org.testng.TestRunner.run(TestRunner.java:596)
at org.testng.SuiteRunner.runTest(SuiteRunner.java:377)
at org.testng.SuiteRunner.runSequentially(SuiteRunner.java:371)
at org.testng.SuiteRunner.privateRun(SuiteRunner.java:332)
at org.testng.SuiteRunner.run(SuiteRunner.java:276)
at org.testng.SuiteRunnerWorker.runSuite(SuiteRunnerWorker.java:53)
at org.testng.SuiteRunnerWorker.run(SuiteRunnerWorker.java:96)
at org.testng.TestNG.runSuitesSequentially(TestNG.java:1212)
at org.testng.TestNG.runSuitesLocally(TestNG.java:1134)
at org.testng.TestNG.runSuites(TestNG.java:1063)
at org.testng.TestNG.run(TestNG.java:1031)
at org.apache.maven.surefire.testng.TestNGExecutor.run(TestNGExecutor.java:155)
at org.apache.maven.surefire.testng.TestNGDirectoryTestSuite.executeMulti(TestNGDirectoryTestSuite.java:169)
at org.apache.maven.surefire.testng.TestNGDirectoryTestSuite.execute(TestNGDirectoryTestSuite.java:88)
at org.apache.maven.surefire.testng.TestNGProvider.invoke(TestNGProvider.java:137)
at org.apache.maven.surefire.booter.ForkedBooter.runSuitesInProcess(ForkedBooter.java:385)
at org.apache.maven.surefire.booter.ForkedBooter.execute(ForkedBooter.java:162)
at org.apache.maven.surefire.booter.ForkedBooter.run(ForkedBooter.java:507)
at org.apache.maven.surefire.booter.ForkedBooter.main(ForkedBooter.java:495)
Caused by: java.io.IOException: Test data file not found: testdata/POD3_ProviderDataIU.json
at com.dyp.base.TestDataUtil.loadTestData(TestDataUtil.java:19)
at com.dyp.base.BaseTest.setupPodTestData(BaseTest.java:87)
... 30 more
]]>
            </full-stacktrace>
          </exception> <!-- java.lang.RuntimeException -->
          <reporter-output>
          </reporter-output>
        </test-method> <!-- setup -->
        <test-method signature="testProviderLocationWithInvalidParameters()[pri:0, instance:POD3_ProviderDataIU.invalid.ProviderLocationNegativeTest@769e7ee8]" started-at="2025-07-15T17:45:10 IST" name="testProviderLocationWithInvalidParameters" finished-at="2025-07-15T17:45:10 IST" duration-ms="0" status="SKIP">
          <exception class="java.lang.RuntimeException">
            <message>
              <![CDATA[Test data setup failed]]>
            </message>
            <full-stacktrace>
              <![CDATA[java.lang.RuntimeException: Test data setup failed
at com.dyp.base.BaseTest.setupPodTestData(BaseTest.java:90)
at POD3_ProviderDataIU.invalid.ProviderLocationNegativeTest.setup(ProviderLocationNegativeTest.java:38)
at java.base/jdk.internal.reflect.DirectMethodHandleAccessor.invoke(DirectMethodHandleAccessor.java:103)
at java.base/java.lang.reflect.Method.invoke(Method.java:580)
at org.testng.internal.MethodInvocationHelper.invokeMethod(MethodInvocationHelper.java:133)
at org.testng.internal.MethodInvocationHelper.invokeMethodConsideringTimeout(MethodInvocationHelper.java:62)
at org.testng.internal.ConfigInvoker.invokeConfigurationMethod(ConfigInvoker.java:385)
at org.testng.internal.ConfigInvoker.invokeConfigurations(ConfigInvoker.java:321)
at org.testng.internal.TestMethodWorker.invokeBeforeClassMethods(TestMethodWorker.java:176)
at org.testng.internal.TestMethodWorker.run(TestMethodWorker.java:122)
at java.base/java.util.ArrayList.forEach(ArrayList.java:1597)
at org.testng.TestRunner.privateRun(TestRunner.java:794)
at org.testng.TestRunner.run(TestRunner.java:596)
at org.testng.SuiteRunner.runTest(SuiteRunner.java:377)
at org.testng.SuiteRunner.runSequentially(SuiteRunner.java:371)
at org.testng.SuiteRunner.privateRun(SuiteRunner.java:332)
at org.testng.SuiteRunner.run(SuiteRunner.java:276)
at org.testng.SuiteRunnerWorker.runSuite(SuiteRunnerWorker.java:53)
at org.testng.SuiteRunnerWorker.run(SuiteRunnerWorker.java:96)
at org.testng.TestNG.runSuitesSequentially(TestNG.java:1212)
at org.testng.TestNG.runSuitesLocally(TestNG.java:1134)
at org.testng.TestNG.runSuites(TestNG.java:1063)
at org.testng.TestNG.run(TestNG.java:1031)
at org.apache.maven.surefire.testng.TestNGExecutor.run(TestNGExecutor.java:155)
at org.apache.maven.surefire.testng.TestNGDirectoryTestSuite.executeMulti(TestNGDirectoryTestSuite.java:169)
at org.apache.maven.surefire.testng.TestNGDirectoryTestSuite.execute(TestNGDirectoryTestSuite.java:88)
at org.apache.maven.surefire.testng.TestNGProvider.invoke(TestNGProvider.java:137)
at org.apache.maven.surefire.booter.ForkedBooter.runSuitesInProcess(ForkedBooter.java:385)
at org.apache.maven.surefire.booter.ForkedBooter.execute(ForkedBooter.java:162)
at org.apache.maven.surefire.booter.ForkedBooter.run(ForkedBooter.java:507)
at org.apache.maven.surefire.booter.ForkedBooter.main(ForkedBooter.java:495)
Caused by: java.io.IOException: Test data file not found: testdata/POD3_ProviderDataIU.json
at com.dyp.base.TestDataUtil.loadTestData(TestDataUtil.java:19)
at com.dyp.base.BaseTest.setupPodTestData(BaseTest.java:87)
... 30 more
]]>
            </full-stacktrace>
          </exception> <!-- java.lang.RuntimeException -->
          <reporter-output>
          </reporter-output>
        </test-method> <!-- testProviderLocationWithInvalidParameters -->
        <test-method is-config="true" signature="afterMethod()[pri:0, instance:POD3_ProviderDataIU.invalid.ProviderLocationNegativeTest@769e7ee8]" started-at="2025-07-15T17:45:10 IST" name="afterMethod" finished-at="1970-01-01T05:30:00 IST" duration-ms="-1752581710814" status="SKIP">
          <reporter-output>
          </reporter-output>
        </test-method> <!-- afterMethod -->
        <test-method is-config="true" signature="beforeMethod()[pri:0, instance:POD3_ProviderDataIU.invalid.ProviderLocationNegativeTest@769e7ee8]" started-at="2025-07-15T17:45:10 IST" name="beforeMethod" finished-at="1970-01-01T05:30:00 IST" duration-ms="-1752581710814" status="SKIP">
          <reporter-output>
          </reporter-output>
        </test-method> <!-- beforeMethod -->
        <test-method is-config="true" signature="cleanupClass()[pri:0, instance:POD3_ProviderDataIU.invalid.ProviderLocationNegativeTest@769e7ee8]" started-at="2025-07-15T17:45:10 IST" name="cleanupClass" finished-at="1970-01-01T05:30:00 IST" duration-ms="-1752581710815" status="SKIP">
          <reporter-output>
          </reporter-output>
        </test-method> <!-- cleanupClass -->
      </class> <!-- POD3_ProviderDataIU.invalid.ProviderLocationNegativeTest -->
      <class name="POD3_ProviderDataIU.valid.AllProviderStatusTest">
        <test-method is-config="true" signature="setup()[pri:0, instance:POD3_ProviderDataIU.valid.AllProviderStatusTest@1ffe63b9]" started-at="2025-07-15T17:45:10 IST" name="setup" finished-at="2025-07-15T17:45:10 IST" duration-ms="1" status="FAIL">
          <exception class="java.lang.RuntimeException">
            <message>
              <![CDATA[Test data setup failed]]>
            </message>
            <full-stacktrace>
              <![CDATA[java.lang.RuntimeException: Test data setup failed
at com.dyp.base.BaseTest.setupPodTestData(BaseTest.java:90)
at POD3_ProviderDataIU.valid.AllProviderStatusTest.setup(AllProviderStatusTest.java:38)
at java.base/jdk.internal.reflect.DirectMethodHandleAccessor.invoke(DirectMethodHandleAccessor.java:103)
at java.base/java.lang.reflect.Method.invoke(Method.java:580)
at org.testng.internal.MethodInvocationHelper.invokeMethod(MethodInvocationHelper.java:133)
at org.testng.internal.MethodInvocationHelper.invokeMethodConsideringTimeout(MethodInvocationHelper.java:62)
at org.testng.internal.ConfigInvoker.invokeConfigurationMethod(ConfigInvoker.java:385)
at org.testng.internal.ConfigInvoker.invokeConfigurations(ConfigInvoker.java:321)
at org.testng.internal.TestMethodWorker.invokeBeforeClassMethods(TestMethodWorker.java:176)
at org.testng.internal.TestMethodWorker.run(TestMethodWorker.java:122)
at java.base/java.util.ArrayList.forEach(ArrayList.java:1597)
at org.testng.TestRunner.privateRun(TestRunner.java:794)
at org.testng.TestRunner.run(TestRunner.java:596)
at org.testng.SuiteRunner.runTest(SuiteRunner.java:377)
at org.testng.SuiteRunner.runSequentially(SuiteRunner.java:371)
at org.testng.SuiteRunner.privateRun(SuiteRunner.java:332)
at org.testng.SuiteRunner.run(SuiteRunner.java:276)
at org.testng.SuiteRunnerWorker.runSuite(SuiteRunnerWorker.java:53)
at org.testng.SuiteRunnerWorker.run(SuiteRunnerWorker.java:96)
at org.testng.TestNG.runSuitesSequentially(TestNG.java:1212)
at org.testng.TestNG.runSuitesLocally(TestNG.java:1134)
at org.testng.TestNG.runSuites(TestNG.java:1063)
at org.testng.TestNG.run(TestNG.java:1031)
at org.apache.maven.surefire.testng.TestNGExecutor.run(TestNGExecutor.java:155)
at org.apache.maven.surefire.testng.TestNGDirectoryTestSuite.executeMulti(TestNGDirectoryTestSuite.java:169)
at org.apache.maven.surefire.testng.TestNGDirectoryTestSuite.execute(TestNGDirectoryTestSuite.java:88)
at org.apache.maven.surefire.testng.TestNGProvider.invoke(TestNGProvider.java:137)
at org.apache.maven.surefire.booter.ForkedBooter.runSuitesInProcess(ForkedBooter.java:385)
at org.apache.maven.surefire.booter.ForkedBooter.execute(ForkedBooter.java:162)
at org.apache.maven.surefire.booter.ForkedBooter.run(ForkedBooter.java:507)
at org.apache.maven.surefire.booter.ForkedBooter.main(ForkedBooter.java:495)
Caused by: java.io.IOException: Test data file not found: testdata/POD3_ProviderDataIU.json
at com.dyp.base.TestDataUtil.loadTestData(TestDataUtil.java:19)
at com.dyp.base.BaseTest.setupPodTestData(BaseTest.java:87)
... 30 more
]]>
            </full-stacktrace>
          </exception> <!-- java.lang.RuntimeException -->
          <reporter-output>
          </reporter-output>
        </test-method> <!-- setup -->
        <test-method is-config="true" signature="setupClass()[pri:0, instance:POD3_ProviderDataIU.valid.AllProviderStatusTest@1ffe63b9]" started-at="2025-07-15T17:45:10 IST" name="setupClass" finished-at="2025-07-15T17:45:10 IST" duration-ms="0" status="PASS">
          <reporter-output>
          </reporter-output>
        </test-method> <!-- setupClass -->
        <test-method is-config="true" signature="beforeMethod()[pri:0, instance:POD3_ProviderDataIU.valid.AllProviderStatusTest@1ffe63b9]" started-at="2025-07-15T17:45:10 IST" name="beforeMethod" finished-at="1970-01-01T05:30:00 IST" duration-ms="-1752581710824" status="SKIP">
          <reporter-output>
          </reporter-output>
        </test-method> <!-- beforeMethod -->
        <test-method is-config="true" signature="afterMethod()[pri:0, instance:POD3_ProviderDataIU.valid.AllProviderStatusTest@1ffe63b9]" started-at="2025-07-15T17:45:10 IST" name="afterMethod" finished-at="1970-01-01T05:30:00 IST" duration-ms="-1752581710826" status="SKIP">
          <reporter-output>
          </reporter-output>
        </test-method> <!-- afterMethod -->
        <test-method is-config="true" signature="cleanupClass()[pri:0, instance:POD3_ProviderDataIU.valid.AllProviderStatusTest@1ffe63b9]" started-at="2025-07-15T17:45:10 IST" name="cleanupClass" finished-at="1970-01-01T05:30:00 IST" duration-ms="-1752581710826" status="SKIP">
          <reporter-output>
          </reporter-output>
        </test-method> <!-- cleanupClass -->
        <test-method signature="testAllProviderStatus()[pri:0, instance:POD3_ProviderDataIU.valid.AllProviderStatusTest@1ffe63b9]" started-at="2025-07-15T17:45:10 IST" name="testAllProviderStatus" finished-at="2025-07-15T17:45:10 IST" duration-ms="0" status="SKIP">
          <exception class="java.lang.RuntimeException">
            <message>
              <![CDATA[Test data setup failed]]>
            </message>
            <full-stacktrace>
              <![CDATA[java.lang.RuntimeException: Test data setup failed
at com.dyp.base.BaseTest.setupPodTestData(BaseTest.java:90)
at POD3_ProviderDataIU.valid.AllProviderStatusTest.setup(AllProviderStatusTest.java:38)
at java.base/jdk.internal.reflect.DirectMethodHandleAccessor.invoke(DirectMethodHandleAccessor.java:103)
at java.base/java.lang.reflect.Method.invoke(Method.java:580)
at org.testng.internal.MethodInvocationHelper.invokeMethod(MethodInvocationHelper.java:133)
at org.testng.internal.MethodInvocationHelper.invokeMethodConsideringTimeout(MethodInvocationHelper.java:62)
at org.testng.internal.ConfigInvoker.invokeConfigurationMethod(ConfigInvoker.java:385)
at org.testng.internal.ConfigInvoker.invokeConfigurations(ConfigInvoker.java:321)
at org.testng.internal.TestMethodWorker.invokeBeforeClassMethods(TestMethodWorker.java:176)
at org.testng.internal.TestMethodWorker.run(TestMethodWorker.java:122)
at java.base/java.util.ArrayList.forEach(ArrayList.java:1597)
at org.testng.TestRunner.privateRun(TestRunner.java:794)
at org.testng.TestRunner.run(TestRunner.java:596)
at org.testng.SuiteRunner.runTest(SuiteRunner.java:377)
at org.testng.SuiteRunner.runSequentially(SuiteRunner.java:371)
at org.testng.SuiteRunner.privateRun(SuiteRunner.java:332)
at org.testng.SuiteRunner.run(SuiteRunner.java:276)
at org.testng.SuiteRunnerWorker.runSuite(SuiteRunnerWorker.java:53)
at org.testng.SuiteRunnerWorker.run(SuiteRunnerWorker.java:96)
at org.testng.TestNG.runSuitesSequentially(TestNG.java:1212)
at org.testng.TestNG.runSuitesLocally(TestNG.java:1134)
at org.testng.TestNG.runSuites(TestNG.java:1063)
at org.testng.TestNG.run(TestNG.java:1031)
at org.apache.maven.surefire.testng.TestNGExecutor.run(TestNGExecutor.java:155)
at org.apache.maven.surefire.testng.TestNGDirectoryTestSuite.executeMulti(TestNGDirectoryTestSuite.java:169)
at org.apache.maven.surefire.testng.TestNGDirectoryTestSuite.execute(TestNGDirectoryTestSuite.java:88)
at org.apache.maven.surefire.testng.TestNGProvider.invoke(TestNGProvider.java:137)
at org.apache.maven.surefire.booter.ForkedBooter.runSuitesInProcess(ForkedBooter.java:385)
at org.apache.maven.surefire.booter.ForkedBooter.execute(ForkedBooter.java:162)
at org.apache.maven.surefire.booter.ForkedBooter.run(ForkedBooter.java:507)
at org.apache.maven.surefire.booter.ForkedBooter.main(ForkedBooter.java:495)
Caused by: java.io.IOException: Test data file not found: testdata/POD3_ProviderDataIU.json
at com.dyp.base.TestDataUtil.loadTestData(TestDataUtil.java:19)
at com.dyp.base.BaseTest.setupPodTestData(BaseTest.java:87)
... 30 more
]]>
            </full-stacktrace>
          </exception> <!-- java.lang.RuntimeException -->
          <reporter-output>
          </reporter-output>
        </test-method> <!-- testAllProviderStatus -->
      </class> <!-- POD3_ProviderDataIU.valid.AllProviderStatusTest -->
      <class name="POD2_ProviderDataPU.invalid.TimelineAPINegativeTest">
        <test-method is-config="true" signature="setup()[pri:0, instance:POD2_ProviderDataPU.invalid.TimelineAPINegativeTest@1fe20588]" started-at="2025-07-15T17:45:10 IST" name="setup" finished-at="2025-07-15T17:45:10 IST" duration-ms="0" status="FAIL">
          <exception class="java.lang.RuntimeException">
            <message>
              <![CDATA[Test data setup failed]]>
            </message>
            <full-stacktrace>
              <![CDATA[java.lang.RuntimeException: Test data setup failed
at com.dyp.base.BaseTest.setupPodTestData(BaseTest.java:90)
at POD2_ProviderDataPU.invalid.TimelineAPINegativeTest.setup(TimelineAPINegativeTest.java:38)
at java.base/jdk.internal.reflect.DirectMethodHandleAccessor.invoke(DirectMethodHandleAccessor.java:103)
at java.base/java.lang.reflect.Method.invoke(Method.java:580)
at org.testng.internal.MethodInvocationHelper.invokeMethod(MethodInvocationHelper.java:133)
at org.testng.internal.MethodInvocationHelper.invokeMethodConsideringTimeout(MethodInvocationHelper.java:62)
at org.testng.internal.ConfigInvoker.invokeConfigurationMethod(ConfigInvoker.java:385)
at org.testng.internal.ConfigInvoker.invokeConfigurations(ConfigInvoker.java:321)
at org.testng.internal.TestMethodWorker.invokeBeforeClassMethods(TestMethodWorker.java:176)
at org.testng.internal.TestMethodWorker.run(TestMethodWorker.java:122)
at java.base/java.util.ArrayList.forEach(ArrayList.java:1597)
at org.testng.TestRunner.privateRun(TestRunner.java:794)
at org.testng.TestRunner.run(TestRunner.java:596)
at org.testng.SuiteRunner.runTest(SuiteRunner.java:377)
at org.testng.SuiteRunner.runSequentially(SuiteRunner.java:371)
at org.testng.SuiteRunner.privateRun(SuiteRunner.java:332)
at org.testng.SuiteRunner.run(SuiteRunner.java:276)
at org.testng.SuiteRunnerWorker.runSuite(SuiteRunnerWorker.java:53)
at org.testng.SuiteRunnerWorker.run(SuiteRunnerWorker.java:96)
at org.testng.TestNG.runSuitesSequentially(TestNG.java:1212)
at org.testng.TestNG.runSuitesLocally(TestNG.java:1134)
at org.testng.TestNG.runSuites(TestNG.java:1063)
at org.testng.TestNG.run(TestNG.java:1031)
at org.apache.maven.surefire.testng.TestNGExecutor.run(TestNGExecutor.java:155)
at org.apache.maven.surefire.testng.TestNGDirectoryTestSuite.executeMulti(TestNGDirectoryTestSuite.java:169)
at org.apache.maven.surefire.testng.TestNGDirectoryTestSuite.execute(TestNGDirectoryTestSuite.java:88)
at org.apache.maven.surefire.testng.TestNGProvider.invoke(TestNGProvider.java:137)
at org.apache.maven.surefire.booter.ForkedBooter.runSuitesInProcess(ForkedBooter.java:385)
at org.apache.maven.surefire.booter.ForkedBooter.execute(ForkedBooter.java:162)
at org.apache.maven.surefire.booter.ForkedBooter.run(ForkedBooter.java:507)
at org.apache.maven.surefire.booter.ForkedBooter.main(ForkedBooter.java:495)
Caused by: java.io.IOException: Test data file not found: testdata/POD2_ProviderDataPU.json
at com.dyp.base.TestDataUtil.loadTestData(TestDataUtil.java:19)
at com.dyp.base.BaseTest.setupPodTestData(BaseTest.java:87)
... 30 more
]]>
            </full-stacktrace>
          </exception> <!-- java.lang.RuntimeException -->
          <reporter-output>
          </reporter-output>
        </test-method> <!-- setup -->
        <test-method is-config="true" signature="setupClass()[pri:0, instance:POD2_ProviderDataPU.invalid.TimelineAPINegativeTest@1fe20588]" started-at="2025-07-15T17:45:10 IST" name="setupClass" finished-at="2025-07-15T17:45:10 IST" duration-ms="0" status="PASS">
          <reporter-output>
          </reporter-output>
        </test-method> <!-- setupClass -->
        <test-method is-config="true" signature="cleanupClass()[pri:0, instance:POD2_ProviderDataPU.invalid.TimelineAPINegativeTest@1fe20588]" started-at="2025-07-15T17:45:10 IST" name="cleanupClass" finished-at="1970-01-01T05:30:00 IST" duration-ms="-1752581710775" status="SKIP">
          <reporter-output>
          </reporter-output>
        </test-method> <!-- cleanupClass -->
        <test-method signature="testTimelineWithInvalidParameters()[pri:0, instance:POD2_ProviderDataPU.invalid.TimelineAPINegativeTest@1fe20588]" started-at="2025-07-15T17:45:10 IST" name="testTimelineWithInvalidParameters" finished-at="2025-07-15T17:45:10 IST" duration-ms="0" status="SKIP">
          <exception class="java.lang.RuntimeException">
            <message>
              <![CDATA[Test data setup failed]]>
            </message>
            <full-stacktrace>
              <![CDATA[java.lang.RuntimeException: Test data setup failed
at com.dyp.base.BaseTest.setupPodTestData(BaseTest.java:90)
at POD2_ProviderDataPU.invalid.TimelineAPINegativeTest.setup(TimelineAPINegativeTest.java:38)
at java.base/jdk.internal.reflect.DirectMethodHandleAccessor.invoke(DirectMethodHandleAccessor.java:103)
at java.base/java.lang.reflect.Method.invoke(Method.java:580)
at org.testng.internal.MethodInvocationHelper.invokeMethod(MethodInvocationHelper.java:133)
at org.testng.internal.MethodInvocationHelper.invokeMethodConsideringTimeout(MethodInvocationHelper.java:62)
at org.testng.internal.ConfigInvoker.invokeConfigurationMethod(ConfigInvoker.java:385)
at org.testng.internal.ConfigInvoker.invokeConfigurations(ConfigInvoker.java:321)
at org.testng.internal.TestMethodWorker.invokeBeforeClassMethods(TestMethodWorker.java:176)
at org.testng.internal.TestMethodWorker.run(TestMethodWorker.java:122)
at java.base/java.util.ArrayList.forEach(ArrayList.java:1597)
at org.testng.TestRunner.privateRun(TestRunner.java:794)
at org.testng.TestRunner.run(TestRunner.java:596)
at org.testng.SuiteRunner.runTest(SuiteRunner.java:377)
at org.testng.SuiteRunner.runSequentially(SuiteRunner.java:371)
at org.testng.SuiteRunner.privateRun(SuiteRunner.java:332)
at org.testng.SuiteRunner.run(SuiteRunner.java:276)
at org.testng.SuiteRunnerWorker.runSuite(SuiteRunnerWorker.java:53)
at org.testng.SuiteRunnerWorker.run(SuiteRunnerWorker.java:96)
at org.testng.TestNG.runSuitesSequentially(TestNG.java:1212)
at org.testng.TestNG.runSuitesLocally(TestNG.java:1134)
at org.testng.TestNG.runSuites(TestNG.java:1063)
at org.testng.TestNG.run(TestNG.java:1031)
at org.apache.maven.surefire.testng.TestNGExecutor.run(TestNGExecutor.java:155)
at org.apache.maven.surefire.testng.TestNGDirectoryTestSuite.executeMulti(TestNGDirectoryTestSuite.java:169)
at org.apache.maven.surefire.testng.TestNGDirectoryTestSuite.execute(TestNGDirectoryTestSuite.java:88)
at org.apache.maven.surefire.testng.TestNGProvider.invoke(TestNGProvider.java:137)
at org.apache.maven.surefire.booter.ForkedBooter.runSuitesInProcess(ForkedBooter.java:385)
at org.apache.maven.surefire.booter.ForkedBooter.execute(ForkedBooter.java:162)
at org.apache.maven.surefire.booter.ForkedBooter.run(ForkedBooter.java:507)
at org.apache.maven.surefire.booter.ForkedBooter.main(ForkedBooter.java:495)
Caused by: java.io.IOException: Test data file not found: testdata/POD2_ProviderDataPU.json
at com.dyp.base.TestDataUtil.loadTestData(TestDataUtil.java:19)
at com.dyp.base.BaseTest.setupPodTestData(BaseTest.java:87)
... 30 more
]]>
            </full-stacktrace>
          </exception> <!-- java.lang.RuntimeException -->
          <reporter-output>
          </reporter-output>
        </test-method> <!-- testTimelineWithInvalidParameters -->
        <test-method is-config="true" signature="afterMethod()[pri:0, instance:POD2_ProviderDataPU.invalid.TimelineAPINegativeTest@1fe20588]" started-at="2025-07-15T17:45:10 IST" name="afterMethod" finished-at="1970-01-01T05:30:00 IST" duration-ms="-1752581710775" status="SKIP">
          <reporter-output>
          </reporter-output>
        </test-method> <!-- afterMethod -->
        <test-method is-config="true" signature="beforeMethod()[pri:0, instance:POD2_ProviderDataPU.invalid.TimelineAPINegativeTest@1fe20588]" started-at="2025-07-15T17:45:10 IST" name="beforeMethod" finished-at="1970-01-01T05:30:00 IST" duration-ms="-1752581710775" status="SKIP">
          <reporter-output>
          </reporter-output>
        </test-method> <!-- beforeMethod -->
      </class> <!-- POD2_ProviderDataPU.invalid.TimelineAPINegativeTest -->
      <class name="POD2_ProviderDataPU.valid.EnrollmentsTest">
        <test-method is-config="true" signature="setupClass()[pri:0, instance:POD2_ProviderDataPU.valid.EnrollmentsTest@2ddc8ecb]" started-at="2025-07-15T17:45:10 IST" name="setupClass" finished-at="2025-07-15T17:45:10 IST" duration-ms="0" status="PASS">
          <reporter-output>
          </reporter-output>
        </test-method> <!-- setupClass -->
        <test-method is-config="true" signature="setup()[pri:0, instance:POD2_ProviderDataPU.valid.EnrollmentsTest@2ddc8ecb]" started-at="2025-07-15T17:45:10 IST" name="setup" finished-at="2025-07-15T17:45:10 IST" duration-ms="1" status="FAIL">
          <exception class="java.lang.RuntimeException">
            <message>
              <![CDATA[Test data setup failed]]>
            </message>
            <full-stacktrace>
              <![CDATA[java.lang.RuntimeException: Test data setup failed
at com.dyp.base.BaseTest.setupPodTestData(BaseTest.java:90)
at POD2_ProviderDataPU.valid.EnrollmentsTest.setup(EnrollmentsTest.java:38)
at java.base/jdk.internal.reflect.DirectMethodHandleAccessor.invoke(DirectMethodHandleAccessor.java:103)
at java.base/java.lang.reflect.Method.invoke(Method.java:580)
at org.testng.internal.MethodInvocationHelper.invokeMethod(MethodInvocationHelper.java:133)
at org.testng.internal.MethodInvocationHelper.invokeMethodConsideringTimeout(MethodInvocationHelper.java:62)
at org.testng.internal.ConfigInvoker.invokeConfigurationMethod(ConfigInvoker.java:385)
at org.testng.internal.ConfigInvoker.invokeConfigurations(ConfigInvoker.java:321)
at org.testng.internal.TestMethodWorker.invokeBeforeClassMethods(TestMethodWorker.java:176)
at org.testng.internal.TestMethodWorker.run(TestMethodWorker.java:122)
at java.base/java.util.ArrayList.forEach(ArrayList.java:1597)
at org.testng.TestRunner.privateRun(TestRunner.java:794)
at org.testng.TestRunner.run(TestRunner.java:596)
at org.testng.SuiteRunner.runTest(SuiteRunner.java:377)
at org.testng.SuiteRunner.runSequentially(SuiteRunner.java:371)
at org.testng.SuiteRunner.privateRun(SuiteRunner.java:332)
at org.testng.SuiteRunner.run(SuiteRunner.java:276)
at org.testng.SuiteRunnerWorker.runSuite(SuiteRunnerWorker.java:53)
at org.testng.SuiteRunnerWorker.run(SuiteRunnerWorker.java:96)
at org.testng.TestNG.runSuitesSequentially(TestNG.java:1212)
at org.testng.TestNG.runSuitesLocally(TestNG.java:1134)
at org.testng.TestNG.runSuites(TestNG.java:1063)
at org.testng.TestNG.run(TestNG.java:1031)
at org.apache.maven.surefire.testng.TestNGExecutor.run(TestNGExecutor.java:155)
at org.apache.maven.surefire.testng.TestNGDirectoryTestSuite.executeMulti(TestNGDirectoryTestSuite.java:169)
at org.apache.maven.surefire.testng.TestNGDirectoryTestSuite.execute(TestNGDirectoryTestSuite.java:88)
at org.apache.maven.surefire.testng.TestNGProvider.invoke(TestNGProvider.java:137)
at org.apache.maven.surefire.booter.ForkedBooter.runSuitesInProcess(ForkedBooter.java:385)
at org.apache.maven.surefire.booter.ForkedBooter.execute(ForkedBooter.java:162)
at org.apache.maven.surefire.booter.ForkedBooter.run(ForkedBooter.java:507)
at org.apache.maven.surefire.booter.ForkedBooter.main(ForkedBooter.java:495)
Caused by: java.io.IOException: Test data file not found: testdata/POD2_ProviderDataPU.json
at com.dyp.base.TestDataUtil.loadTestData(TestDataUtil.java:19)
at com.dyp.base.BaseTest.setupPodTestData(BaseTest.java:87)
... 30 more
]]>
            </full-stacktrace>
          </exception> <!-- java.lang.RuntimeException -->
          <reporter-output>
          </reporter-output>
        </test-method> <!-- setup -->
        <test-method signature="testEnrollments()[pri:0, instance:POD2_ProviderDataPU.valid.EnrollmentsTest@2ddc8ecb]" started-at="2025-07-15T17:45:10 IST" name="testEnrollments" finished-at="2025-07-15T17:45:10 IST" duration-ms="0" status="SKIP">
          <exception class="java.lang.RuntimeException">
            <message>
              <![CDATA[Test data setup failed]]>
            </message>
            <full-stacktrace>
              <![CDATA[java.lang.RuntimeException: Test data setup failed
at com.dyp.base.BaseTest.setupPodTestData(BaseTest.java:90)
at POD2_ProviderDataPU.valid.EnrollmentsTest.setup(EnrollmentsTest.java:38)
at java.base/jdk.internal.reflect.DirectMethodHandleAccessor.invoke(DirectMethodHandleAccessor.java:103)
at java.base/java.lang.reflect.Method.invoke(Method.java:580)
at org.testng.internal.MethodInvocationHelper.invokeMethod(MethodInvocationHelper.java:133)
at org.testng.internal.MethodInvocationHelper.invokeMethodConsideringTimeout(MethodInvocationHelper.java:62)
at org.testng.internal.ConfigInvoker.invokeConfigurationMethod(ConfigInvoker.java:385)
at org.testng.internal.ConfigInvoker.invokeConfigurations(ConfigInvoker.java:321)
at org.testng.internal.TestMethodWorker.invokeBeforeClassMethods(TestMethodWorker.java:176)
at org.testng.internal.TestMethodWorker.run(TestMethodWorker.java:122)
at java.base/java.util.ArrayList.forEach(ArrayList.java:1597)
at org.testng.TestRunner.privateRun(TestRunner.java:794)
at org.testng.TestRunner.run(TestRunner.java:596)
at org.testng.SuiteRunner.runTest(SuiteRunner.java:377)
at org.testng.SuiteRunner.runSequentially(SuiteRunner.java:371)
at org.testng.SuiteRunner.privateRun(SuiteRunner.java:332)
at org.testng.SuiteRunner.run(SuiteRunner.java:276)
at org.testng.SuiteRunnerWorker.runSuite(SuiteRunnerWorker.java:53)
at org.testng.SuiteRunnerWorker.run(SuiteRunnerWorker.java:96)
at org.testng.TestNG.runSuitesSequentially(TestNG.java:1212)
at org.testng.TestNG.runSuitesLocally(TestNG.java:1134)
at org.testng.TestNG.runSuites(TestNG.java:1063)
at org.testng.TestNG.run(TestNG.java:1031)
at org.apache.maven.surefire.testng.TestNGExecutor.run(TestNGExecutor.java:155)
at org.apache.maven.surefire.testng.TestNGDirectoryTestSuite.executeMulti(TestNGDirectoryTestSuite.java:169)
at org.apache.maven.surefire.testng.TestNGDirectoryTestSuite.execute(TestNGDirectoryTestSuite.java:88)
at org.apache.maven.surefire.testng.TestNGProvider.invoke(TestNGProvider.java:137)
at org.apache.maven.surefire.booter.ForkedBooter.runSuitesInProcess(ForkedBooter.java:385)
at org.apache.maven.surefire.booter.ForkedBooter.execute(ForkedBooter.java:162)
at org.apache.maven.surefire.booter.ForkedBooter.run(ForkedBooter.java:507)
at org.apache.maven.surefire.booter.ForkedBooter.main(ForkedBooter.java:495)
Caused by: java.io.IOException: Test data file not found: testdata/POD2_ProviderDataPU.json
at com.dyp.base.TestDataUtil.loadTestData(TestDataUtil.java:19)
at com.dyp.base.BaseTest.setupPodTestData(BaseTest.java:87)
... 30 more
]]>
            </full-stacktrace>
          </exception> <!-- java.lang.RuntimeException -->
          <reporter-output>
          </reporter-output>
        </test-method> <!-- testEnrollments -->
        <test-method is-config="true" signature="beforeMethod()[pri:0, instance:POD2_ProviderDataPU.valid.EnrollmentsTest@2ddc8ecb]" started-at="2025-07-15T17:45:10 IST" name="beforeMethod" finished-at="1970-01-01T05:30:00 IST" duration-ms="-1752581710778" status="SKIP">
          <reporter-output>
          </reporter-output>
        </test-method> <!-- beforeMethod -->
        <test-method is-config="true" signature="cleanupClass()[pri:0, instance:POD2_ProviderDataPU.valid.EnrollmentsTest@2ddc8ecb]" started-at="2025-07-15T17:45:10 IST" name="cleanupClass" finished-at="1970-01-01T05:30:00 IST" duration-ms="-1752581710779" status="SKIP">
          <reporter-output>
          </reporter-output>
        </test-method> <!-- cleanupClass -->
        <test-method is-config="true" signature="afterMethod()[pri:0, instance:POD2_ProviderDataPU.valid.EnrollmentsTest@2ddc8ecb]" started-at="2025-07-15T17:45:10 IST" name="afterMethod" finished-at="1970-01-01T05:30:00 IST" duration-ms="-1752581710779" status="SKIP">
          <reporter-output>
          </reporter-output>
        </test-method> <!-- afterMethod -->
      </class> <!-- POD2_ProviderDataPU.valid.EnrollmentsTest -->
      <class name="POD3_ProviderDataIU.valid.AddSpecialityTest">
        <test-method is-config="true" signature="setupClass()[pri:0, instance:POD3_ProviderDataIU.valid.AddSpecialityTest@78aab498]" started-at="2025-07-15T17:45:10 IST" name="setupClass" finished-at="2025-07-15T17:45:10 IST" duration-ms="0" status="PASS">
          <reporter-output>
          </reporter-output>
        </test-method> <!-- setupClass -->
        <test-method is-config="true" signature="setup()[pri:0, instance:POD3_ProviderDataIU.valid.AddSpecialityTest@78aab498]" started-at="2025-07-15T17:45:10 IST" name="setup" finished-at="2025-07-15T17:45:10 IST" duration-ms="1" status="FAIL">
          <exception class="java.lang.RuntimeException">
            <message>
              <![CDATA[Test data setup failed]]>
            </message>
            <full-stacktrace>
              <![CDATA[java.lang.RuntimeException: Test data setup failed
at com.dyp.base.BaseTest.setupPodTestData(BaseTest.java:90)
at POD3_ProviderDataIU.valid.AddSpecialityTest.setup(AddSpecialityTest.java:38)
at java.base/jdk.internal.reflect.DirectMethodHandleAccessor.invoke(DirectMethodHandleAccessor.java:103)
at java.base/java.lang.reflect.Method.invoke(Method.java:580)
at org.testng.internal.MethodInvocationHelper.invokeMethod(MethodInvocationHelper.java:133)
at org.testng.internal.MethodInvocationHelper.invokeMethodConsideringTimeout(MethodInvocationHelper.java:62)
at org.testng.internal.ConfigInvoker.invokeConfigurationMethod(ConfigInvoker.java:385)
at org.testng.internal.ConfigInvoker.invokeConfigurations(ConfigInvoker.java:321)
at org.testng.internal.TestMethodWorker.invokeBeforeClassMethods(TestMethodWorker.java:176)
at org.testng.internal.TestMethodWorker.run(TestMethodWorker.java:122)
at java.base/java.util.ArrayList.forEach(ArrayList.java:1597)
at org.testng.TestRunner.privateRun(TestRunner.java:794)
at org.testng.TestRunner.run(TestRunner.java:596)
at org.testng.SuiteRunner.runTest(SuiteRunner.java:377)
at org.testng.SuiteRunner.runSequentially(SuiteRunner.java:371)
at org.testng.SuiteRunner.privateRun(SuiteRunner.java:332)
at org.testng.SuiteRunner.run(SuiteRunner.java:276)
at org.testng.SuiteRunnerWorker.runSuite(SuiteRunnerWorker.java:53)
at org.testng.SuiteRunnerWorker.run(SuiteRunnerWorker.java:96)
at org.testng.TestNG.runSuitesSequentially(TestNG.java:1212)
at org.testng.TestNG.runSuitesLocally(TestNG.java:1134)
at org.testng.TestNG.runSuites(TestNG.java:1063)
at org.testng.TestNG.run(TestNG.java:1031)
at org.apache.maven.surefire.testng.TestNGExecutor.run(TestNGExecutor.java:155)
at org.apache.maven.surefire.testng.TestNGDirectoryTestSuite.executeMulti(TestNGDirectoryTestSuite.java:169)
at org.apache.maven.surefire.testng.TestNGDirectoryTestSuite.execute(TestNGDirectoryTestSuite.java:88)
at org.apache.maven.surefire.testng.TestNGProvider.invoke(TestNGProvider.java:137)
at org.apache.maven.surefire.booter.ForkedBooter.runSuitesInProcess(ForkedBooter.java:385)
at org.apache.maven.surefire.booter.ForkedBooter.execute(ForkedBooter.java:162)
at org.apache.maven.surefire.booter.ForkedBooter.run(ForkedBooter.java:507)
at org.apache.maven.surefire.booter.ForkedBooter.main(ForkedBooter.java:495)
Caused by: java.io.IOException: Test data file not found: testdata/POD3_ProviderDataIU.json
at com.dyp.base.TestDataUtil.loadTestData(TestDataUtil.java:19)
at com.dyp.base.BaseTest.setupPodTestData(BaseTest.java:87)
... 30 more
]]>
            </full-stacktrace>
          </exception> <!-- java.lang.RuntimeException -->
          <reporter-output>
          </reporter-output>
        </test-method> <!-- setup -->
        <test-method is-config="true" signature="beforeMethod()[pri:0, instance:POD3_ProviderDataIU.valid.AddSpecialityTest@78aab498]" started-at="2025-07-15T17:45:10 IST" name="beforeMethod" finished-at="1970-01-01T05:30:00 IST" duration-ms="-1752581710822" status="SKIP">
          <reporter-output>
          </reporter-output>
        </test-method> <!-- beforeMethod -->
        <test-method signature="testaddSpeciality()[pri:0, instance:POD3_ProviderDataIU.valid.AddSpecialityTest@78aab498]" started-at="2025-07-15T17:45:10 IST" name="testaddSpeciality" finished-at="2025-07-15T17:45:10 IST" duration-ms="0" status="SKIP">
          <exception class="java.lang.RuntimeException">
            <message>
              <![CDATA[Test data setup failed]]>
            </message>
            <full-stacktrace>
              <![CDATA[java.lang.RuntimeException: Test data setup failed
at com.dyp.base.BaseTest.setupPodTestData(BaseTest.java:90)
at POD3_ProviderDataIU.valid.AddSpecialityTest.setup(AddSpecialityTest.java:38)
at java.base/jdk.internal.reflect.DirectMethodHandleAccessor.invoke(DirectMethodHandleAccessor.java:103)
at java.base/java.lang.reflect.Method.invoke(Method.java:580)
at org.testng.internal.MethodInvocationHelper.invokeMethod(MethodInvocationHelper.java:133)
at org.testng.internal.MethodInvocationHelper.invokeMethodConsideringTimeout(MethodInvocationHelper.java:62)
at org.testng.internal.ConfigInvoker.invokeConfigurationMethod(ConfigInvoker.java:385)
at org.testng.internal.ConfigInvoker.invokeConfigurations(ConfigInvoker.java:321)
at org.testng.internal.TestMethodWorker.invokeBeforeClassMethods(TestMethodWorker.java:176)
at org.testng.internal.TestMethodWorker.run(TestMethodWorker.java:122)
at java.base/java.util.ArrayList.forEach(ArrayList.java:1597)
at org.testng.TestRunner.privateRun(TestRunner.java:794)
at org.testng.TestRunner.run(TestRunner.java:596)
at org.testng.SuiteRunner.runTest(SuiteRunner.java:377)
at org.testng.SuiteRunner.runSequentially(SuiteRunner.java:371)
at org.testng.SuiteRunner.privateRun(SuiteRunner.java:332)
at org.testng.SuiteRunner.run(SuiteRunner.java:276)
at org.testng.SuiteRunnerWorker.runSuite(SuiteRunnerWorker.java:53)
at org.testng.SuiteRunnerWorker.run(SuiteRunnerWorker.java:96)
at org.testng.TestNG.runSuitesSequentially(TestNG.java:1212)
at org.testng.TestNG.runSuitesLocally(TestNG.java:1134)
at org.testng.TestNG.runSuites(TestNG.java:1063)
at org.testng.TestNG.run(TestNG.java:1031)
at org.apache.maven.surefire.testng.TestNGExecutor.run(TestNGExecutor.java:155)
at org.apache.maven.surefire.testng.TestNGDirectoryTestSuite.executeMulti(TestNGDirectoryTestSuite.java:169)
at org.apache.maven.surefire.testng.TestNGDirectoryTestSuite.execute(TestNGDirectoryTestSuite.java:88)
at org.apache.maven.surefire.testng.TestNGProvider.invoke(TestNGProvider.java:137)
at org.apache.maven.surefire.booter.ForkedBooter.runSuitesInProcess(ForkedBooter.java:385)
at org.apache.maven.surefire.booter.ForkedBooter.execute(ForkedBooter.java:162)
at org.apache.maven.surefire.booter.ForkedBooter.run(ForkedBooter.java:507)
at org.apache.maven.surefire.booter.ForkedBooter.main(ForkedBooter.java:495)
Caused by: java.io.IOException: Test data file not found: testdata/POD3_ProviderDataIU.json
at com.dyp.base.TestDataUtil.loadTestData(TestDataUtil.java:19)
at com.dyp.base.BaseTest.setupPodTestData(BaseTest.java:87)
... 30 more
]]>
            </full-stacktrace>
          </exception> <!-- java.lang.RuntimeException -->
          <reporter-output>
          </reporter-output>
        </test-method> <!-- testaddSpeciality -->
        <test-method is-config="true" signature="cleanupClass()[pri:0, instance:POD3_ProviderDataIU.valid.AddSpecialityTest@78aab498]" started-at="2025-07-15T17:45:10 IST" name="cleanupClass" finished-at="1970-01-01T05:30:00 IST" duration-ms="-1752581710823" status="SKIP">
          <reporter-output>
          </reporter-output>
        </test-method> <!-- cleanupClass -->
        <test-method is-config="true" signature="afterMethod()[pri:0, instance:POD3_ProviderDataIU.valid.AddSpecialityTest@78aab498]" started-at="2025-07-15T17:45:10 IST" name="afterMethod" finished-at="1970-01-01T05:30:00 IST" duration-ms="-1752581710823" status="SKIP">
          <reporter-output>
          </reporter-output>
        </test-method> <!-- afterMethod -->
      </class> <!-- POD3_ProviderDataIU.valid.AddSpecialityTest -->
      <class name="POD2_ProviderDataPU.valid.SSLSearchTest">
        <test-method is-config="true" signature="setup()[pri:0, instance:POD2_ProviderDataPU.valid.SSLSearchTest@4df50bcc]" started-at="2025-07-15T17:45:10 IST" name="setup" finished-at="2025-07-15T17:45:10 IST" duration-ms="0" status="FAIL">
          <exception class="java.lang.RuntimeException">
            <message>
              <![CDATA[Test data setup failed]]>
            </message>
            <full-stacktrace>
              <![CDATA[java.lang.RuntimeException: Test data setup failed
at com.dyp.base.BaseTest.setupPodTestData(BaseTest.java:90)
at POD2_ProviderDataPU.valid.SSLSearchTest.setup(SSLSearchTest.java:38)
at java.base/jdk.internal.reflect.DirectMethodHandleAccessor.invoke(DirectMethodHandleAccessor.java:103)
at java.base/java.lang.reflect.Method.invoke(Method.java:580)
at org.testng.internal.MethodInvocationHelper.invokeMethod(MethodInvocationHelper.java:133)
at org.testng.internal.MethodInvocationHelper.invokeMethodConsideringTimeout(MethodInvocationHelper.java:62)
at org.testng.internal.ConfigInvoker.invokeConfigurationMethod(ConfigInvoker.java:385)
at org.testng.internal.ConfigInvoker.invokeConfigurations(ConfigInvoker.java:321)
at org.testng.internal.TestMethodWorker.invokeBeforeClassMethods(TestMethodWorker.java:176)
at org.testng.internal.TestMethodWorker.run(TestMethodWorker.java:122)
at java.base/java.util.ArrayList.forEach(ArrayList.java:1597)
at org.testng.TestRunner.privateRun(TestRunner.java:794)
at org.testng.TestRunner.run(TestRunner.java:596)
at org.testng.SuiteRunner.runTest(SuiteRunner.java:377)
at org.testng.SuiteRunner.runSequentially(SuiteRunner.java:371)
at org.testng.SuiteRunner.privateRun(SuiteRunner.java:332)
at org.testng.SuiteRunner.run(SuiteRunner.java:276)
at org.testng.SuiteRunnerWorker.runSuite(SuiteRunnerWorker.java:53)
at org.testng.SuiteRunnerWorker.run(SuiteRunnerWorker.java:96)
at org.testng.TestNG.runSuitesSequentially(TestNG.java:1212)
at org.testng.TestNG.runSuitesLocally(TestNG.java:1134)
at org.testng.TestNG.runSuites(TestNG.java:1063)
at org.testng.TestNG.run(TestNG.java:1031)
at org.apache.maven.surefire.testng.TestNGExecutor.run(TestNGExecutor.java:155)
at org.apache.maven.surefire.testng.TestNGDirectoryTestSuite.executeMulti(TestNGDirectoryTestSuite.java:169)
at org.apache.maven.surefire.testng.TestNGDirectoryTestSuite.execute(TestNGDirectoryTestSuite.java:88)
at org.apache.maven.surefire.testng.TestNGProvider.invoke(TestNGProvider.java:137)
at org.apache.maven.surefire.booter.ForkedBooter.runSuitesInProcess(ForkedBooter.java:385)
at org.apache.maven.surefire.booter.ForkedBooter.execute(ForkedBooter.java:162)
at org.apache.maven.surefire.booter.ForkedBooter.run(ForkedBooter.java:507)
at org.apache.maven.surefire.booter.ForkedBooter.main(ForkedBooter.java:495)
Caused by: java.io.IOException: Test data file not found: testdata/POD2_ProviderDataPU.json
at com.dyp.base.TestDataUtil.loadTestData(TestDataUtil.java:19)
at com.dyp.base.BaseTest.setupPodTestData(BaseTest.java:87)
... 30 more
]]>
            </full-stacktrace>
          </exception> <!-- java.lang.RuntimeException -->
          <reporter-output>
          </reporter-output>
        </test-method> <!-- setup -->
        <test-method is-config="true" signature="setupClass()[pri:0, instance:POD2_ProviderDataPU.valid.SSLSearchTest@4df50bcc]" started-at="2025-07-15T17:45:10 IST" name="setupClass" finished-at="2025-07-15T17:45:10 IST" duration-ms="0" status="PASS">
          <reporter-output>
          </reporter-output>
        </test-method> <!-- setupClass -->
        <test-method signature="testSSLSearch()[pri:0, instance:POD2_ProviderDataPU.valid.SSLSearchTest@4df50bcc]" started-at="2025-07-15T17:45:10 IST" name="testSSLSearch" finished-at="2025-07-15T17:45:10 IST" duration-ms="0" status="SKIP">
          <exception class="java.lang.RuntimeException">
            <message>
              <![CDATA[Test data setup failed]]>
            </message>
            <full-stacktrace>
              <![CDATA[java.lang.RuntimeException: Test data setup failed
at com.dyp.base.BaseTest.setupPodTestData(BaseTest.java:90)
at POD2_ProviderDataPU.valid.SSLSearchTest.setup(SSLSearchTest.java:38)
at java.base/jdk.internal.reflect.DirectMethodHandleAccessor.invoke(DirectMethodHandleAccessor.java:103)
at java.base/java.lang.reflect.Method.invoke(Method.java:580)
at org.testng.internal.MethodInvocationHelper.invokeMethod(MethodInvocationHelper.java:133)
at org.testng.internal.MethodInvocationHelper.invokeMethodConsideringTimeout(MethodInvocationHelper.java:62)
at org.testng.internal.ConfigInvoker.invokeConfigurationMethod(ConfigInvoker.java:385)
at org.testng.internal.ConfigInvoker.invokeConfigurations(ConfigInvoker.java:321)
at org.testng.internal.TestMethodWorker.invokeBeforeClassMethods(TestMethodWorker.java:176)
at org.testng.internal.TestMethodWorker.run(TestMethodWorker.java:122)
at java.base/java.util.ArrayList.forEach(ArrayList.java:1597)
at org.testng.TestRunner.privateRun(TestRunner.java:794)
at org.testng.TestRunner.run(TestRunner.java:596)
at org.testng.SuiteRunner.runTest(SuiteRunner.java:377)
at org.testng.SuiteRunner.runSequentially(SuiteRunner.java:371)
at org.testng.SuiteRunner.privateRun(SuiteRunner.java:332)
at org.testng.SuiteRunner.run(SuiteRunner.java:276)
at org.testng.SuiteRunnerWorker.runSuite(SuiteRunnerWorker.java:53)
at org.testng.SuiteRunnerWorker.run(SuiteRunnerWorker.java:96)
at org.testng.TestNG.runSuitesSequentially(TestNG.java:1212)
at org.testng.TestNG.runSuitesLocally(TestNG.java:1134)
at org.testng.TestNG.runSuites(TestNG.java:1063)
at org.testng.TestNG.run(TestNG.java:1031)
at org.apache.maven.surefire.testng.TestNGExecutor.run(TestNGExecutor.java:155)
at org.apache.maven.surefire.testng.TestNGDirectoryTestSuite.executeMulti(TestNGDirectoryTestSuite.java:169)
at org.apache.maven.surefire.testng.TestNGDirectoryTestSuite.execute(TestNGDirectoryTestSuite.java:88)
at org.apache.maven.surefire.testng.TestNGProvider.invoke(TestNGProvider.java:137)
at org.apache.maven.surefire.booter.ForkedBooter.runSuitesInProcess(ForkedBooter.java:385)
at org.apache.maven.surefire.booter.ForkedBooter.execute(ForkedBooter.java:162)
at org.apache.maven.surefire.booter.ForkedBooter.run(ForkedBooter.java:507)
at org.apache.maven.surefire.booter.ForkedBooter.main(ForkedBooter.java:495)
Caused by: java.io.IOException: Test data file not found: testdata/POD2_ProviderDataPU.json
at com.dyp.base.TestDataUtil.loadTestData(TestDataUtil.java:19)
at com.dyp.base.BaseTest.setupPodTestData(BaseTest.java:87)
... 30 more
]]>
            </full-stacktrace>
          </exception> <!-- java.lang.RuntimeException -->
          <reporter-output>
          </reporter-output>
        </test-method> <!-- testSSLSearch -->
        <test-method is-config="true" signature="beforeMethod()[pri:0, instance:POD2_ProviderDataPU.valid.SSLSearchTest@4df50bcc]" started-at="2025-07-15T17:45:10 IST" name="beforeMethod" finished-at="1970-01-01T05:30:00 IST" duration-ms="-1752581710792" status="SKIP">
          <reporter-output>
          </reporter-output>
        </test-method> <!-- beforeMethod -->
        <test-method is-config="true" signature="afterMethod()[pri:0, instance:POD2_ProviderDataPU.valid.SSLSearchTest@4df50bcc]" started-at="2025-07-15T17:45:10 IST" name="afterMethod" finished-at="1970-01-01T05:30:00 IST" duration-ms="-1752581710792" status="SKIP">
          <reporter-output>
          </reporter-output>
        </test-method> <!-- afterMethod -->
        <test-method is-config="true" signature="cleanupClass()[pri:0, instance:POD2_ProviderDataPU.valid.SSLSearchTest@4df50bcc]" started-at="2025-07-15T17:45:10 IST" name="cleanupClass" finished-at="1970-01-01T05:30:00 IST" duration-ms="-1752581710792" status="SKIP">
          <reporter-output>
          </reporter-output>
        </test-method> <!-- cleanupClass -->
      </class> <!-- POD2_ProviderDataPU.valid.SSLSearchTest -->
      <class name="POD3_ProviderDataIU.invalid.AddSpecialityNegativeTest">
        <test-method is-config="true" signature="setupClass()[pri:0, instance:POD3_ProviderDataIU.invalid.AddSpecialityNegativeTest@318ba8c8]" started-at="2025-07-15T17:45:10 IST" name="setupClass" finished-at="2025-07-15T17:45:10 IST" duration-ms="0" status="PASS">
          <reporter-output>
          </reporter-output>
        </test-method> <!-- setupClass -->
        <test-method is-config="true" signature="setup()[pri:0, instance:POD3_ProviderDataIU.invalid.AddSpecialityNegativeTest@318ba8c8]" started-at="2025-07-15T17:45:10 IST" name="setup" finished-at="2025-07-15T17:45:10 IST" duration-ms="1" status="FAIL">
          <exception class="java.lang.RuntimeException">
            <message>
              <![CDATA[Test data setup failed]]>
            </message>
            <full-stacktrace>
              <![CDATA[java.lang.RuntimeException: Test data setup failed
at com.dyp.base.BaseTest.setupPodTestData(BaseTest.java:90)
at POD3_ProviderDataIU.invalid.AddSpecialityNegativeTest.setup(AddSpecialityNegativeTest.java:38)
at java.base/jdk.internal.reflect.DirectMethodHandleAccessor.invoke(DirectMethodHandleAccessor.java:103)
at java.base/java.lang.reflect.Method.invoke(Method.java:580)
at org.testng.internal.MethodInvocationHelper.invokeMethod(MethodInvocationHelper.java:133)
at org.testng.internal.MethodInvocationHelper.invokeMethodConsideringTimeout(MethodInvocationHelper.java:62)
at org.testng.internal.ConfigInvoker.invokeConfigurationMethod(ConfigInvoker.java:385)
at org.testng.internal.ConfigInvoker.invokeConfigurations(ConfigInvoker.java:321)
at org.testng.internal.TestMethodWorker.invokeBeforeClassMethods(TestMethodWorker.java:176)
at org.testng.internal.TestMethodWorker.run(TestMethodWorker.java:122)
at java.base/java.util.ArrayList.forEach(ArrayList.java:1597)
at org.testng.TestRunner.privateRun(TestRunner.java:794)
at org.testng.TestRunner.run(TestRunner.java:596)
at org.testng.SuiteRunner.runTest(SuiteRunner.java:377)
at org.testng.SuiteRunner.runSequentially(SuiteRunner.java:371)
at org.testng.SuiteRunner.privateRun(SuiteRunner.java:332)
at org.testng.SuiteRunner.run(SuiteRunner.java:276)
at org.testng.SuiteRunnerWorker.runSuite(SuiteRunnerWorker.java:53)
at org.testng.SuiteRunnerWorker.run(SuiteRunnerWorker.java:96)
at org.testng.TestNG.runSuitesSequentially(TestNG.java:1212)
at org.testng.TestNG.runSuitesLocally(TestNG.java:1134)
at org.testng.TestNG.runSuites(TestNG.java:1063)
at org.testng.TestNG.run(TestNG.java:1031)
at org.apache.maven.surefire.testng.TestNGExecutor.run(TestNGExecutor.java:155)
at org.apache.maven.surefire.testng.TestNGDirectoryTestSuite.executeMulti(TestNGDirectoryTestSuite.java:169)
at org.apache.maven.surefire.testng.TestNGDirectoryTestSuite.execute(TestNGDirectoryTestSuite.java:88)
at org.apache.maven.surefire.testng.TestNGProvider.invoke(TestNGProvider.java:137)
at org.apache.maven.surefire.booter.ForkedBooter.runSuitesInProcess(ForkedBooter.java:385)
at org.apache.maven.surefire.booter.ForkedBooter.execute(ForkedBooter.java:162)
at org.apache.maven.surefire.booter.ForkedBooter.run(ForkedBooter.java:507)
at org.apache.maven.surefire.booter.ForkedBooter.main(ForkedBooter.java:495)
Caused by: java.io.IOException: Test data file not found: testdata/POD3_ProviderDataIU.json
at com.dyp.base.TestDataUtil.loadTestData(TestDataUtil.java:19)
at com.dyp.base.BaseTest.setupPodTestData(BaseTest.java:87)
... 30 more
]]>
            </full-stacktrace>
          </exception> <!-- java.lang.RuntimeException -->
          <reporter-output>
          </reporter-output>
        </test-method> <!-- setup -->
        <test-method is-config="true" signature="cleanupClass()[pri:0, instance:POD3_ProviderDataIU.invalid.AddSpecialityNegativeTest@318ba8c8]" started-at="2025-07-15T17:45:10 IST" name="cleanupClass" finished-at="1970-01-01T05:30:00 IST" duration-ms="-1752581710796" status="SKIP">
          <reporter-output>
          </reporter-output>
        </test-method> <!-- cleanupClass -->
        <test-method signature="testaddSpecialityWithInvalidParameters()[pri:0, instance:POD3_ProviderDataIU.invalid.AddSpecialityNegativeTest@318ba8c8]" started-at="2025-07-15T17:45:10 IST" name="testaddSpecialityWithInvalidParameters" finished-at="2025-07-15T17:45:10 IST" duration-ms="0" status="SKIP">
          <exception class="java.lang.RuntimeException">
            <message>
              <![CDATA[Test data setup failed]]>
            </message>
            <full-stacktrace>
              <![CDATA[java.lang.RuntimeException: Test data setup failed
at com.dyp.base.BaseTest.setupPodTestData(BaseTest.java:90)
at POD3_ProviderDataIU.invalid.AddSpecialityNegativeTest.setup(AddSpecialityNegativeTest.java:38)
at java.base/jdk.internal.reflect.DirectMethodHandleAccessor.invoke(DirectMethodHandleAccessor.java:103)
at java.base/java.lang.reflect.Method.invoke(Method.java:580)
at org.testng.internal.MethodInvocationHelper.invokeMethod(MethodInvocationHelper.java:133)
at org.testng.internal.MethodInvocationHelper.invokeMethodConsideringTimeout(MethodInvocationHelper.java:62)
at org.testng.internal.ConfigInvoker.invokeConfigurationMethod(ConfigInvoker.java:385)
at org.testng.internal.ConfigInvoker.invokeConfigurations(ConfigInvoker.java:321)
at org.testng.internal.TestMethodWorker.invokeBeforeClassMethods(TestMethodWorker.java:176)
at org.testng.internal.TestMethodWorker.run(TestMethodWorker.java:122)
at java.base/java.util.ArrayList.forEach(ArrayList.java:1597)
at org.testng.TestRunner.privateRun(TestRunner.java:794)
at org.testng.TestRunner.run(TestRunner.java:596)
at org.testng.SuiteRunner.runTest(SuiteRunner.java:377)
at org.testng.SuiteRunner.runSequentially(SuiteRunner.java:371)
at org.testng.SuiteRunner.privateRun(SuiteRunner.java:332)
at org.testng.SuiteRunner.run(SuiteRunner.java:276)
at org.testng.SuiteRunnerWorker.runSuite(SuiteRunnerWorker.java:53)
at org.testng.SuiteRunnerWorker.run(SuiteRunnerWorker.java:96)
at org.testng.TestNG.runSuitesSequentially(TestNG.java:1212)
at org.testng.TestNG.runSuitesLocally(TestNG.java:1134)
at org.testng.TestNG.runSuites(TestNG.java:1063)
at org.testng.TestNG.run(TestNG.java:1031)
[...]
at org.testng.internal.ConfigInvoker.invokeConfigurationMethod(ConfigInvoker.java:385)
at org.testng.internal.ConfigInvoker.invokeConfigurations(ConfigInvoker.java:321)
at org.testng.internal.TestMethodWorker.invokeBeforeClassMethods(TestMethodWorker.java:176)
at org.testng.internal.TestMethodWorker.run(TestMethodWorker.java:122)
at java.base/java.util.ArrayList.forEach(ArrayList.java:1597)
at org.testng.TestRunner.privateRun(TestRunner.java:794)
at org.testng.TestRunner.run(TestRunner.java:596)
at org.testng.SuiteRunner.runTest(SuiteRunner.java:377)
at org.testng.SuiteRunner.runSequentially(SuiteRunner.java:371)
at org.testng.SuiteRunner.privateRun(SuiteRunner.java:332)
at org.testng.SuiteRunner.run(SuiteRunner.java:276)
at org.testng.SuiteRunnerWorker.runSuite(SuiteRunnerWorker.java:53)
at org.testng.SuiteRunnerWorker.run(SuiteRunnerWorker.java:96)
at org.testng.TestNG.runSuitesSequentially(TestNG.java:1212)
at org.testng.TestNG.runSuitesLocally(TestNG.java:1134)
at org.testng.TestNG.runSuites(TestNG.java:1063)
at org.testng.TestNG.run(TestNG.java:1031)
at org.apache.maven.surefire.testng.TestNGExecutor.run(TestNGExecutor.java:155)
at org.apache.maven.surefire.testng.TestNGDirectoryTestSuite.executeMulti(TestNGDirectoryTestSuite.java:169)
at org.apache.maven.surefire.testng.TestNGDirectoryTestSuite.execute(TestNGDirectoryTestSuite.java:88)
at org.apache.maven.surefire.testng.TestNGProvider.invoke(TestNGProvider.java:137)
at org.apache.maven.surefire.booter.ForkedBooter.runSuitesInProcess(ForkedBooter.java:385)
at org.apache.maven.surefire.booter.ForkedBooter.execute(ForkedBooter.java:162)
at org.apache.maven.surefire.booter.ForkedBooter.run(ForkedBooter.java:507)
at org.apache.maven.surefire.booter.ForkedBooter.main(ForkedBooter.java:495)
Caused by: java.io.IOException: Test data file not found: testdata/POD3_ProviderDataIU.json
at com.dyp.base.TestDataUtil.loadTestData(TestDataUtil.java:19)
at com.dyp.base.BaseTest.setupPodTestData(BaseTest.java:87)
... 30 more
]]>
            </full-stacktrace>
          </exception> <!-- java.lang.RuntimeException -->
          <reporter-output>
          </reporter-output>
        </test-method> <!-- testProviderAffiliationsIuPem -->
        <test-method is-config="true" signature="afterMethod()[pri:0, instance:POD3_ProviderDataIU.valid.ProviderAffiliationsIuPemTest@48fa0f47]" started-at="2025-07-15T17:45:10 IST" name="afterMethod" finished-at="1970-01-01T05:30:00 IST" duration-ms="-1752581710834" status="SKIP">
          <reporter-output>
          </reporter-output>
        </test-method> <!-- afterMethod -->
        <test-method is-config="true" signature="beforeMethod()[pri:0, instance:POD3_ProviderDataIU.valid.ProviderAffiliationsIuPemTest@48fa0f47]" started-at="2025-07-15T17:45:10 IST" name="beforeMethod" finished-at="1970-01-01T05:30:00 IST" duration-ms="-1752581710834" status="SKIP">
          <reporter-output>
          </reporter-output>
        </test-method> <!-- beforeMethod -->
        <test-method is-config="true" signature="cleanupClass()[pri:0, instance:POD3_ProviderDataIU.valid.ProviderAffiliationsIuPemTest@48fa0f47]" started-at="2025-07-15T17:45:10 IST" name="cleanupClass" finished-at="1970-01-01T05:30:00 IST" duration-ms="-1752581710834" status="SKIP">
          <reporter-output>
          </reporter-output>
        </test-method> <!-- cleanupClass -->
      </class> <!-- POD3_ProviderDataIU.valid.ProviderAffiliationsIuPemTest -->
      <class name="POD2_ProviderDataPU.invalid.EnrollmentsNegativeTest">
        <test-method is-config="true" signature="setupClass()[pri:0, instance:POD2_ProviderDataPU.invalid.EnrollmentsNegativeTest@79efed2d]" started-at="2025-07-15T17:45:10 IST" name="setupClass" finished-at="2025-07-15T17:45:10 IST" duration-ms="0" status="PASS">
          <reporter-output>
          </reporter-output>
        </test-method> <!-- setupClass -->
        <test-method is-config="true" signature="setup()[pri:0, instance:POD2_ProviderDataPU.invalid.EnrollmentsNegativeTest@79efed2d]" started-at="2025-07-15T17:45:10 IST" name="setup" finished-at="2025-07-15T17:45:10 IST" duration-ms="0" status="FAIL">
          <exception class="java.lang.RuntimeException">
            <message>
              <![CDATA[Test data setup failed]]>
            </message>
            <full-stacktrace>
              <![CDATA[java.lang.RuntimeException: Test data setup failed
at com.dyp.base.BaseTest.setupPodTestData(BaseTest.java:90)
at POD2_ProviderDataPU.invalid.EnrollmentsNegativeTest.setup(EnrollmentsNegativeTest.java:38)
at java.base/jdk.internal.reflect.DirectMethodHandleAccessor.invoke(DirectMethodHandleAccessor.java:103)
at java.base/java.lang.reflect.Method.invoke(Method.java:580)
at org.testng.internal.MethodInvocationHelper.invokeMethod(MethodInvocationHelper.java:133)
at org.testng.internal.MethodInvocationHelper.invokeMethodConsideringTimeout(MethodInvocationHelper.java:62)
at org.testng.internal.ConfigInvoker.invokeConfigurationMethod(ConfigInvoker.java:385)
at org.testng.internal.ConfigInvoker.invokeConfigurations(ConfigInvoker.java:321)
at org.testng.internal.TestMethodWorker.invokeBeforeClassMethods(TestMethodWorker.java:176)
at org.testng.internal.TestMethodWorker.run(TestMethodWorker.java:122)
at java.base/java.util.ArrayList.forEach(ArrayList.java:1597)
at org.testng.TestRunner.privateRun(TestRunner.java:794)
at org.testng.TestRunner.run(TestRunner.java:596)
at org.testng.SuiteRunner.runTest(SuiteRunner.java:377)
at org.testng.SuiteRunner.runSequentially(SuiteRunner.java:371)
at org.testng.SuiteRunner.privateRun(SuiteRunner.java:332)
at org.testng.SuiteRunner.run(SuiteRunner.java:276)
at org.testng.SuiteRunnerWorker.runSuite(SuiteRunnerWorker.java:53)
at org.testng.SuiteRunnerWorker.run(SuiteRunnerWorker.java:96)
at org.testng.TestNG.runSuitesSequentially(TestNG.java:1212)
at org.testng.TestNG.runSuitesLocally(TestNG.java:1134)
at org.testng.TestNG.runSuites(TestNG.java:1063)
at org.testng.TestNG.run(TestNG.java:1031)
at org.apache.maven.surefire.testng.TestNGExecutor.run(TestNGExecutor.java:155)
at org.apache.maven.surefire.testng.TestNGDirectoryTestSuite.executeMulti(TestNGDirectoryTestSuite.java:169)
at org.apache.maven.surefire.testng.TestNGDirectoryTestSuite.execute(TestNGDirectoryTestSuite.java:88)
at org.apache.maven.surefire.testng.TestNGProvider.invoke(TestNGProvider.java:137)
at org.apache.maven.surefire.booter.ForkedBooter.runSuitesInProcess(ForkedBooter.java:385)
at org.apache.maven.surefire.booter.ForkedBooter.execute(ForkedBooter.java:162)
at org.apache.maven.surefire.booter.ForkedBooter.run(ForkedBooter.java:507)
at org.apache.maven.surefire.booter.ForkedBooter.main(ForkedBooter.java:495)
Caused by: java.io.IOException: Test data file not found: testdata/POD2_ProviderDataPU.json
at com.dyp.base.TestDataUtil.loadTestData(TestDataUtil.java:19)
at com.dyp.base.BaseTest.setupPodTestData(BaseTest.java:87)
... 30 more
]]>
            </full-stacktrace>
          </exception> <!-- java.lang.RuntimeException -->
          <reporter-output>
          </reporter-output>
        </test-method> <!-- setup -->
        <test-method signature="testEnrollmentsWithInvalidProviderId()[pri:0, instance:POD2_ProviderDataPU.invalid.EnrollmentsNegativeTest@79efed2d]" started-at="2025-07-15T17:45:10 IST" name="testEnrollmentsWithInvalidProviderId" finished-at="2025-07-15T17:45:10 IST" duration-ms="0" status="SKIP">
          <exception class="java.lang.RuntimeException">
            <message>
              <![CDATA[Test data setup failed]]>
            </message>
            <full-stacktrace>
              <![CDATA[java.lang.RuntimeException: Test data setup failed
at com.dyp.base.BaseTest.setupPodTestData(BaseTest.java:90)
at POD2_ProviderDataPU.invalid.EnrollmentsNegativeTest.setup(EnrollmentsNegativeTest.java:38)
at java.base/jdk.internal.reflect.DirectMethodHandleAccessor.invoke(DirectMethodHandleAccessor.java:103)
at java.base/java.lang.reflect.Method.invoke(Method.java:580)
at org.testng.internal.MethodInvocationHelper.invokeMethod(MethodInvocationHelper.java:133)
at org.testng.internal.MethodInvocationHelper.invokeMethodConsideringTimeout(MethodInvocationHelper.java:62)
at org.testng.internal.ConfigInvoker.invokeConfigurationMethod(ConfigInvoker.java:385)
at org.testng.internal.ConfigInvoker.invokeConfigurations(ConfigInvoker.java:321)
at org.testng.internal.TestMethodWorker.invokeBeforeClassMethods(TestMethodWorker.java:176)
at org.testng.internal.TestMethodWorker.run(TestMethodWorker.java:122)
at java.base/java.util.ArrayList.forEach(ArrayList.java:1597)
at org.testng.TestRunner.privateRun(TestRunner.java:794)
at org.testng.TestRunner.run(TestRunner.java:596)
at org.testng.SuiteRunner.runTest(SuiteRunner.java:377)
at org.testng.SuiteRunner.runSequentially(SuiteRunner.java:371)
at org.testng.SuiteRunner.privateRun(SuiteRunner.java:332)
at org.testng.SuiteRunner.run(SuiteRunner.java:276)
at org.testng.SuiteRunnerWorker.runSuite(SuiteRunnerWorker.java:53)
at org.testng.SuiteRunnerWorker.run(SuiteRunnerWorker.java:96)
at org.testng.TestNG.runSuitesSequentially(TestNG.java:1212)
at org.testng.TestNG.runSuitesLocally(TestNG.java:1134)
at org.testng.TestNG.runSuites(TestNG.java:1063)
at org.testng.TestNG.run(TestNG.java:1031)
at org.apache.maven.surefire.testng.TestNGExecutor.run(TestNGExecutor.java:155)
at org.apache.maven.surefire.testng.TestNGDirectoryTestSuite.executeMulti(TestNGDirectoryTestSuite.java:169)
at org.apache.maven.surefire.testng.TestNGDirectoryTestSuite.execute(TestNGDirectoryTestSuite.java:88)
at org.apache.maven.surefire.testng.TestNGProvider.invoke(TestNGProvider.java:137)
at org.apache.maven.surefire.booter.ForkedBooter.runSuitesInProcess(ForkedBooter.java:385)
at org.apache.maven.surefire.booter.ForkedBooter.execute(ForkedBooter.java:162)
at org.apache.maven.surefire.booter.ForkedBooter.run(ForkedBooter.java:507)
at org.apache.maven.surefire.booter.ForkedBooter.main(ForkedBooter.java:495)
Caused by: java.io.IOException: Test data file not found: testdata/POD2_ProviderDataPU.json
at com.dyp.base.TestDataUtil.loadTestData(TestDataUtil.java:19)
at com.dyp.base.BaseTest.setupPodTestData(BaseTest.java:87)
... 30 more
]]>
            </full-stacktrace>
          </exception> <!-- java.lang.RuntimeException -->
          <reporter-output>
          </reporter-output>
        </test-method> <!-- testEnrollmentsWithInvalidProviderId -->
        <test-method is-config="true" signature="beforeMethod()[pri:0, instance:POD2_ProviderDataPU.invalid.EnrollmentsNegativeTest@79efed2d]" started-at="2025-07-15T17:45:10 IST" name="beforeMethod" finished-at="1970-01-01T05:30:00 IST" duration-ms="-1752581710763" status="SKIP">
          <reporter-output>
          </reporter-output>
        </test-method> <!-- beforeMethod -->
        <test-method is-config="true" signature="afterMethod()[pri:0, instance:POD2_ProviderDataPU.invalid.EnrollmentsNegativeTest@79efed2d]" started-at="2025-07-15T17:45:10 IST" name="afterMethod" finished-at="1970-01-01T05:30:00 IST" duration-ms="-1752581710763" status="SKIP">
          <reporter-output>
          </reporter-output>
        </test-method> <!-- afterMethod -->
        <test-method is-config="true" signature="cleanupClass()[pri:0, instance:POD2_ProviderDataPU.invalid.EnrollmentsNegativeTest@79efed2d]" started-at="2025-07-15T17:45:10 IST" name="cleanupClass" finished-at="1970-01-01T05:30:00 IST" duration-ms="-1752581710764" status="SKIP">
          <reporter-output>
          </reporter-output>
        </test-method> <!-- cleanupClass -->
      </class> <!-- POD2_ProviderDataPU.invalid.EnrollmentsNegativeTest -->
      <class name="POD3_ProviderDataIU.invalid.FetchCrossWalkNegativeTest">
        <test-method is-config="true" signature="setupClass()[pri:0, instance:POD3_ProviderDataIU.invalid.FetchCrossWalkNegativeTest@1a04f701]" started-at="2025-07-15T17:45:10 IST" name="setupClass" finished-at="2025-07-15T17:45:10 IST" duration-ms="0" status="PASS">
          <reporter-output>
          </reporter-output>
        </test-method> <!-- setupClass -->
        <test-method is-config="true" signature="setup()[pri:0, instance:POD3_ProviderDataIU.invalid.FetchCrossWalkNegativeTest@1a04f701]" started-at="2025-07-15T17:45:10 IST" name="setup" finished-at="2025-07-15T17:45:10 IST" duration-ms="1" status="FAIL">
          <exception class="java.lang.RuntimeException">
            <message>
              <![CDATA[Test data setup failed]]>
            </message>
            <full-stacktrace>
              <![CDATA[java.lang.RuntimeException: Test data setup failed
at com.dyp.base.BaseTest.setupPodTestData(BaseTest.java:90)
at POD3_ProviderDataIU.invalid.FetchCrossWalkNegativeTest.setup(FetchCrossWalkNegativeTest.java:38)
at java.base/jdk.internal.reflect.DirectMethodHandleAccessor.invoke(DirectMethodHandleAccessor.java:103)
at java.base/java.lang.reflect.Method.invoke(Method.java:580)
at org.testng.internal.MethodInvocationHelper.invokeMethod(MethodInvocationHelper.java:133)
at org.testng.internal.MethodInvocationHelper.invokeMethodConsideringTimeout(MethodInvocationHelper.java:62)
at org.testng.internal.ConfigInvoker.invokeConfigurationMethod(ConfigInvoker.java:385)
at org.testng.internal.ConfigInvoker.invokeConfigurations(ConfigInvoker.java:321)
at org.testng.internal.TestMethodWorker.invokeBeforeClassMethods(TestMethodWorker.java:176)
at org.testng.internal.TestMethodWorker.run(TestMethodWorker.java:122)
at java.base/java.util.ArrayList.forEach(ArrayList.java:1597)
at org.testng.TestRunner.privateRun(TestRunner.java:794)
at org.testng.TestRunner.run(TestRunner.java:596)
at org.testng.SuiteRunner.runTest(SuiteRunner.java:377)
at org.testng.SuiteRunner.runSequentially(SuiteRunner.java:371)
at org.testng.SuiteRunner.privateRun(SuiteRunner.java:332)
at org.testng.SuiteRunner.run(SuiteRunner.java:276)
at org.testng.SuiteRunnerWorker.runSuite(SuiteRunnerWorker.java:53)
at org.testng.SuiteRunnerWorker.run(SuiteRunnerWorker.java:96)
at org.testng.TestNG.runSuitesSequentially(TestNG.java:1212)
at org.testng.TestNG.runSuitesLocally(TestNG.java:1134)
at org.testng.TestNG.runSuites(TestNG.java:1063)
at org.testng.TestNG.run(TestNG.java:1031)
at org.apache.maven.surefire.testng.TestNGExecutor.run(TestNGExecutor.java:155)
at org.apache.maven.surefire.testng.TestNGDirectoryTestSuite.executeMulti(TestNGDirectoryTestSuite.java:169)
at org.apache.maven.surefire.testng.TestNGDirectoryTestSuite.execute(TestNGDirectoryTestSuite.java:88)
at org.apache.maven.surefire.testng.TestNGProvider.invoke(TestNGProvider.java:137)
at org.apache.maven.surefire.booter.ForkedBooter.runSuitesInProcess(ForkedBooter.java:385)
at org.apache.maven.surefire.booter.ForkedBooter.execute(ForkedBooter.java:162)
at org.apache.maven.surefire.booter.ForkedBooter.run(ForkedBooter.java:507)
at org.apache.maven.surefire.booter.ForkedBooter.main(ForkedBooter.java:495)
Caused by: java.io.IOException: Test data file not found: testdata/POD3_ProviderDataIU.json
at com.dyp.base.TestDataUtil.loadTestData(TestDataUtil.java:19)
at com.dyp.base.BaseTest.setupPodTestData(BaseTest.java:87)
... 30 more
]]>
            </full-stacktrace>
          </exception> <!-- java.lang.RuntimeException -->
          <reporter-output>
          </reporter-output>
        </test-method> <!-- setup -->
        <test-method is-config="true" signature="afterMethod()[pri:0, instance:POD3_ProviderDataIU.invalid.FetchCrossWalkNegativeTest@1a04f701]" started-at="2025-07-15T17:45:10 IST" name="afterMethod" finished-at="1970-01-01T05:30:00 IST" duration-ms="-1752581710801" status="SKIP">
          <reporter-output>
          </reporter-output>
        </test-method> <!-- afterMethod -->
        <test-method is-config="true" signature="beforeMethod()[pri:0, instance:POD3_ProviderDataIU.invalid.FetchCrossWalkNegativeTest@1a04f701]" started-at="2025-07-15T17:45:10 IST" name="beforeMethod" finished-at="1970-01-01T05:30:00 IST" duration-ms="-1752581710801" status="SKIP">
          <reporter-output>
          </reporter-output>
        </test-method> <!-- beforeMethod -->
        <test-method signature="testfetchCrossWalkWithInvalidParameters()[pri:0, instance:POD3_ProviderDataIU.invalid.FetchCrossWalkNegativeTest@1a04f701]" started-at="2025-07-15T17:45:10 IST" name="testfetchCrossWalkWithInvalidParameters" finished-at="2025-07-15T17:45:10 IST" duration-ms="0" status="SKIP">
          <exception class="java.lang.RuntimeException">
            <message>
              <![CDATA[Test data setup failed]]>
            </message>
            <full-stacktrace>
              <![CDATA[java.lang.RuntimeException: Test data setup failed
at com.dyp.base.BaseTest.setupPodTestData(BaseTest.java:90)
at POD3_ProviderDataIU.invalid.FetchCrossWalkNegativeTest.setup(FetchCrossWalkNegativeTest.java:38)
at java.base/jdk.internal.reflect.DirectMethodHandleAccessor.invoke(DirectMethodHandleAccessor.java:103)
at java.base/java.lang.reflect.Method.invoke(Method.java:580)
at org.testng.internal.MethodInvocationHelper.invokeMethod(MethodInvocationHelper.java:133)
at org.testng.internal.MethodInvocationHelper.invokeMethodConsideringTimeout(MethodInvocationHelper.java:62)
at org.testng.internal.ConfigInvoker.invokeConfigurationMethod(ConfigInvoker.java:385)
at org.testng.internal.ConfigInvoker.invokeConfigurations(ConfigInvoker.java:321)
at org.testng.internal.TestMethodWorker.invokeBeforeClassMethods(TestMethodWorker.java:176)
at org.testng.internal.TestMethodWorker.run(TestMethodWorker.java:122)
at java.base/java.util.ArrayList.forEach(ArrayList.java:1597)
at org.testng.TestRunner.privateRun(TestRunner.java:794)
at org.testng.TestRunner.run(TestRunner.java:596)
at org.testng.SuiteRunner.runTest(SuiteRunner.java:377)
at org.testng.SuiteRunner.runSequentially(SuiteRunner.java:371)
at org.testng.SuiteRunner.privateRun(SuiteRunner.java:332)
at org.testng.SuiteRunner.run(SuiteRunner.java:276)
at org.testng.SuiteRunnerWorker.runSuite(SuiteRunnerWorker.java:53)
at org.testng.SuiteRunnerWorker.run(SuiteRunnerWorker.java:96)
at org.testng.TestNG.runSuitesSequentially(TestNG.java:1212)
at org.testng.TestNG.runSuitesLocally(TestNG.java:1134)
at org.testng.TestNG.runSuites(TestNG.java:1063)
at org.testng.TestNG.run(TestNG.java:1031)
at org.apache.maven.surefire.testng.TestNGExecutor.run(TestNGExecutor.java:155)
at org.apache.maven.surefire.testng.TestNGDirectoryTestSuite.executeMulti(TestNGDirectoryTestSuite.java:169)
at org.apache.maven.surefire.testng.TestNGDirectoryTestSuite.execute(TestNGDirectoryTestSuite.java:88)
at org.apache.maven.surefire.testng.TestNGProvider.invoke(TestNGProvider.java:137)
at org.apache.maven.surefire.booter.ForkedBooter.runSuitesInProcess(ForkedBooter.java:385)
at org.apache.maven.surefire.booter.ForkedBooter.execute(ForkedBooter.java:162)
at org.apache.maven.surefire.booter.ForkedBooter.run(ForkedBooter.java:507)
at org.apache.maven.surefire.booter.ForkedBooter.main(ForkedBooter.java:495)
Caused by: java.io.IOException: Test data file not found: testdata/POD3_ProviderDataIU.json
at com.dyp.base.TestDataUtil.loadTestData(TestDataUtil.java:19)
at com.dyp.base.BaseTest.setupPodTestData(BaseTest.java:87)
... 30 more
]]>
            </full-stacktrace>
          </exception> <!-- java.lang.RuntimeException -->
          <reporter-output>
          </reporter-output>
        </test-method> <!-- testfetchCrossWalkWithInvalidParameters -->
        <test-method is-config="true" signature="cleanupClass()[pri:0, instance:POD3_ProviderDataIU.invalid.FetchCrossWalkNegativeTest@1a04f701]" started-at="2025-07-15T17:45:10 IST" name="cleanupClass" finished-at="1970-01-01T05:30:00 IST" duration-ms="-1752581710802" status="SKIP">
          <reporter-output>
          </reporter-output>
        </test-method> <!-- cleanupClass -->
      </class> <!-- POD3_ProviderDataIU.invalid.FetchCrossWalkNegativeTest -->
    </test> <!-- Surefire test -->
  </suite> <!-- Surefire suite -->
</testng-results>
