<?xml version="1.0" encoding="UTF-8"?>
<testsuite xmlns:xsi="http://www.w3.org/2001/XMLSchema-instance" xsi:noNamespaceSchemaLocation="https://maven.apache.org/surefire/maven-surefire-plugin/xsd/surefire-test-report-3.0.xsd" version="3.0" name="TestSuite" time="26.168" tests="212" errors="0" skipped="164" failures="41">
  <properties>
[...]
</properties>
  <testcase name="clearAuthTokens" classname="com.dyp.base.AuthTokenCleanupTest" time="0.04">
    <system-out><![CDATA[[AuthUtil] Clearing all tokens for thread: main (internalToken: false, providerToken: false)
]]></system-out>
  </testcase>
  <testcase name="testConfigurationLoadingFromConfigFile" classname="com.dyp.base.ComprehensiveAuthTest" time="0.0">
    <system-out><![CDATA[[AuthUtil] Clearing all tokens for thread: main (internalToken: false, providerToken: false)
]]></system-out>
  </testcase>
  <testcase name="testProviderUserAuthentication" classname="com.dyp.base.ComprehensiveAuthTest" time="5.118">
    <system-out><![CDATA[[AuthUtil] Clearing all tokens for thread: main (internalToken: false, providerToken: false)
[2025-07-15 17:44:46] REQUEST:
   Method: POST
   URL: https://dyp2-sb-dev01.hhstechgroup.com/api/providermgmt/authenticate/login
[2025-07-15 17:44:46] RESPONSE:
   Status Code: 200
   Response Time: 4472ms
   Response Body: {"user":{"firstName":"Test","lastName":"s","email":"auto@sharklasers.com","privilagedUser":false,"notes":" ","npi":" ","roles":[],"languages":[],"jobTitle":" ","location":" ","type":"PE_ADMIN","roleDetails":[],"previousPasswords":[],"passwordCount":[],"openUpdatePopUp":false,"forceUpdateAfter":"","temporaryPassword":"","istempPswrdExpired":false,"isProviderEmailIdPresent":true,"dummyEmail":"","resetPswrdResoanCode":"","resetPswrdNotes":"","isResetPassword":true,"isPemPlusEnrollProvider":false,"i... [truncated]
   API call successful with status code: 200
   ────────────────────────────────────────────────────────────────────────────────
]]></system-out>
  </testcase>
  <testcase name="testInternalUserAuthentication" classname="com.dyp.base.ComprehensiveAuthTest" time="3.717">
    <system-out><![CDATA[[AuthUtil] Clearing all tokens for thread: main (internalToken: false, providerToken: true)
[2025-07-15 17:44:51] REQUEST:
   Method: POST
   URL: https://dyp2-sb-dev01.hhstechgroup.com/api/providermgmt/authenticate/login
[2025-07-15 17:44:51] RESPONSE:
   Status Code: 200
   Response Time: 3706ms
   Response Body: {"user":{"firstName":"Cindy","lastName":"Duran","email":"internal.user.dyp+cd@gmail.com","privilagedUser":false,"notes":" ","npi":" ","roles":[],"languages":[],"jobTitle":" ","location":" ","type":"IU","roleDetails":[],"previousPasswords":[],"passwordCount":[],"openUpdatePopUp":false,"forceUpdateAfter":"","temporaryPassword":"","istempPswrdExpired":false,"isProviderEmailIdPresent":true,"dummyEmail":"","resetPswrdResoanCode":"","resetPswrdNotes":"","isResetPassword":true,"isPemPlusEnrollProvider"... [truncated]
   API call successful with status code: 200
   ────────────────────────────────────────────────────────────────────────────────
]]></system-out>
  </testcase>
  <testcase name="testStoredTokenValidation" classname="com.dyp.base.ComprehensiveAuthTest" time="0.0">
    <system-out><![CDATA[[AuthUtil] Clearing all tokens for thread: main (internalToken: true, providerToken: false)
]]></system-out>
  </testcase>
  <testcase name="testTokenUsageSimulation" classname="com.dyp.base.ComprehensiveAuthTest" time="5.947">
    <system-out><![CDATA[[AuthUtil] Clearing all tokens for thread: main (internalToken: false, providerToken: false)
[2025-07-15 17:44:54] REQUEST:
   Method: POST
   URL: https://dyp2-sb-dev01.hhstechgroup.com/api/providermgmt/authenticate/login
[2025-07-15 17:44:54] RESPONSE:
   Status Code: 200
   Response Time: 3145ms
   Response Body: {"user":{"firstName":"Test","lastName":"s","email":"auto@sharklasers.com","privilagedUser":false,"notes":" ","npi":" ","roles":[],"languages":[],"jobTitle":" ","location":" ","type":"PE_ADMIN","roleDetails":[],"previousPasswords":[],"passwordCount":[],"openUpdatePopUp":false,"forceUpdateAfter":"","temporaryPassword":"","istempPswrdExpired":false,"isProviderEmailIdPresent":true,"dummyEmail":"","resetPswrdResoanCode":"","resetPswrdNotes":"","isResetPassword":true,"isPemPlusEnrollProvider":false,"i... [truncated]
   API call successful with status code: 200
   ────────────────────────────────────────────────────────────────────────────────
[2025-07-15 17:44:58] REQUEST:
   Method: POST
   URL: https://dyp2-sb-dev01.hhstechgroup.com/api/providermgmt/authenticate/login
[2025-07-15 17:44:58] RESPONSE:
   Status Code: 200
   Response Time: 2789ms
   Response Body: {"user":{"firstName":"Cindy","lastName":"Duran","email":"internal.user.dyp+cd@gmail.com","privilagedUser":false,"notes":" ","npi":" ","roles":[],"languages":[],"jobTitle":" ","location":" ","type":"IU","roleDetails":[],"previousPasswords":[],"passwordCount":[],"openUpdatePopUp":false,"forceUpdateAfter":"","temporaryPassword":"","istempPswrdExpired":false,"isProviderEmailIdPresent":true,"dummyEmail":"","resetPswrdResoanCode":"","resetPswrdNotes":"","isResetPassword":true,"isPemPlusEnrollProvider"... [truncated]
   API call successful with status code: 200
   ────────────────────────────────────────────────────────────────────────────────
]]></system-out>
  </testcase>
  <testcase name="testFinalTokenStatusCheck" classname="com.dyp.base.ComprehensiveAuthTest" time="9.84">
    <system-out><![CDATA[[AuthUtil] Clearing all tokens for thread: main (internalToken: true, providerToken: true)
[2025-07-15 17:45:00] REQUEST:
   Method: POST
   URL: https://dyp2-sb-dev01.hhstechgroup.com/api/providermgmt/authenticate/login
[2025-07-15 17:45:00] RESPONSE:
   Status Code: 200
   Response Time: 7844ms
   Response Body: {"user":{"firstName":"Test","lastName":"s","email":"auto@sharklasers.com","privilagedUser":false,"notes":" ","npi":" ","roles":[],"languages":[],"jobTitle":" ","location":" ","type":"PE_ADMIN","roleDetails":[],"previousPasswords":[],"passwordCount":[],"openUpdatePopUp":false,"forceUpdateAfter":"","temporaryPassword":"","istempPswrdExpired":false,"isProviderEmailIdPresent":true,"dummyEmail":"","resetPswrdResoanCode":"","resetPswrdNotes":"","isResetPassword":true,"isPemPlusEnrollProvider":false,"i... [truncated]
   API call successful with status code: 200
   ────────────────────────────────────────────────────────────────────────────────
[2025-07-15 17:45:08] REQUEST:
   Method: POST
   URL: https://dyp2-sb-dev01.hhstechgroup.com/api/providermgmt/authenticate/login
[2025-07-15 17:45:08] RESPONSE:
   Status Code: 200
   Response Time: 1973ms
   Response Body: {"user":{"firstName":"Cindy","lastName":"Duran","email":"internal.user.dyp+cd@gmail.com","privilagedUser":false,"notes":" ","npi":" ","roles":[],"languages":[],"jobTitle":" ","location":" ","type":"IU","roleDetails":[],"previousPasswords":[],"passwordCount":[],"openUpdatePopUp":false,"forceUpdateAfter":"","temporaryPassword":"","istempPswrdExpired":false,"isProviderEmailIdPresent":true,"dummyEmail":"","resetPswrdResoanCode":"","resetPswrdNotes":"","isResetPassword":true,"isPemPlusEnrollProvider"... [truncated]
   API call successful with status code: 200
   ────────────────────────────────────────────────────────────────────────────────
]]></system-out>
  </testcase>
  <testcase name="setup" classname="POD2_ProviderDataPU.invalid.AllProviderStatusNegativeTest" time="9.85">
    <failure message="Test data setup failed" type="java.lang.RuntimeException"><![CDATA[java.lang.RuntimeException: Test data setup failed
	at com.dyp.base.BaseTest.setupPodTestData(BaseTest.java:90)
	at POD2_ProviderDataPU.invalid.AllProviderStatusNegativeTest.setup(AllProviderStatusNegativeTest.java:38)
	at java.base/jdk.internal.reflect.DirectMethodHandleAccessor.invoke(DirectMethodHandleAccessor.java:103)
	at java.base/java.lang.reflect.Method.invoke(Method.java:580)
	at org.testng.internal.MethodInvocationHelper.invokeMethod(MethodInvocationHelper.java:133)
	at org.testng.internal.MethodInvocationHelper.invokeMethodConsideringTimeout(MethodInvocationHelper.java:62)
	at org.testng.internal.ConfigInvoker.invokeConfigurationMethod(ConfigInvoker.java:385)
	at org.testng.internal.ConfigInvoker.invokeConfigurations(ConfigInvoker.java:321)
	at org.testng.internal.TestMethodWorker.invokeBeforeClassMethods(TestMethodWorker.java:176)
	at org.testng.internal.TestMethodWorker.run(TestMethodWorker.java:122)
	at java.base/java.util.ArrayList.forEach(ArrayList.java:1597)
	at org.testng.TestRunner.privateRun(TestRunner.java:794)
	at org.testng.TestRunner.run(TestRunner.java:596)
	at org.testng.SuiteRunner.runTest(SuiteRunner.java:377)
	at org.testng.SuiteRunner.runSequentially(SuiteRunner.java:371)
	at org.testng.SuiteRunner.privateRun(SuiteRunner.java:332)
	at org.testng.SuiteRunner.run(SuiteRunner.java:276)
	at org.testng.SuiteRunnerWorker.runSuite(SuiteRunnerWorker.java:53)
	at org.testng.SuiteRunnerWorker.run(SuiteRunnerWorker.java:96)
	at org.testng.TestNG.runSuitesSequentially(TestNG.java:1212)
	at org.testng.TestNG.runSuitesLocally(TestNG.java:1134)
	at org.testng.TestNG.runSuites(TestNG.java:1063)
	at org.testng.TestNG.run(TestNG.java:1031)
	at org.apache.maven.surefire.testng.TestNGExecutor.run(TestNGExecutor.java:155)
	at org.apache.maven.surefire.testng.TestNGDirectoryTestSuite.executeMulti(TestNGDirectoryTestSuite.java:169)
	at org.apache.maven.surefire.testng.TestNGDirectoryTestSuite.execute(TestNGDirectoryTestSuite.java:88)
	at org.apache.maven.surefire.testng.TestNGProvider.invoke(TestNGProvider.java:137)
	at org.apache.maven.surefire.booter.ForkedBooter.runSuitesInProcess(ForkedBooter.java:385)
	at org.apache.maven.surefire.booter.ForkedBooter.execute(ForkedBooter.java:162)
	at org.apache.maven.surefire.booter.ForkedBooter.run(ForkedBooter.java:507)
	at org.apache.maven.surefire.booter.ForkedBooter.main(ForkedBooter.java:495)
Caused by: java.io.IOException: Test data file not found: testdata/POD2_ProviderDataPU.json
	at com.dyp.base.TestDataUtil.loadTestData(TestDataUtil.java:19)
	at com.dyp.base.BaseTest.setupPodTestData(BaseTest.java:87)
	... 30 more
]]></failure>
    <system-out><![CDATA[[AuthUtil] Clearing all tokens for thread: main (internalToken: true, providerToken: true)
]]></system-out>
  </testcase>
  <testcase name="beforeMethod" classname="POD2_ProviderDataPU.invalid.AllProviderStatusNegativeTest" time="0.0">
    <skipped/>
  </testcase>
  <testcase name="testProviderStatusWithInvalidParameters" classname="POD2_ProviderDataPU.invalid.AllProviderStatusNegativeTest" time="0.0">
    <skipped message="Test data setup failed"/>
  </testcase>
  <testcase name="afterMethod" classname="POD2_ProviderDataPU.invalid.AllProviderStatusNegativeTest" time="0.0">
    <skipped/>
  </testcase>
  <testcase name="cleanupClass" classname="POD2_ProviderDataPU.invalid.AllProviderStatusNegativeTest" time="0.0">
    <skipped/>
  </testcase>
  <testcase name="setup" classname="POD2_ProviderDataPU.invalid.EnrollmentsNegativeTest" time="0.001">
    <failure message="Test data setup failed" type="java.lang.RuntimeException"><![CDATA[java.lang.RuntimeException: Test data setup failed
	at com.dyp.base.BaseTest.setupPodTestData(BaseTest.java:90)
	at POD2_ProviderDataPU.invalid.EnrollmentsNegativeTest.setup(EnrollmentsNegativeTest.java:38)
	at java.base/jdk.internal.reflect.DirectMethodHandleAccessor.invoke(DirectMethodHandleAccessor.java:103)
	at java.base/java.lang.reflect.Method.invoke(Method.java:580)
	at org.testng.internal.MethodInvocationHelper.invokeMethod(MethodInvocationHelper.java:133)
	at org.testng.internal.MethodInvocationHelper.invokeMethodConsideringTimeout(MethodInvocationHelper.java:62)
	at org.testng.internal.ConfigInvoker.invokeConfigurationMethod(ConfigInvoker.java:385)
	at org.testng.internal.ConfigInvoker.invokeConfigurations(ConfigInvoker.java:321)
	at org.testng.internal.TestMethodWorker.invokeBeforeClassMethods(TestMethodWorker.java:176)
	at org.testng.internal.TestMethodWorker.run(TestMethodWorker.java:122)
	at java.base/java.util.ArrayList.forEach(ArrayList.java:1597)
	at org.testng.TestRunner.privateRun(TestRunner.java:794)
	at org.testng.TestRunner.run(TestRunner.java:596)
	at org.testng.SuiteRunner.runTest(SuiteRunner.java:377)
	at org.testng.SuiteRunner.runSequentially(SuiteRunner.java:371)
	at org.testng.SuiteRunner.privateRun(SuiteRunner.java:332)
	at org.testng.SuiteRunner.run(SuiteRunner.java:276)
	at org.testng.SuiteRunnerWorker.runSuite(SuiteRunnerWorker.java:53)
	at org.testng.SuiteRunnerWorker.run(SuiteRunnerWorker.java:96)
	at org.testng.TestNG.runSuitesSequentially(TestNG.java:1212)
	at org.testng.TestNG.runSuitesLocally(TestNG.java:1134)
	at org.testng.TestNG.runSuites(TestNG.java:1063)
	at org.testng.TestNG.run(TestNG.java:1031)
	at org.apache.maven.surefire.testng.TestNGExecutor.run(TestNGExecutor.java:155)
	at org.apache.maven.surefire.testng.TestNGDirectoryTestSuite.executeMulti(TestNGDirectoryTestSuite.java:169)
	at org.apache.maven.surefire.testng.TestNGDirectoryTestSuite.execute(TestNGDirectoryTestSuite.java:88)
	at org.apache.maven.surefire.testng.TestNGProvider.invoke(TestNGProvider.java:137)
	at org.apache.maven.surefire.booter.ForkedBooter.runSuitesInProcess(ForkedBooter.java:385)
	at org.apache.maven.surefire.booter.ForkedBooter.execute(ForkedBooter.java:162)
	at org.apache.maven.surefire.booter.ForkedBooter.run(ForkedBooter.java:507)
	at org.apache.maven.surefire.booter.ForkedBooter.main(ForkedBooter.java:495)
Caused by: java.io.IOException: Test data file not found: testdata/POD2_ProviderDataPU.json
	at com.dyp.base.TestDataUtil.loadTestData(TestDataUtil.java:19)
	at com.dyp.base.BaseTest.setupPodTestData(BaseTest.java:87)
	... 30 more
]]></failure>
  </testcase>
  <testcase name="beforeMethod" classname="POD2_ProviderDataPU.invalid.EnrollmentsNegativeTest" time="0.0">
    <skipped/>
  </testcase>
  <testcase name="testEnrollmentsWithInvalidProviderId" classname="POD2_ProviderDataPU.invalid.EnrollmentsNegativeTest" time="0.0">
    <skipped message="Test data setup failed"/>
  </testcase>
  <testcase name="afterMethod" classname="POD2_ProviderDataPU.invalid.EnrollmentsNegativeTest" time="0.0">
    <skipped/>
  </testcase>
  <testcase name="cleanupClass" classname="POD2_ProviderDataPU.invalid.EnrollmentsNegativeTest" time="0.0">
    <skipped/>
  </testcase>
  <testcase name="setup" classname="POD2_ProviderDataPU.invalid.GetApprovedDocumentsNegativeTest" time="0.001">
    <failure message="Test data setup failed" type="java.lang.RuntimeException"><![CDATA[java.lang.RuntimeException: Test data setup failed
	at com.dyp.base.BaseTest.setupPodTestData(BaseTest.java:90)
	at POD2_ProviderDataPU.invalid.GetApprovedDocumentsNegativeTest.setup(GetApprovedDocumentsNegativeTest.java:38)
	at java.base/jdk.internal.reflect.DirectMethodHandleAccessor.invoke(DirectMethodHandleAccessor.java:103)
	at java.base/java.lang.reflect.Method.invoke(Method.java:580)
	at org.testng.internal.MethodInvocationHelper.invokeMethod(MethodInvocationHelper.java:133)
	at org.testng.internal.MethodInvocationHelper.invokeMethodConsideringTimeout(MethodInvocationHelper.java:62)
	at org.testng.internal.ConfigInvoker.invokeConfigurationMethod(ConfigInvoker.java:385)
	at org.testng.internal.ConfigInvoker.invokeConfigurations(ConfigInvoker.java:321)
	at org.testng.internal.TestMethodWorker.invokeBeforeClassMethods(TestMethodWorker.java:176)
	at org.testng.internal.TestMethodWorker.run(TestMethodWorker.java:122)
	at java.base/java.util.ArrayList.forEach(ArrayList.java:1597)
	at org.testng.TestRunner.privateRun(TestRunner.java:794)
	at org.testng.TestRunner.run(TestRunner.java:596)
	at org.testng.SuiteRunner.runTest(SuiteRunner.java:377)
	at org.testng.SuiteRunner.runSequentially(SuiteRunner.java:371)
	at org.testng.SuiteRunner.privateRun(SuiteRunner.java:332)
	at org.testng.SuiteRunner.run(SuiteRunner.java:276)
	at org.testng.SuiteRunnerWorker.runSuite(SuiteRunnerWorker.java:53)
	at org.testng.SuiteRunnerWorker.run(SuiteRunnerWorker.java:96)
	at org.testng.TestNG.runSuitesSequentially(TestNG.java:1212)
	at org.testng.TestNG.runSuitesLocally(TestNG.java:1134)
	at org.testng.TestNG.runSuites(TestNG.java:1063)
	at org.testng.TestNG.run(TestNG.java:1031)
	at org.apache.maven.surefire.testng.TestNGExecutor.run(TestNGExecutor.java:155)
	at org.apache.maven.surefire.testng.TestNGDirectoryTestSuite.executeMulti(TestNGDirectoryTestSuite.java:169)
	at org.apache.maven.surefire.testng.TestNGDirectoryTestSuite.execute(TestNGDirectoryTestSuite.java:88)
	at org.apache.maven.surefire.testng.TestNGProvider.invoke(TestNGProvider.java:137)
	at org.apache.maven.surefire.booter.ForkedBooter.runSuitesInProcess(ForkedBooter.java:385)
	at org.apache.maven.surefire.booter.ForkedBooter.execute(ForkedBooter.java:162)
	at org.apache.maven.surefire.booter.ForkedBooter.run(ForkedBooter.java:507)
	at org.apache.maven.surefire.booter.ForkedBooter.main(ForkedBooter.java:495)
Caused by: java.io.IOException: Test data file not found: testdata/POD2_ProviderDataPU.json
	at com.dyp.base.TestDataUtil.loadTestData(TestDataUtil.java:19)
	at com.dyp.base.BaseTest.setupPodTestData(BaseTest.java:87)
	... 30 more
]]></failure>
  </testcase>
  <testcase name="beforeMethod" classname="POD2_ProviderDataPU.invalid.GetApprovedDocumentsNegativeTest" time="0.0">
    <skipped/>
  </testcase>
  <testcase name="testApprovedDocumentsWithInvalidParameters" classname="POD2_ProviderDataPU.invalid.GetApprovedDocumentsNegativeTest" time="0.0">
    <skipped message="Test data setup failed"/>
  </testcase>
  <testcase name="afterMethod" classname="POD2_ProviderDataPU.invalid.GetApprovedDocumentsNegativeTest" time="0.0">
    <skipped/>
  </testcase>
  <testcase name="cleanupClass" classname="POD2_ProviderDataPU.invalid.GetApprovedDocumentsNegativeTest" time="0.0">
    <skipped/>
  </testcase>
  <testcase name="setup" classname="POD2_ProviderDataPU.invalid.GetServiceLocationNamesNegativeTest" time="0.001">
    <failure message="Test data setup failed" type="java.lang.RuntimeException"><![CDATA[java.lang.RuntimeException: Test data setup failed
	at com.dyp.base.BaseTest.setupPodTestData(BaseTest.java:90)
	at POD2_ProviderDataPU.invalid.GetServiceLocationNamesNegativeTest.setup(GetServiceLocationNamesNegativeTest.java:38)
	at java.base/jdk.internal.reflect.DirectMethodHandleAccessor.invoke(DirectMethodHandleAccessor.java:103)
	at java.base/java.lang.reflect.Method.invoke(Method.java:580)
	at org.testng.internal.MethodInvocationHelper.invokeMethod(MethodInvocationHelper.java:133)
	at org.testng.internal.MethodInvocationHelper.invokeMethodConsideringTimeout(MethodInvocationHelper.java:62)
	at org.testng.internal.ConfigInvoker.invokeConfigurationMethod(ConfigInvoker.java:385)
	at org.testng.internal.ConfigInvoker.invokeConfigurations(ConfigInvoker.java:321)
	at org.testng.internal.TestMethodWorker.invokeBeforeClassMethods(TestMethodWorker.java:176)
	at org.testng.internal.TestMethodWorker.run(TestMethodWorker.java:122)
	at java.base/java.util.ArrayList.forEach(ArrayList.java:1597)
	at org.testng.TestRunner.privateRun(TestRunner.java:794)
	at org.testng.TestRunner.run(TestRunner.java:596)
	at org.testng.SuiteRunner.runTest(SuiteRunner.java:377)
	at org.testng.SuiteRunner.runSequentially(SuiteRunner.java:371)
	at org.testng.SuiteRunner.privateRun(SuiteRunner.java:332)
	at org.testng.SuiteRunner.run(SuiteRunner.java:276)
	at org.testng.SuiteRunnerWorker.runSuite(SuiteRunnerWorker.java:53)
	at org.testng.SuiteRunnerWorker.run(SuiteRunnerWorker.java:96)
	at org.testng.TestNG.runSuitesSequentially(TestNG.java:1212)
	at org.testng.TestNG.runSuitesLocally(TestNG.java:1134)
	at org.testng.TestNG.runSuites(TestNG.java:1063)
	at org.testng.TestNG.run(TestNG.java:1031)
	at org.apache.maven.surefire.testng.TestNGExecutor.run(TestNGExecutor.java:155)
	at org.apache.maven.surefire.testng.TestNGDirectoryTestSuite.executeMulti(TestNGDirectoryTestSuite.java:169)
	at org.apache.maven.surefire.testng.TestNGDirectoryTestSuite.execute(TestNGDirectoryTestSuite.java:88)
	at org.apache.maven.surefire.testng.TestNGProvider.invoke(TestNGProvider.java:137)
	at org.apache.maven.surefire.booter.ForkedBooter.runSuitesInProcess(ForkedBooter.java:385)
	at org.apache.maven.surefire.booter.ForkedBooter.execute(ForkedBooter.java:162)
	at org.apache.maven.surefire.booter.ForkedBooter.run(ForkedBooter.java:507)
	at org.apache.maven.surefire.booter.ForkedBooter.main(ForkedBooter.java:495)
Caused by: java.io.IOException: Test data file not found: testdata/POD2_ProviderDataPU.json
	at com.dyp.base.TestDataUtil.loadTestData(TestDataUtil.java:19)
	at com.dyp.base.BaseTest.setupPodTestData(BaseTest.java:87)
	... 30 more
]]></failure>
  </testcase>
  <testcase name="beforeMethod" classname="POD2_ProviderDataPU.invalid.GetServiceLocationNamesNegativeTest" time="0.0">
    <skipped/>
  </testcase>
  <testcase name="testServiceLocationNamesWithInvalidParameters" classname="POD2_ProviderDataPU.invalid.GetServiceLocationNamesNegativeTest" time="0.0">
    <skipped message="Test data setup failed"/>
  </testcase>
  <testcase name="afterMethod" classname="POD2_ProviderDataPU.invalid.GetServiceLocationNamesNegativeTest" time="0.0">
    <skipped/>
  </testcase>
  <testcase name="cleanupClass" classname="POD2_ProviderDataPU.invalid.GetServiceLocationNamesNegativeTest" time="0.0">
    <skipped/>
  </testcase>
  <testcase name="setup" classname="POD2_ProviderDataPU.invalid.ProviderAffiliationsNegativeTest" time="0.001">
    <failure message="Test data setup failed" type="java.lang.RuntimeException"><![CDATA[java.lang.RuntimeException: Test data setup failed
	at com.dyp.base.BaseTest.setupPodTestData(BaseTest.java:90)
	at POD2_ProviderDataPU.invalid.ProviderAffiliationsNegativeTest.setup(ProviderAffiliationsNegativeTest.java:38)
	at java.base/jdk.internal.reflect.DirectMethodHandleAccessor.invoke(DirectMethodHandleAccessor.java:103)
	at java.base/java.lang.reflect.Method.invoke(Method.java:580)
	at org.testng.internal.MethodInvocationHelper.invokeMethod(MethodInvocationHelper.java:133)
	at org.testng.internal.MethodInvocationHelper.invokeMethodConsideringTimeout(MethodInvocationHelper.java:62)
	at org.testng.internal.ConfigInvoker.invokeConfigurationMethod(ConfigInvoker.java:385)
	at org.testng.internal.ConfigInvoker.invokeConfigurations(ConfigInvoker.java:321)
	at org.testng.internal.TestMethodWorker.invokeBeforeClassMethods(TestMethodWorker.java:176)
	at org.testng.internal.TestMethodWorker.run(TestMethodWorker.java:122)
	at java.base/java.util.ArrayList.forEach(ArrayList.java:1597)
	at org.testng.TestRunner.privateRun(TestRunner.java:794)
	at org.testng.TestRunner.run(TestRunner.java:596)
	at org.testng.SuiteRunner.runTest(SuiteRunner.java:377)
	at org.testng.SuiteRunner.runSequentially(SuiteRunner.java:371)
	at org.testng.SuiteRunner.privateRun(SuiteRunner.java:332)
	at org.testng.SuiteRunner.run(SuiteRunner.java:276)
	at org.testng.SuiteRunnerWorker.runSuite(SuiteRunnerWorker.java:53)
	at org.testng.SuiteRunnerWorker.run(SuiteRunnerWorker.java:96)
	at org.testng.TestNG.runSuitesSequentially(TestNG.java:1212)
	at org.testng.TestNG.runSuitesLocally(TestNG.java:1134)
	at org.testng.TestNG.runSuites(TestNG.java:1063)
	at org.testng.TestNG.run(TestNG.java:1031)
	at org.apache.maven.surefire.testng.TestNGExecutor.run(TestNGExecutor.java:155)
	at org.apache.maven.surefire.testng.TestNGDirectoryTestSuite.executeMulti(TestNGDirectoryTestSuite.java:169)
	at org.apache.maven.surefire.testng.TestNGDirectoryTestSuite.execute(TestNGDirectoryTestSuite.java:88)
	at org.apache.maven.surefire.testng.TestNGProvider.invoke(TestNGProvider.java:137)
	at org.apache.maven.surefire.booter.ForkedBooter.runSuitesInProcess(ForkedBooter.java:385)
	at org.apache.maven.surefire.booter.ForkedBooter.execute(ForkedBooter.java:162)
	at org.apache.maven.surefire.booter.ForkedBooter.run(ForkedBooter.java:507)
	at org.apache.maven.surefire.booter.ForkedBooter.main(ForkedBooter.java:495)
Caused by: java.io.IOException: Test data file not found: testdata/POD2_ProviderDataPU.json
	at com.dyp.base.TestDataUtil.loadTestData(TestDataUtil.java:19)
	at com.dyp.base.BaseTest.setupPodTestData(BaseTest.java:87)
	... 30 more
]]></failure>
  </testcase>
  <testcase name="beforeMethod" classname="POD2_ProviderDataPU.invalid.ProviderAffiliationsNegativeTest" time="0.0">
    <skipped/>
  </testcase>
  <testcase name="testProviderAffiliationsWithInvalidParameters" classname="POD2_ProviderDataPU.invalid.ProviderAffiliationsNegativeTest" time="0.0">
    <skipped message="Test data setup failed"/>
  </testcase>
  <testcase name="afterMethod" classname="POD2_ProviderDataPU.invalid.ProviderAffiliationsNegativeTest" time="0.0">
    <skipped/>
  </testcase>
  <testcase name="cleanupClass" classname="POD2_ProviderDataPU.invalid.ProviderAffiliationsNegativeTest" time="0.0">
    <skipped/>
  </testcase>
  <testcase name="setup" classname="POD2_ProviderDataPU.invalid.ProviderDataNegativeTest" time="0.001">
    <failure message="Test data setup failed" type="java.lang.RuntimeException"><![CDATA[java.lang.RuntimeException: Test data setup failed
	at com.dyp.base.BaseTest.setupPodTestData(BaseTest.java:90)
	at POD2_ProviderDataPU.invalid.ProviderDataNegativeTest.setup(ProviderDataNegativeTest.java:38)
	at java.base/jdk.internal.reflect.DirectMethodHandleAccessor.invoke(DirectMethodHandleAccessor.java:103)
	at java.base/java.lang.reflect.Method.invoke(Method.java:580)
	at org.testng.internal.MethodInvocationHelper.invokeMethod(MethodInvocationHelper.java:133)
	at org.testng.internal.MethodInvocationHelper.invokeMethodConsideringTimeout(MethodInvocationHelper.java:62)
	at org.testng.internal.ConfigInvoker.invokeConfigurationMethod(ConfigInvoker.java:385)
	at org.testng.internal.ConfigInvoker.invokeConfigurations(ConfigInvoker.java:321)
	at org.testng.internal.TestMethodWorker.invokeBeforeClassMethods(TestMethodWorker.java:176)
	at org.testng.internal.TestMethodWorker.run(TestMethodWorker.java:122)
	at java.base/java.util.ArrayList.forEach(ArrayList.java:1597)
	at org.testng.TestRunner.privateRun(TestRunner.java:794)
	at org.testng.TestRunner.run(TestRunner.java:596)
	at org.testng.SuiteRunner.runTest(SuiteRunner.java:377)
	at org.testng.SuiteRunner.runSequentially(SuiteRunner.java:371)
	at org.testng.SuiteRunner.privateRun(SuiteRunner.java:332)
	at org.testng.SuiteRunner.run(SuiteRunner.java:276)
	at org.testng.SuiteRunnerWorker.runSuite(SuiteRunnerWorker.java:53)
	at org.testng.SuiteRunnerWorker.run(SuiteRunnerWorker.java:96)
	at org.testng.TestNG.runSuitesSequentially(TestNG.java:1212)
	at org.testng.TestNG.runSuitesLocally(TestNG.java:1134)
	at org.testng.TestNG.runSuites(TestNG.java:1063)
	at org.testng.TestNG.run(TestNG.java:1031)
	at org.apache.maven.surefire.testng.TestNGExecutor.run(TestNGExecutor.java:155)
	at org.apache.maven.surefire.testng.TestNGDirectoryTestSuite.executeMulti(TestNGDirectoryTestSuite.java:169)
	at org.apache.maven.surefire.testng.TestNGDirectoryTestSuite.execute(TestNGDirectoryTestSuite.java:88)
	at org.apache.maven.surefire.testng.TestNGProvider.invoke(TestNGProvider.java:137)
	at org.apache.maven.surefire.booter.ForkedBooter.runSuitesInProcess(ForkedBooter.java:385)
	at org.apache.maven.surefire.booter.ForkedBooter.execute(ForkedBooter.java:162)
	at org.apache.maven.surefire.booter.ForkedBooter.run(ForkedBooter.java:507)
	at org.apache.maven.surefire.booter.ForkedBooter.main(ForkedBooter.java:495)
Caused by: java.io.IOException: Test data file not found: testdata/POD2_ProviderDataPU.json
	at com.dyp.base.TestDataUtil.loadTestData(TestDataUtil.java:19)
	at com.dyp.base.BaseTest.setupPodTestData(BaseTest.java:87)
	... 30 more
]]></failure>
  </testcase>
  <testcase name="beforeMethod" classname="POD2_ProviderDataPU.invalid.ProviderDataNegativeTest" time="0.0">
    <skipped/>
  </testcase>
  <testcase name="testProviderDataWithInvalidParameters" classname="POD2_ProviderDataPU.invalid.ProviderDataNegativeTest" time="0.0">
    <skipped message="Test data setup failed"/>
  </testcase>
  <testcase name="afterMethod" classname="POD2_ProviderDataPU.invalid.ProviderDataNegativeTest" time="0.0">
    <skipped/>
  </testcase>
  <testcase name="cleanupClass" classname="POD2_ProviderDataPU.invalid.ProviderDataNegativeTest" time="0.0">
    <skipped/>
  </testcase>
  <testcase name="setup" classname="POD2_ProviderDataPU.invalid.SSLSearchNegativeTest" time="0.002">
    <failure message="Test data setup failed" type="java.lang.RuntimeException"><![CDATA[java.lang.RuntimeException: Test data setup failed
	at com.dyp.base.BaseTest.setupPodTestData(BaseTest.java:90)
	at POD2_ProviderDataPU.invalid.SSLSearchNegativeTest.setup(SSLSearchNegativeTest.java:38)
	at java.base/jdk.internal.reflect.DirectMethodHandleAccessor.invoke(DirectMethodHandleAccessor.java:103)
	at java.base/java.lang.reflect.Method.invoke(Method.java:580)
	at org.testng.internal.MethodInvocationHelper.invokeMethod(MethodInvocationHelper.java:133)
	at org.testng.internal.MethodInvocationHelper.invokeMethodConsideringTimeout(MethodInvocationHelper.java:62)
	at org.testng.internal.ConfigInvoker.invokeConfigurationMethod(ConfigInvoker.java:385)
	at org.testng.internal.ConfigInvoker.invokeConfigurations(ConfigInvoker.java:321)
	at org.testng.internal.TestMethodWorker.invokeBeforeClassMethods(TestMethodWorker.java:176)
	at org.testng.internal.TestMethodWorker.run(TestMethodWorker.java:122)
	at java.base/java.util.ArrayList.forEach(ArrayList.java:1597)
	at org.testng.TestRunner.privateRun(TestRunner.java:794)
	at org.testng.TestRunner.run(TestRunner.java:596)
	at org.testng.SuiteRunner.runTest(SuiteRunner.java:377)
	at org.testng.SuiteRunner.runSequentially(SuiteRunner.java:371)
	at org.testng.SuiteRunner.privateRun(SuiteRunner.java:332)
	at org.testng.SuiteRunner.run(SuiteRunner.java:276)
	at org.testng.SuiteRunnerWorker.runSuite(SuiteRunnerWorker.java:53)
	at org.testng.SuiteRunnerWorker.run(SuiteRunnerWorker.java:96)
	at org.testng.TestNG.runSuitesSequentially(TestNG.java:1212)
	at org.testng.TestNG.runSuitesLocally(TestNG.java:1134)
	at org.testng.TestNG.runSuites(TestNG.java:1063)
	at org.testng.TestNG.run(TestNG.java:1031)
	at org.apache.maven.surefire.testng.TestNGExecutor.run(TestNGExecutor.java:155)
	at org.apache.maven.surefire.testng.TestNGDirectoryTestSuite.executeMulti(TestNGDirectoryTestSuite.java:169)
	at org.apache.maven.surefire.testng.TestNGDirectoryTestSuite.execute(TestNGDirectoryTestSuite.java:88)
	at org.apache.maven.surefire.testng.TestNGProvider.invoke(TestNGProvider.java:137)
	at org.apache.maven.surefire.booter.ForkedBooter.runSuitesInProcess(ForkedBooter.java:385)
	at org.apache.maven.surefire.booter.ForkedBooter.execute(ForkedBooter.java:162)
	at org.apache.maven.surefire.booter.ForkedBooter.run(ForkedBooter.java:507)
	at org.apache.maven.surefire.booter.ForkedBooter.main(ForkedBooter.java:495)
Caused by: java.io.IOException: Test data file not found: testdata/POD2_ProviderDataPU.json
	at com.dyp.base.TestDataUtil.loadTestData(TestDataUtil.java:19)
	at com.dyp.base.BaseTest.setupPodTestData(BaseTest.java:87)
	... 30 more
]]></failure>
  </testcase>
  <testcase name="beforeMethod" classname="POD2_ProviderDataPU.invalid.SSLSearchNegativeTest" time="0.0">
    <skipped/>
  </testcase>
  <testcase name="testsslSearchWithInvalidParameters" classname="POD2_ProviderDataPU.invalid.SSLSearchNegativeTest" time="0.0">
    <skipped message="Test data setup failed"/>
  </testcase>
  <testcase name="afterMethod" classname="POD2_ProviderDataPU.invalid.SSLSearchNegativeTest" time="0.0">
    <skipped/>
  </testcase>
  <testcase name="cleanupClass" classname="POD2_ProviderDataPU.invalid.SSLSearchNegativeTest" time="0.0">
    <skipped/>
  </testcase>
  <testcase name="setup" classname="POD2_ProviderDataPU.invalid.TimelineAPINegativeTest" time="0.001">
    <failure message="Test data setup failed" type="java.lang.RuntimeException"><![CDATA[java.lang.RuntimeException: Test data setup failed
	at com.dyp.base.BaseTest.setupPodTestData(BaseTest.java:90)
	at POD2_ProviderDataPU.invalid.TimelineAPINegativeTest.setup(TimelineAPINegativeTest.java:38)
	at java.base/jdk.internal.reflect.DirectMethodHandleAccessor.invoke(DirectMethodHandleAccessor.java:103)
	at java.base/java.lang.reflect.Method.invoke(Method.java:580)
	at org.testng.internal.MethodInvocationHelper.invokeMethod(MethodInvocationHelper.java:133)
	at org.testng.internal.MethodInvocationHelper.invokeMethodConsideringTimeout(MethodInvocationHelper.java:62)
	at org.testng.internal.ConfigInvoker.invokeConfigurationMethod(ConfigInvoker.java:385)
	at org.testng.internal.ConfigInvoker.invokeConfigurations(ConfigInvoker.java:321)
	at org.testng.internal.TestMethodWorker.invokeBeforeClassMethods(TestMethodWorker.java:176)
	at org.testng.internal.TestMethodWorker.run(TestMethodWorker.java:122)
	at java.base/java.util.ArrayList.forEach(ArrayList.java:1597)
	at org.testng.TestRunner.privateRun(TestRunner.java:794)
	at org.testng.TestRunner.run(TestRunner.java:596)
	at org.testng.SuiteRunner.runTest(SuiteRunner.java:377)
	at org.testng.SuiteRunner.runSequentially(SuiteRunner.java:371)
	at org.testng.SuiteRunner.privateRun(SuiteRunner.java:332)
	at org.testng.SuiteRunner.run(SuiteRunner.java:276)
	at org.testng.SuiteRunnerWorker.runSuite(SuiteRunnerWorker.java:53)
	at org.testng.SuiteRunnerWorker.run(SuiteRunnerWorker.java:96)
	at org.testng.TestNG.runSuitesSequentially(TestNG.java:1212)
	at org.testng.TestNG.runSuitesLocally(TestNG.java:1134)
	at org.testng.TestNG.runSuites(TestNG.java:1063)
	at org.testng.TestNG.run(TestNG.java:1031)
	at org.apache.maven.surefire.testng.TestNGExecutor.run(TestNGExecutor.java:155)
	at org.apache.maven.surefire.testng.TestNGDirectoryTestSuite.executeMulti(TestNGDirectoryTestSuite.java:169)
	at org.apache.maven.surefire.testng.TestNGDirectoryTestSuite.execute(TestNGDirectoryTestSuite.java:88)
	at org.apache.maven.surefire.testng.TestNGProvider.invoke(TestNGProvider.java:137)
	at org.apache.maven.surefire.booter.ForkedBooter.runSuitesInProcess(ForkedBooter.java:385)
	at org.apache.maven.surefire.booter.ForkedBooter.execute(ForkedBooter.java:162)
	at org.apache.maven.surefire.booter.ForkedBooter.run(ForkedBooter.java:507)
	at org.apache.maven.surefire.booter.ForkedBooter.main(ForkedBooter.java:495)
Caused by: java.io.IOException: Test data file not found: testdata/POD2_ProviderDataPU.json
	at com.dyp.base.TestDataUtil.loadTestData(TestDataUtil.java:19)
	at com.dyp.base.BaseTest.setupPodTestData(BaseTest.java:87)
	... 30 more
]]></failure>
  </testcase>
  <testcase name="beforeMethod" classname="POD2_ProviderDataPU.invalid.TimelineAPINegativeTest" time="0.0">
    <skipped/>
  </testcase>
  <testcase name="testTimelineWithInvalidParameters" classname="POD2_ProviderDataPU.invalid.TimelineAPINegativeTest" time="0.0">
    <skipped message="Test data setup failed"/>
  </testcase>
  <testcase name="afterMethod" classname="POD2_ProviderDataPU.invalid.TimelineAPINegativeTest" time="0.0">
    <skipped/>
  </testcase>
  <testcase name="cleanupClass" classname="POD2_ProviderDataPU.invalid.TimelineAPINegativeTest" time="0.0">
    <skipped/>
  </testcase>
  <testcase name="setup" classname="POD2_ProviderDataPU.valid.AllProviderStatusTest" time="0.001">
    <failure message="Test data setup failed" type="java.lang.RuntimeException"><![CDATA[java.lang.RuntimeException: Test data setup failed
	at com.dyp.base.BaseTest.setupPodTestData(BaseTest.java:90)
	at POD2_ProviderDataPU.valid.AllProviderStatusTest.setup(AllProviderStatusTest.java:38)
	at java.base/jdk.internal.reflect.DirectMethodHandleAccessor.invoke(DirectMethodHandleAccessor.java:103)
	at java.base/java.lang.reflect.Method.invoke(Method.java:580)
	at org.testng.internal.MethodInvocationHelper.invokeMethod(MethodInvocationHelper.java:133)
	at org.testng.internal.MethodInvocationHelper.invokeMethodConsideringTimeout(MethodInvocationHelper.java:62)
	at org.testng.internal.ConfigInvoker.invokeConfigurationMethod(ConfigInvoker.java:385)
	at org.testng.internal.ConfigInvoker.invokeConfigurations(ConfigInvoker.java:321)
	at org.testng.internal.TestMethodWorker.invokeBeforeClassMethods(TestMethodWorker.java:176)
	at org.testng.internal.TestMethodWorker.run(TestMethodWorker.java:122)
	at java.base/java.util.ArrayList.forEach(ArrayList.java:1597)
	at org.testng.TestRunner.privateRun(TestRunner.java:794)
	at org.testng.TestRunner.run(TestRunner.java:596)
	at org.testng.SuiteRunner.runTest(SuiteRunner.java:377)
	at org.testng.SuiteRunner.runSequentially(SuiteRunner.java:371)
	at org.testng.SuiteRunner.privateRun(SuiteRunner.java:332)
	at org.testng.SuiteRunner.run(SuiteRunner.java:276)
	at org.testng.SuiteRunnerWorker.runSuite(SuiteRunnerWorker.java:53)
	at org.testng.SuiteRunnerWorker.run(SuiteRunnerWorker.java:96)
	at org.testng.TestNG.runSuitesSequentially(TestNG.java:1212)
	at org.testng.TestNG.runSuitesLocally(TestNG.java:1134)
	at org.testng.TestNG.runSuites(TestNG.java:1063)
	at org.testng.TestNG.run(TestNG.java:1031)
	at org.apache.maven.surefire.testng.TestNGExecutor.run(TestNGExecutor.java:155)
	at org.apache.maven.surefire.testng.TestNGDirectoryTestSuite.executeMulti(TestNGDirectoryTestSuite.java:169)
	at org.apache.maven.surefire.testng.TestNGDirectoryTestSuite.execute(TestNGDirectoryTestSuite.java:88)
	at org.apache.maven.surefire.testng.TestNGProvider.invoke(TestNGProvider.java:137)
	at org.apache.maven.surefire.booter.ForkedBooter.runSuitesInProcess(ForkedBooter.java:385)
	at org.apache.maven.surefire.booter.ForkedBooter.execute(ForkedBooter.java:162)
	at org.apache.maven.surefire.booter.ForkedBooter.run(ForkedBooter.java:507)
	at org.apache.maven.surefire.booter.ForkedBooter.main(ForkedBooter.java:495)
Caused by: java.io.IOException: Test data file not found: testdata/POD2_ProviderDataPU.json
	at com.dyp.base.TestDataUtil.loadTestData(TestDataUtil.java:19)
	at com.dyp.base.BaseTest.setupPodTestData(BaseTest.java:87)
	... 30 more
]]></failure>
  </testcase>
  <testcase name="beforeMethod" classname="POD2_ProviderDataPU.valid.AllProviderStatusTest" time="0.0">
    <skipped/>
  </testcase>
  <testcase name="testAllProviderStatus" classname="POD2_ProviderDataPU.valid.AllProviderStatusTest" time="0.0">
    <skipped message="Test data setup failed"/>
  </testcase>
  <testcase name="afterMethod" classname="POD2_ProviderDataPU.valid.AllProviderStatusTest" time="0.0">
    <skipped/>
  </testcase>
  <testcase name="cleanupClass" classname="POD2_ProviderDataPU.valid.AllProviderStatusTest" time="0.0">
    <skipped/>
  </testcase>
  <testcase name="setup" classname="POD2_ProviderDataPU.valid.EnrollmentsTest" time="0.003">
    <failure message="Test data setup failed" type="java.lang.RuntimeException"><![CDATA[java.lang.RuntimeException: Test data setup failed
	at com.dyp.base.BaseTest.setupPodTestData(BaseTest.java:90)
	at POD2_ProviderDataPU.valid.EnrollmentsTest.setup(EnrollmentsTest.java:38)
	at java.base/jdk.internal.reflect.DirectMethodHandleAccessor.invoke(DirectMethodHandleAccessor.java:103)
	at java.base/java.lang.reflect.Method.invoke(Method.java:580)
	at org.testng.internal.MethodInvocationHelper.invokeMethod(MethodInvocationHelper.java:133)
	at org.testng.internal.MethodInvocationHelper.invokeMethodConsideringTimeout(MethodInvocationHelper.java:62)
	at org.testng.internal.ConfigInvoker.invokeConfigurationMethod(ConfigInvoker.java:385)
	at org.testng.internal.ConfigInvoker.invokeConfigurations(ConfigInvoker.java:321)
	at org.testng.internal.TestMethodWorker.invokeBeforeClassMethods(TestMethodWorker.java:176)
	at org.testng.internal.TestMethodWorker.run(TestMethodWorker.java:122)
	at java.base/java.util.ArrayList.forEach(ArrayList.java:1597)
	at org.testng.TestRunner.privateRun(TestRunner.java:794)
	at org.testng.TestRunner.run(TestRunner.java:596)
	at org.testng.SuiteRunner.runTest(SuiteRunner.java:377)
	at org.testng.SuiteRunner.runSequentially(SuiteRunner.java:371)
	at org.testng.SuiteRunner.privateRun(SuiteRunner.java:332)
	at org.testng.SuiteRunner.run(SuiteRunner.java:276)
	at org.testng.SuiteRunnerWorker.runSuite(SuiteRunnerWorker.java:53)
	at org.testng.SuiteRunnerWorker.run(SuiteRunnerWorker.java:96)
	at org.testng.TestNG.runSuitesSequentially(TestNG.java:1212)
	at org.testng.TestNG.runSuitesLocally(TestNG.java:1134)
	at org.testng.TestNG.runSuites(TestNG.java:1063)
	at org.testng.TestNG.run(TestNG.java:1031)
	at org.apache.maven.surefire.testng.TestNGExecutor.run(TestNGExecutor.java:155)
	at org.apache.maven.surefire.testng.TestNGDirectoryTestSuite.executeMulti(TestNGDirectoryTestSuite.java:169)
	at org.apache.maven.surefire.testng.TestNGDirectoryTestSuite.execute(TestNGDirectoryTestSuite.java:88)
	at org.apache.maven.surefire.testng.TestNGProvider.invoke(TestNGProvider.java:137)
	at org.apache.maven.surefire.booter.ForkedBooter.runSuitesInProcess(ForkedBooter.java:385)
	at org.apache.maven.surefire.booter.ForkedBooter.execute(ForkedBooter.java:162)
	at org.apache.maven.surefire.booter.ForkedBooter.run(ForkedBooter.java:507)
	at org.apache.maven.surefire.booter.ForkedBooter.main(ForkedBooter.java:495)
Caused by: java.io.IOException: Test data file not found: testdata/POD2_ProviderDataPU.json
	at com.dyp.base.TestDataUtil.loadTestData(TestDataUtil.java:19)
	at com.dyp.base.BaseTest.setupPodTestData(BaseTest.java:87)
	... 30 more
]]></failure>
  </testcase>
  <testcase name="beforeMethod" classname="POD2_ProviderDataPU.valid.EnrollmentsTest" time="0.0">
    <skipped/>
  </testcase>
  <testcase name="testEnrollments" classname="POD2_ProviderDataPU.valid.EnrollmentsTest" time="0.0">
    <skipped message="Test data setup failed"/>
  </testcase>
  <testcase name="afterMethod" classname="POD2_ProviderDataPU.valid.EnrollmentsTest" time="0.0">
    <skipped/>
  </testcase>
  <testcase name="cleanupClass" classname="POD2_ProviderDataPU.valid.EnrollmentsTest" time="0.0">
    <skipped/>
  </testcase>
  <testcase name="setup" classname="POD2_ProviderDataPU.valid.GetApprovedDocumentsTest" time="0.0">
    <failure message="Test data setup failed" type="java.lang.RuntimeException"><![CDATA[java.lang.RuntimeException: Test data setup failed
	at com.dyp.base.BaseTest.setupPodTestData(BaseTest.java:90)
	at POD2_ProviderDataPU.valid.GetApprovedDocumentsTest.setup(GetApprovedDocumentsTest.java:38)
	at java.base/jdk.internal.reflect.DirectMethodHandleAccessor.invoke(DirectMethodHandleAccessor.java:103)
	at java.base/java.lang.reflect.Method.invoke(Method.java:580)
	at org.testng.internal.MethodInvocationHelper.invokeMethod(MethodInvocationHelper.java:133)
	at org.testng.internal.MethodInvocationHelper.invokeMethodConsideringTimeout(MethodInvocationHelper.java:62)
	at org.testng.internal.ConfigInvoker.invokeConfigurationMethod(ConfigInvoker.java:385)
	at org.testng.internal.ConfigInvoker.invokeConfigurations(ConfigInvoker.java:321)
	at org.testng.internal.TestMethodWorker.invokeBeforeClassMethods(TestMethodWorker.java:176)
	at org.testng.internal.TestMethodWorker.run(TestMethodWorker.java:122)
	at java.base/java.util.ArrayList.forEach(ArrayList.java:1597)
	at org.testng.TestRunner.privateRun(TestRunner.java:794)
	at org.testng.TestRunner.run(TestRunner.java:596)
	at org.testng.SuiteRunner.runTest(SuiteRunner.java:377)
	at org.testng.SuiteRunner.runSequentially(SuiteRunner.java:371)
	at org.testng.SuiteRunner.privateRun(SuiteRunner.java:332)
	at org.testng.SuiteRunner.run(SuiteRunner.java:276)
	at org.testng.SuiteRunnerWorker.runSuite(SuiteRunnerWorker.java:53)
	at org.testng.SuiteRunnerWorker.run(SuiteRunnerWorker.java:96)
	at org.testng.TestNG.runSuitesSequentially(TestNG.java:1212)
	at org.testng.TestNG.runSuitesLocally(TestNG.java:1134)
	at org.testng.TestNG.runSuites(TestNG.java:1063)
	at org.testng.TestNG.run(TestNG.java:1031)
	at org.apache.maven.surefire.testng.TestNGExecutor.run(TestNGExecutor.java:155)
	at org.apache.maven.surefire.testng.TestNGDirectoryTestSuite.executeMulti(TestNGDirectoryTestSuite.java:169)
	at org.apache.maven.surefire.testng.TestNGDirectoryTestSuite.execute(TestNGDirectoryTestSuite.java:88)
	at org.apache.maven.surefire.testng.TestNGProvider.invoke(TestNGProvider.java:137)
	at org.apache.maven.surefire.booter.ForkedBooter.runSuitesInProcess(ForkedBooter.java:385)
	at org.apache.maven.surefire.booter.ForkedBooter.execute(ForkedBooter.java:162)
	at org.apache.maven.surefire.booter.ForkedBooter.run(ForkedBooter.java:507)
	at org.apache.maven.surefire.booter.ForkedBooter.main(ForkedBooter.java:495)
Caused by: java.io.IOException: Test data file not found: testdata/POD2_ProviderDataPU.json
	at com.dyp.base.TestDataUtil.loadTestData(TestDataUtil.java:19)
	at com.dyp.base.BaseTest.setupPodTestData(BaseTest.java:87)
	... 30 more
]]></failure>
  </testcase>
  <testcase name="beforeMethod" classname="POD2_ProviderDataPU.valid.GetApprovedDocumentsTest" time="0.0">
    <skipped/>
  </testcase>
  <testcase name="testGetApprovedDocuments" classname="POD2_ProviderDataPU.valid.GetApprovedDocumentsTest" time="0.0">
    <skipped message="Test data setup failed"/>
  </testcase>
  <testcase name="afterMethod" classname="POD2_ProviderDataPU.valid.GetApprovedDocumentsTest" time="0.0">
    <skipped/>
  </testcase>
  <testcase name="cleanupClass" classname="POD2_ProviderDataPU.valid.GetApprovedDocumentsTest" time="0.0">
    <skipped/>
  </testcase>
  <testcase name="setup" classname="POD2_ProviderDataPU.valid.GetServiceLocationNamesTest" time="0.001">
    <failure message="Test data setup failed" type="java.lang.RuntimeException"><![CDATA[java.lang.RuntimeException: Test data setup failed
	at com.dyp.base.BaseTest.setupPodTestData(BaseTest.java:90)
	at POD2_ProviderDataPU.valid.GetServiceLocationNamesTest.setup(GetServiceLocationNamesTest.java:38)
	at java.base/jdk.internal.reflect.DirectMethodHandleAccessor.invoke(DirectMethodHandleAccessor.java:103)
	at java.base/java.lang.reflect.Method.invoke(Method.java:580)
	at org.testng.internal.MethodInvocationHelper.invokeMethod(MethodInvocationHelper.java:133)
	at org.testng.internal.MethodInvocationHelper.invokeMethodConsideringTimeout(MethodInvocationHelper.java:62)
	at org.testng.internal.ConfigInvoker.invokeConfigurationMethod(ConfigInvoker.java:385)
	at org.testng.internal.ConfigInvoker.invokeConfigurations(ConfigInvoker.java:321)
	at org.testng.internal.TestMethodWorker.invokeBeforeClassMethods(TestMethodWorker.java:176)
	at org.testng.internal.TestMethodWorker.run(TestMethodWorker.java:122)
	at java.base/java.util.ArrayList.forEach(ArrayList.java:1597)
	at org.testng.TestRunner.privateRun(TestRunner.java:794)
	at org.testng.TestRunner.run(TestRunner.java:596)
	at org.testng.SuiteRunner.runTest(SuiteRunner.java:377)
	at org.testng.SuiteRunner.runSequentially(SuiteRunner.java:371)
	at org.testng.SuiteRunner.privateRun(SuiteRunner.java:332)
	at org.testng.SuiteRunner.run(SuiteRunner.java:276)
	at org.testng.SuiteRunnerWorker.runSuite(SuiteRunnerWorker.java:53)
	at org.testng.SuiteRunnerWorker.run(SuiteRunnerWorker.java:96)
	at org.testng.TestNG.runSuitesSequentially(TestNG.java:1212)
	at org.testng.TestNG.runSuitesLocally(TestNG.java:1134)
	at org.testng.TestNG.runSuites(TestNG.java:1063)
	at org.testng.TestNG.run(TestNG.java:1031)
	at org.apache.maven.surefire.testng.TestNGExecutor.run(TestNGExecutor.java:155)
	at org.apache.maven.surefire.testng.TestNGDirectoryTestSuite.executeMulti(TestNGDirectoryTestSuite.java:169)
	at org.apache.maven.surefire.testng.TestNGDirectoryTestSuite.execute(TestNGDirectoryTestSuite.java:88)
	at org.apache.maven.surefire.testng.TestNGProvider.invoke(TestNGProvider.java:137)
	at org.apache.maven.surefire.booter.ForkedBooter.runSuitesInProcess(ForkedBooter.java:385)
	at org.apache.maven.surefire.booter.ForkedBooter.execute(ForkedBooter.java:162)
	at org.apache.maven.surefire.booter.ForkedBooter.run(ForkedBooter.java:507)
	at org.apache.maven.surefire.booter.ForkedBooter.main(ForkedBooter.java:495)
Caused by: java.io.IOException: Test data file not found: testdata/POD2_ProviderDataPU.json
	at com.dyp.base.TestDataUtil.loadTestData(TestDataUtil.java:19)
	at com.dyp.base.BaseTest.setupPodTestData(BaseTest.java:87)
	... 30 more
]]></failure>
  </testcase>
  <testcase name="beforeMethod" classname="POD2_ProviderDataPU.valid.GetServiceLocationNamesTest" time="0.0">
    <skipped/>
  </testcase>
  <testcase name="testGetServiceLocationNames" classname="POD2_ProviderDataPU.valid.GetServiceLocationNamesTest" time="0.0">
    <skipped message="Test data setup failed"/>
  </testcase>
  <testcase name="afterMethod" classname="POD2_ProviderDataPU.valid.GetServiceLocationNamesTest" time="0.0">
    <skipped/>
  </testcase>
  <testcase name="cleanupClass" classname="POD2_ProviderDataPU.valid.GetServiceLocationNamesTest" time="0.0">
    <skipped/>
  </testcase>
  <testcase name="setup" classname="POD2_ProviderDataPU.valid.ProviderAffiliationsTest" time="0.001">
    <failure message="Test data setup failed" type="java.lang.RuntimeException"><![CDATA[java.lang.RuntimeException: Test data setup failed
	at com.dyp.base.BaseTest.setupPodTestData(BaseTest.java:90)
	at POD2_ProviderDataPU.valid.ProviderAffiliationsTest.setup(ProviderAffiliationsTest.java:38)
	at java.base/jdk.internal.reflect.DirectMethodHandleAccessor.invoke(DirectMethodHandleAccessor.java:103)
	at java.base/java.lang.reflect.Method.invoke(Method.java:580)
	at org.testng.internal.MethodInvocationHelper.invokeMethod(MethodInvocationHelper.java:133)
	at org.testng.internal.MethodInvocationHelper.invokeMethodConsideringTimeout(MethodInvocationHelper.java:62)
	at org.testng.internal.ConfigInvoker.invokeConfigurationMethod(ConfigInvoker.java:385)
	at org.testng.internal.ConfigInvoker.invokeConfigurations(ConfigInvoker.java:321)
	at org.testng.internal.TestMethodWorker.invokeBeforeClassMethods(TestMethodWorker.java:176)
	at org.testng.internal.TestMethodWorker.run(TestMethodWorker.java:122)
	at java.base/java.util.ArrayList.forEach(ArrayList.java:1597)
	at org.testng.TestRunner.privateRun(TestRunner.java:794)
	at org.testng.TestRunner.run(TestRunner.java:596)
	at org.testng.SuiteRunner.runTest(SuiteRunner.java:377)
	at org.testng.SuiteRunner.runSequentially(SuiteRunner.java:371)
	at org.testng.SuiteRunner.privateRun(SuiteRunner.java:332)
	at org.testng.SuiteRunner.run(SuiteRunner.java:276)
	at org.testng.SuiteRunnerWorker.runSuite(SuiteRunnerWorker.java:53)
	at org.testng.SuiteRunnerWorker.run(SuiteRunnerWorker.java:96)
	at org.testng.TestNG.runSuitesSequentially(TestNG.java:1212)
	at org.testng.TestNG.runSuitesLocally(TestNG.java:1134)
	at org.testng.TestNG.runSuites(TestNG.java:1063)
	at org.testng.TestNG.run(TestNG.java:1031)
	at org.apache.maven.surefire.testng.TestNGExecutor.run(TestNGExecutor.java:155)
	at org.apache.maven.surefire.testng.TestNGDirectoryTestSuite.executeMulti(TestNGDirectoryTestSuite.java:169)
	at org.apache.maven.surefire.testng.TestNGDirectoryTestSuite.execute(TestNGDirectoryTestSuite.java:88)
	at org.apache.maven.surefire.testng.TestNGProvider.invoke(TestNGProvider.java:137)
	at org.apache.maven.surefire.booter.ForkedBooter.runSuitesInProcess(ForkedBooter.java:385)
	at org.apache.maven.surefire.booter.ForkedBooter.execute(ForkedBooter.java:162)
	at org.apache.maven.surefire.booter.ForkedBooter.run(ForkedBooter.java:507)
	at org.apache.maven.surefire.booter.ForkedBooter.main(ForkedBooter.java:495)
Caused by: java.io.IOException: Test data file not found: testdata/POD2_ProviderDataPU.json
	at com.dyp.base.TestDataUtil.loadTestData(TestDataUtil.java:19)
	at com.dyp.base.BaseTest.setupPodTestData(BaseTest.java:87)
	... 30 more
]]></failure>
  </testcase>
  <testcase name="beforeMethod" classname="POD2_ProviderDataPU.valid.ProviderAffiliationsTest" time="0.0">
    <skipped/>
  </testcase>
  <testcase name="testProviderAffiliations" classname="POD2_ProviderDataPU.valid.ProviderAffiliationsTest" time="0.0">
    <skipped message="Test data setup failed"/>
  </testcase>
  <testcase name="afterMethod" classname="POD2_ProviderDataPU.valid.ProviderAffiliationsTest" time="0.0">
    <skipped/>
  </testcase>
  <testcase name="cleanupClass" classname="POD2_ProviderDataPU.valid.ProviderAffiliationsTest" time="0.0">
    <skipped/>
  </testcase>
  <testcase name="setup" classname="POD2_ProviderDataPU.valid.ProviderDataTest" time="0.002">
    <failure message="Test data setup failed" type="java.lang.RuntimeException"><![CDATA[java.lang.RuntimeException: Test data setup failed
	at com.dyp.base.BaseTest.setupPodTestData(BaseTest.java:90)
	at POD2_ProviderDataPU.valid.ProviderDataTest.setup(ProviderDataTest.java:38)
	at java.base/jdk.internal.reflect.DirectMethodHandleAccessor.invoke(DirectMethodHandleAccessor.java:103)
	at java.base/java.lang.reflect.Method.invoke(Method.java:580)
	at org.testng.internal.MethodInvocationHelper.invokeMethod(MethodInvocationHelper.java:133)
	at org.testng.internal.MethodInvocationHelper.invokeMethodConsideringTimeout(MethodInvocationHelper.java:62)
	at org.testng.internal.ConfigInvoker.invokeConfigurationMethod(ConfigInvoker.java:385)
	at org.testng.internal.ConfigInvoker.invokeConfigurations(ConfigInvoker.java:321)
	at org.testng.internal.TestMethodWorker.invokeBeforeClassMethods(TestMethodWorker.java:176)
	at org.testng.internal.TestMethodWorker.run(TestMethodWorker.java:122)
	at java.base/java.util.ArrayList.forEach(ArrayList.java:1597)
	at org.testng.TestRunner.privateRun(TestRunner.java:794)
	at org.testng.TestRunner.run(TestRunner.java:596)
	at org.testng.SuiteRunner.runTest(SuiteRunner.java:377)
	at org.testng.SuiteRunner.runSequentially(SuiteRunner.java:371)
	at org.testng.SuiteRunner.privateRun(SuiteRunner.java:332)
	at org.testng.SuiteRunner.run(SuiteRunner.java:276)
	at org.testng.SuiteRunnerWorker.runSuite(SuiteRunnerWorker.java:53)
	at org.testng.SuiteRunnerWorker.run(SuiteRunnerWorker.java:96)
	at org.testng.TestNG.runSuitesSequentially(TestNG.java:1212)
	at org.testng.TestNG.runSuitesLocally(TestNG.java:1134)
	at org.testng.TestNG.runSuites(TestNG.java:1063)
	at org.testng.TestNG.run(TestNG.java:1031)
	at org.apache.maven.surefire.testng.TestNGExecutor.run(TestNGExecutor.java:155)
	at org.apache.maven.surefire.testng.TestNGDirectoryTestSuite.executeMulti(TestNGDirectoryTestSuite.java:169)
	at org.apache.maven.surefire.testng.TestNGDirectoryTestSuite.execute(TestNGDirectoryTestSuite.java:88)
	at org.apache.maven.surefire.testng.TestNGProvider.invoke(TestNGProvider.java:137)
	at org.apache.maven.surefire.booter.ForkedBooter.runSuitesInProcess(ForkedBooter.java:385)
	at org.apache.maven.surefire.booter.ForkedBooter.execute(ForkedBooter.java:162)
	at org.apache.maven.surefire.booter.ForkedBooter.run(ForkedBooter.java:507)
	at org.apache.maven.surefire.booter.ForkedBooter.main(ForkedBooter.java:495)
Caused by: java.io.IOException: Test data file not found: testdata/POD2_ProviderDataPU.json
	at com.dyp.base.TestDataUtil.loadTestData(TestDataUtil.java:19)
	at com.dyp.base.BaseTest.setupPodTestData(BaseTest.java:87)
	... 30 more
]]></failure>
  </testcase>
  <testcase name="beforeMethod" classname="POD2_ProviderDataPU.valid.ProviderDataTest" time="0.0">
    <skipped/>
  </testcase>
  <testcase name="testProviderData" classname="POD2_ProviderDataPU.valid.ProviderDataTest" time="0.0">
    <skipped message="Test data setup failed"/>
  </testcase>
  <testcase name="afterMethod" classname="POD2_ProviderDataPU.valid.ProviderDataTest" time="0.0">
    <skipped/>
  </testcase>
  <testcase name="cleanupClass" classname="POD2_ProviderDataPU.valid.ProviderDataTest" time="0.0">
    <skipped/>
  </testcase>
  <testcase name="setup" classname="POD2_ProviderDataPU.valid.ProviderHistoryTest" time="0.002">
    <failure message="Test data setup failed" type="java.lang.RuntimeException"><![CDATA[java.lang.RuntimeException: Test data setup failed
	at com.dyp.base.BaseTest.setupPodTestData(BaseTest.java:90)
	at POD2_ProviderDataPU.valid.ProviderHistoryTest.setup(ProviderHistoryTest.java:38)
	at java.base/jdk.internal.reflect.DirectMethodHandleAccessor.invoke(DirectMethodHandleAccessor.java:103)
	at java.base/java.lang.reflect.Method.invoke(Method.java:580)
	at org.testng.internal.MethodInvocationHelper.invokeMethod(MethodInvocationHelper.java:133)
	at org.testng.internal.MethodInvocationHelper.invokeMethodConsideringTimeout(MethodInvocationHelper.java:62)
	at org.testng.internal.ConfigInvoker.invokeConfigurationMethod(ConfigInvoker.java:385)
	at org.testng.internal.ConfigInvoker.invokeConfigurations(ConfigInvoker.java:321)
	at org.testng.internal.TestMethodWorker.invokeBeforeClassMethods(TestMethodWorker.java:176)
	at org.testng.internal.TestMethodWorker.run(TestMethodWorker.java:122)
	at java.base/java.util.ArrayList.forEach(ArrayList.java:1597)
	at org.testng.TestRunner.privateRun(TestRunner.java:794)
	at org.testng.TestRunner.run(TestRunner.java:596)
	at org.testng.SuiteRunner.runTest(SuiteRunner.java:377)
	at org.testng.SuiteRunner.runSequentially(SuiteRunner.java:371)
	at org.testng.SuiteRunner.privateRun(SuiteRunner.java:332)
	at org.testng.SuiteRunner.run(SuiteRunner.java:276)
	at org.testng.SuiteRunnerWorker.runSuite(SuiteRunnerWorker.java:53)
	at org.testng.SuiteRunnerWorker.run(SuiteRunnerWorker.java:96)
	at org.testng.TestNG.runSuitesSequentially(TestNG.java:1212)
	at org.testng.TestNG.runSuitesLocally(TestNG.java:1134)
	at org.testng.TestNG.runSuites(TestNG.java:1063)
	at org.testng.TestNG.run(TestNG.java:1031)
	at org.apache.maven.surefire.testng.TestNGExecutor.run(TestNGExecutor.java:155)
	at org.apache.maven.surefire.testng.TestNGDirectoryTestSuite.executeMulti(TestNGDirectoryTestSuite.java:169)
	at org.apache.maven.surefire.testng.TestNGDirectoryTestSuite.execute(TestNGDirectoryTestSuite.java:88)
	at org.apache.maven.surefire.testng.TestNGProvider.invoke(TestNGProvider.java:137)
	at org.apache.maven.surefire.booter.ForkedBooter.runSuitesInProcess(ForkedBooter.java:385)
	at org.apache.maven.surefire.booter.ForkedBooter.execute(ForkedBooter.java:162)
	at org.apache.maven.surefire.booter.ForkedBooter.run(ForkedBooter.java:507)
	at org.apache.maven.surefire.booter.ForkedBooter.main(ForkedBooter.java:495)
Caused by: java.io.IOException: Test data file not found: testdata/POD2_ProviderDataPU.json
	at com.dyp.base.TestDataUtil.loadTestData(TestDataUtil.java:19)
	at com.dyp.base.BaseTest.setupPodTestData(BaseTest.java:87)
	... 30 more
]]></failure>
  </testcase>
  <testcase name="beforeMethod" classname="POD2_ProviderDataPU.valid.ProviderHistoryTest" time="0.0">
    <skipped/>
  </testcase>
  <testcase name="testProviderHistory" classname="POD2_ProviderDataPU.valid.ProviderHistoryTest" time="0.0">
    <skipped message="Test data setup failed"/>
  </testcase>
  <testcase name="afterMethod" classname="POD2_ProviderDataPU.valid.ProviderHistoryTest" time="0.0">
    <skipped/>
  </testcase>
  <testcase name="cleanupClass" classname="POD2_ProviderDataPU.valid.ProviderHistoryTest" time="0.0">
    <skipped/>
  </testcase>
  <testcase name="setup" classname="POD2_ProviderDataPU.valid.SSLSearchTest" time="0.002">
    <failure message="Test data setup failed" type="java.lang.RuntimeException"><![CDATA[java.lang.RuntimeException: Test data setup failed
	at com.dyp.base.BaseTest.setupPodTestData(BaseTest.java:90)
	at POD2_ProviderDataPU.valid.SSLSearchTest.setup(SSLSearchTest.java:38)
	at java.base/jdk.internal.reflect.DirectMethodHandleAccessor.invoke(DirectMethodHandleAccessor.java:103)
	at java.base/java.lang.reflect.Method.invoke(Method.java:580)
	at org.testng.internal.MethodInvocationHelper.invokeMethod(MethodInvocationHelper.java:133)
	at org.testng.internal.MethodInvocationHelper.invokeMethodConsideringTimeout(MethodInvocationHelper.java:62)
	at org.testng.internal.ConfigInvoker.invokeConfigurationMethod(ConfigInvoker.java:385)
	at org.testng.internal.ConfigInvoker.invokeConfigurations(ConfigInvoker.java:321)
	at org.testng.internal.TestMethodWorker.invokeBeforeClassMethods(TestMethodWorker.java:176)
	at org.testng.internal.TestMethodWorker.run(TestMethodWorker.java:122)
	at java.base/java.util.ArrayList.forEach(ArrayList.java:1597)
	at org.testng.TestRunner.privateRun(TestRunner.java:794)
	at org.testng.TestRunner.run(TestRunner.java:596)
	at org.testng.SuiteRunner.runTest(SuiteRunner.java:377)
	at org.testng.SuiteRunner.runSequentially(SuiteRunner.java:371)
	at org.testng.SuiteRunner.privateRun(SuiteRunner.java:332)
	at org.testng.SuiteRunner.run(SuiteRunner.java:276)
	at org.testng.SuiteRunnerWorker.runSuite(SuiteRunnerWorker.java:53)
	at org.testng.SuiteRunnerWorker.run(SuiteRunnerWorker.java:96)
	at org.testng.TestNG.runSuitesSequentially(TestNG.java:1212)
	at org.testng.TestNG.runSuitesLocally(TestNG.java:1134)
	at org.testng.TestNG.runSuites(TestNG.java:1063)
	at org.testng.TestNG.run(TestNG.java:1031)
	at org.apache.maven.surefire.testng.TestNGExecutor.run(TestNGExecutor.java:155)
	at org.apache.maven.surefire.testng.TestNGDirectoryTestSuite.executeMulti(TestNGDirectoryTestSuite.java:169)
	at org.apache.maven.surefire.testng.TestNGDirectoryTestSuite.execute(TestNGDirectoryTestSuite.java:88)
	at org.apache.maven.surefire.testng.TestNGProvider.invoke(TestNGProvider.java:137)
	at org.apache.maven.surefire.booter.ForkedBooter.runSuitesInProcess(ForkedBooter.java:385)
	at org.apache.maven.surefire.booter.ForkedBooter.execute(ForkedBooter.java:162)
	at org.apache.maven.surefire.booter.ForkedBooter.run(ForkedBooter.java:507)
	at org.apache.maven.surefire.booter.ForkedBooter.main(ForkedBooter.java:495)
Caused by: java.io.IOException: Test data file not found: testdata/POD2_ProviderDataPU.json
	at com.dyp.base.TestDataUtil.loadTestData(TestDataUtil.java:19)
	at com.dyp.base.BaseTest.setupPodTestData(BaseTest.java:87)
	... 30 more
]]></failure>
  </testcase>
  <testcase name="beforeMethod" classname="POD2_ProviderDataPU.valid.SSLSearchTest" time="0.0">
    <skipped/>
  </testcase>
  <testcase name="testSSLSearch" classname="POD2_ProviderDataPU.valid.SSLSearchTest" time="0.0">
    <skipped message="Test data setup failed"/>
  </testcase>
  <testcase name="afterMethod" classname="POD2_ProviderDataPU.valid.SSLSearchTest" time="0.0">
    <skipped/>
  </testcase>
  <testcase name="cleanupClass" classname="POD2_ProviderDataPU.valid.SSLSearchTest" time="0.0">
    <skipped/>
  </testcase>
  <testcase name="setup" classname="POD2_ProviderDataPU.valid.TimelineAPITest" time="0.002">
    <failure message="Test data setup failed" type="java.lang.RuntimeException"><![CDATA[java.lang.RuntimeException: Test data setup failed
	at com.dyp.base.BaseTest.setupPodTestData(BaseTest.java:90)
	at POD2_ProviderDataPU.valid.TimelineAPITest.setup(TimelineAPITest.java:38)
	at java.base/jdk.internal.reflect.DirectMethodHandleAccessor.invoke(DirectMethodHandleAccessor.java:103)
	at java.base/java.lang.reflect.Method.invoke(Method.java:580)
	at org.testng.internal.MethodInvocationHelper.invokeMethod(MethodInvocationHelper.java:133)
	at org.testng.internal.MethodInvocationHelper.invokeMethodConsideringTimeout(MethodInvocationHelper.java:62)
	at org.testng.internal.ConfigInvoker.invokeConfigurationMethod(ConfigInvoker.java:385)
	at org.testng.internal.ConfigInvoker.invokeConfigurations(ConfigInvoker.java:321)
	at org.testng.internal.TestMethodWorker.invokeBeforeClassMethods(TestMethodWorker.java:176)
	at org.testng.internal.TestMethodWorker.run(TestMethodWorker.java:122)
	at java.base/java.util.ArrayList.forEach(ArrayList.java:1597)
	at org.testng.TestRunner.privateRun(TestRunner.java:794)
	at org.testng.TestRunner.run(TestRunner.java:596)
	at org.testng.SuiteRunner.runTest(SuiteRunner.java:377)
	at org.testng.SuiteRunner.runSequentially(SuiteRunner.java:371)
	at org.testng.SuiteRunner.privateRun(SuiteRunner.java:332)
	at org.testng.SuiteRunner.run(SuiteRunner.java:276)
	at org.testng.SuiteRunnerWorker.runSuite(SuiteRunnerWorker.java:53)
	at org.testng.SuiteRunnerWorker.run(SuiteRunnerWorker.java:96)
	at org.testng.TestNG.runSuitesSequentially(TestNG.java:1212)
	at org.testng.TestNG.runSuitesLocally(TestNG.java:1134)
	at org.testng.TestNG.runSuites(TestNG.java:1063)
	at org.testng.TestNG.run(TestNG.java:1031)
	at org.apache.maven.surefire.testng.TestNGExecutor.run(TestNGExecutor.java:155)
	at org.apache.maven.surefire.testng.TestNGDirectoryTestSuite.executeMulti(TestNGDirectoryTestSuite.java:169)
	at org.apache.maven.surefire.testng.TestNGDirectoryTestSuite.execute(TestNGDirectoryTestSuite.java:88)
	at org.apache.maven.surefire.testng.TestNGProvider.invoke(TestNGProvider.java:137)
	at org.apache.maven.surefire.booter.ForkedBooter.runSuitesInProcess(ForkedBooter.java:385)
	at org.apache.maven.surefire.booter.ForkedBooter.execute(ForkedBooter.java:162)
	at org.apache.maven.surefire.booter.ForkedBooter.run(ForkedBooter.java:507)
	at org.apache.maven.surefire.booter.ForkedBooter.main(ForkedBooter.java:495)
Caused by: java.io.IOException: Test data file not found: testdata/POD2_ProviderDataPU.json
	at com.dyp.base.TestDataUtil.loadTestData(TestDataUtil.java:19)
	at com.dyp.base.BaseTest.setupPodTestData(BaseTest.java:87)
	... 30 more
]]></failure>
  </testcase>
  <testcase name="beforeMethod" classname="POD2_ProviderDataPU.valid.TimelineAPITest" time="0.0">
    <skipped/>
  </testcase>
  <testcase name="testTimelineAPI" classname="POD2_ProviderDataPU.valid.TimelineAPITest" time="0.0">
    <skipped message="Test data setup failed"/>
  </testcase>
  <testcase name="afterMethod" classname="POD2_ProviderDataPU.valid.TimelineAPITest" time="0.0">
    <skipped/>
  </testcase>
  <testcase name="cleanupClass" classname="POD2_ProviderDataPU.valid.TimelineAPITest" time="0.0">
    <skipped/>
  </testcase>
  <testcase name="setup" classname="POD3_ProviderDataIU.invalid.AddSpecialityNegativeTest" time="0.002">
    <failure message="Test data setup failed" type="java.lang.RuntimeException"><![CDATA[java.lang.RuntimeException: Test data setup failed
	at com.dyp.base.BaseTest.setupPodTestData(BaseTest.java:90)
	at POD3_ProviderDataIU.invalid.AddSpecialityNegativeTest.setup(AddSpecialityNegativeTest.java:38)
	at java.base/jdk.internal.reflect.DirectMethodHandleAccessor.invoke(DirectMethodHandleAccessor.java:103)
	at java.base/java.lang.reflect.Method.invoke(Method.java:580)
	at org.testng.internal.MethodInvocationHelper.invokeMethod(MethodInvocationHelper.java:133)
	at org.testng.internal.MethodInvocationHelper.invokeMethodConsideringTimeout(MethodInvocationHelper.java:62)
	at org.testng.internal.ConfigInvoker.invokeConfigurationMethod(ConfigInvoker.java:385)
	at org.testng.internal.ConfigInvoker.invokeConfigurations(ConfigInvoker.java:321)
	at org.testng.internal.TestMethodWorker.invokeBeforeClassMethods(TestMethodWorker.java:176)
	at org.testng.internal.TestMethodWorker.run(TestMethodWorker.java:122)
	at java.base/java.util.ArrayList.forEach(ArrayList.java:1597)
	at org.testng.TestRunner.privateRun(TestRunner.java:794)
	at org.testng.TestRunner.run(TestRunner.java:596)
	at org.testng.SuiteRunner.runTest(SuiteRunner.java:377)
	at org.testng.SuiteRunner.runSequentially(SuiteRunner.java:371)
	at org.testng.SuiteRunner.privateRun(SuiteRunner.java:332)
	at org.testng.SuiteRunner.run(SuiteRunner.java:276)
	at org.testng.SuiteRunnerWorker.runSuite(SuiteRunnerWorker.java:53)
	at org.testng.SuiteRunnerWorker.run(SuiteRunnerWorker.java:96)
	at org.testng.TestNG.runSuitesSequentially(TestNG.java:1212)
	at org.testng.TestNG.runSuitesLocally(TestNG.java:1134)
	at org.testng.TestNG.runSuites(TestNG.java:1063)
	at org.testng.TestNG.run(TestNG.java:1031)
	at org.apache.maven.surefire.testng.TestNGExecutor.run(TestNGExecutor.java:155)
	at org.apache.maven.surefire.testng.TestNGDirectoryTestSuite.executeMulti(TestNGDirectoryTestSuite.java:169)
	at org.apache.maven.surefire.testng.TestNGDirectoryTestSuite.execute(TestNGDirectoryTestSuite.java:88)
	at org.apache.maven.surefire.testng.TestNGProvider.invoke(TestNGProvider.java:137)
	at org.apache.maven.surefire.booter.ForkedBooter.runSuitesInProcess(ForkedBooter.java:385)
	at org.apache.maven.surefire.booter.ForkedBooter.execute(ForkedBooter.java:162)
	at org.apache.maven.surefire.booter.ForkedBooter.run(ForkedBooter.java:507)
	at org.apache.maven.surefire.booter.ForkedBooter.main(ForkedBooter.java:495)
Caused by: java.io.IOException: Test data file not found: testdata/POD3_ProviderDataIU.json
	at com.dyp.base.TestDataUtil.loadTestData(TestDataUtil.java:19)
	at com.dyp.base.BaseTest.setupPodTestData(BaseTest.java:87)
	... 30 more
]]></failure>
  </testcase>
  <testcase name="beforeMethod" classname="POD3_ProviderDataIU.invalid.AddSpecialityNegativeTest" time="0.0">
    <skipped/>
  </testcase>
  <testcase name="testaddSpecialityWithInvalidParameters" classname="POD3_ProviderDataIU.invalid.AddSpecialityNegativeTest" time="0.0">
    <skipped message="Test data setup failed"/>
  </testcase>
  <testcase name="afterMethod" classname="POD3_ProviderDataIU.invalid.AddSpecialityNegativeTest" time="0.0">
    <skipped/>
  </testcase>
  <testcase name="cleanupClass" classname="POD3_ProviderDataIU.invalid.AddSpecialityNegativeTest" time="0.0">
    <skipped/>
  </testcase>
  <testcase name="setup" classname="POD3_ProviderDataIU.invalid.AllProviderStatusNegativeTest" time="0.001">
    <failure message="Test data setup failed" type="java.lang.RuntimeException"><![CDATA[java.lang.RuntimeException: Test data setup failed
	at com.dyp.base.BaseTest.setupPodTestData(BaseTest.java:90)
	at POD3_ProviderDataIU.invalid.AllProviderStatusNegativeTest.setup(AllProviderStatusNegativeTest.java:38)
	at java.base/jdk.internal.reflect.DirectMethodHandleAccessor.invoke(DirectMethodHandleAccessor.java:103)
	at java.base/java.lang.reflect.Method.invoke(Method.java:580)
	at org.testng.internal.MethodInvocationHelper.invokeMethod(MethodInvocationHelper.java:133)
	at org.testng.internal.MethodInvocationHelper.invokeMethodConsideringTimeout(MethodInvocationHelper.java:62)
	at org.testng.internal.ConfigInvoker.invokeConfigurationMethod(ConfigInvoker.java:385)
	at org.testng.internal.ConfigInvoker.invokeConfigurations(ConfigInvoker.java:321)
	at org.testng.internal.TestMethodWorker.invokeBeforeClassMethods(TestMethodWorker.java:176)
	at org.testng.internal.TestMethodWorker.run(TestMethodWorker.java:122)
	at java.base/java.util.ArrayList.forEach(ArrayList.java:1597)
	at org.testng.TestRunner.privateRun(TestRunner.java:794)
	at org.testng.TestRunner.run(TestRunner.java:596)
	at org.testng.SuiteRunner.runTest(SuiteRunner.java:377)
	at org.testng.SuiteRunner.runSequentially(SuiteRunner.java:371)
	at org.testng.SuiteRunner.privateRun(SuiteRunner.java:332)
	at org.testng.SuiteRunner.run(SuiteRunner.java:276)
	at org.testng.SuiteRunnerWorker.runSuite(SuiteRunnerWorker.java:53)
	at org.testng.SuiteRunnerWorker.run(SuiteRunnerWorker.java:96)
	at org.testng.TestNG.runSuitesSequentially(TestNG.java:1212)
	at org.testng.TestNG.runSuitesLocally(TestNG.java:1134)
	at org.testng.TestNG.runSuites(TestNG.java:1063)
	at org.testng.TestNG.run(TestNG.java:1031)
	at org.apache.maven.surefire.testng.TestNGExecutor.run(TestNGExecutor.java:155)
	at org.apache.maven.surefire.testng.TestNGDirectoryTestSuite.executeMulti(TestNGDirectoryTestSuite.java:169)
	at org.apache.maven.surefire.testng.TestNGDirectoryTestSuite.execute(TestNGDirectoryTestSuite.java:88)
	at org.apache.maven.surefire.testng.TestNGProvider.invoke(TestNGProvider.java:137)
	at org.apache.maven.surefire.booter.ForkedBooter.runSuitesInProcess(ForkedBooter.java:385)
	at org.apache.maven.surefire.booter.ForkedBooter.execute(ForkedBooter.java:162)
	at org.apache.maven.surefire.booter.ForkedBooter.run(ForkedBooter.java:507)
	at org.apache.maven.surefire.booter.ForkedBooter.main(ForkedBooter.java:495)
Caused by: java.io.IOException: Test data file not found: testdata/POD3_ProviderDataIU.json
	at com.dyp.base.TestDataUtil.loadTestData(TestDataUtil.java:19)
	at com.dyp.base.BaseTest.setupPodTestData(BaseTest.java:87)
	... 30 more
]]></failure>
  </testcase>
  <testcase name="beforeMethod" classname="POD3_ProviderDataIU.invalid.AllProviderStatusNegativeTest" time="0.0">
    <skipped/>
  </testcase>
  <testcase name="testProviderStatusWithInvalidParameters" classname="POD3_ProviderDataIU.invalid.AllProviderStatusNegativeTest" time="0.0">
    <skipped message="Test data setup failed"/>
  </testcase>
  <testcase name="afterMethod" classname="POD3_ProviderDataIU.invalid.AllProviderStatusNegativeTest" time="0.0">
    <skipped/>
  </testcase>
  <testcase name="cleanupClass" classname="POD3_ProviderDataIU.invalid.AllProviderStatusNegativeTest" time="0.0">
    <skipped/>
  </testcase>
  <testcase name="setup" classname="POD3_ProviderDataIU.invalid.ContractsAPINegativeTest" time="0.0">
    <failure message="Test data setup failed" type="java.lang.RuntimeException"><![CDATA[java.lang.RuntimeException: Test data setup failed
	at com.dyp.base.BaseTest.setupPodTestData(BaseTest.java:90)
	at POD3_ProviderDataIU.invalid.ContractsAPINegativeTest.setup(ContractsAPINegativeTest.java:38)
	at java.base/jdk.internal.reflect.DirectMethodHandleAccessor.invoke(DirectMethodHandleAccessor.java:103)
	at java.base/java.lang.reflect.Method.invoke(Method.java:580)
	at org.testng.internal.MethodInvocationHelper.invokeMethod(MethodInvocationHelper.java:133)
	at org.testng.internal.MethodInvocationHelper.invokeMethodConsideringTimeout(MethodInvocationHelper.java:62)
	at org.testng.internal.ConfigInvoker.invokeConfigurationMethod(ConfigInvoker.java:385)
	at org.testng.internal.ConfigInvoker.invokeConfigurations(ConfigInvoker.java:321)
	at org.testng.internal.TestMethodWorker.invokeBeforeClassMethods(TestMethodWorker.java:176)
	at org.testng.internal.TestMethodWorker.run(TestMethodWorker.java:122)
	at java.base/java.util.ArrayList.forEach(ArrayList.java:1597)
	at org.testng.TestRunner.privateRun(TestRunner.java:794)
	at org.testng.TestRunner.run(TestRunner.java:596)
	at org.testng.SuiteRunner.runTest(SuiteRunner.java:377)
	at org.testng.SuiteRunner.runSequentially(SuiteRunner.java:371)
	at org.testng.SuiteRunner.privateRun(SuiteRunner.java:332)
	at org.testng.SuiteRunner.run(SuiteRunner.java:276)
	at org.testng.SuiteRunnerWorker.runSuite(SuiteRunnerWorker.java:53)
	at org.testng.SuiteRunnerWorker.run(SuiteRunnerWorker.java:96)
	at org.testng.TestNG.runSuitesSequentially(TestNG.java:1212)
	at org.testng.TestNG.runSuitesLocally(TestNG.java:1134)
	at org.testng.TestNG.runSuites(TestNG.java:1063)
	at org.testng.TestNG.run(TestNG.java:1031)
	at org.apache.maven.surefire.testng.TestNGExecutor.run(TestNGExecutor.java:155)
	at org.apache.maven.surefire.testng.TestNGDirectoryTestSuite.executeMulti(TestNGDirectoryTestSuite.java:169)
	at org.apache.maven.surefire.testng.TestNGDirectoryTestSuite.execute(TestNGDirectoryTestSuite.java:88)
	at org.apache.maven.surefire.testng.TestNGProvider.invoke(TestNGProvider.java:137)
	at org.apache.maven.surefire.booter.ForkedBooter.runSuitesInProcess(ForkedBooter.java:385)
	at org.apache.maven.surefire.booter.ForkedBooter.execute(ForkedBooter.java:162)
	at org.apache.maven.surefire.booter.ForkedBooter.run(ForkedBooter.java:507)
	at org.apache.maven.surefire.booter.ForkedBooter.main(ForkedBooter.java:495)
Caused by: java.io.IOException: Test data file not found: testdata/POD3_ProviderDataIU.json
	at com.dyp.base.TestDataUtil.loadTestData(TestDataUtil.java:19)
	at com.dyp.base.BaseTest.setupPodTestData(BaseTest.java:87)
	... 30 more
]]></failure>
  </testcase>
  <testcase name="beforeMethod" classname="POD3_ProviderDataIU.invalid.ContractsAPINegativeTest" time="0.0">
    <skipped/>
  </testcase>
  <testcase name="testContractsWithInvalidParameters" classname="POD3_ProviderDataIU.invalid.ContractsAPINegativeTest" time="0.0">
    <skipped message="Test data setup failed"/>
  </testcase>
  <testcase name="afterMethod" classname="POD3_ProviderDataIU.invalid.ContractsAPINegativeTest" time="0.0">
    <skipped/>
  </testcase>
  <testcase name="cleanupClass" classname="POD3_ProviderDataIU.invalid.ContractsAPINegativeTest" time="0.0">
    <skipped/>
  </testcase>
  <testcase name="setup" classname="POD3_ProviderDataIU.invalid.FetchCrossWalkNegativeTest" time="0.001">
    <failure message="Test data setup failed" type="java.lang.RuntimeException"><![CDATA[java.lang.RuntimeException: Test data setup failed
	at com.dyp.base.BaseTest.setupPodTestData(BaseTest.java:90)
	at POD3_ProviderDataIU.invalid.FetchCrossWalkNegativeTest.setup(FetchCrossWalkNegativeTest.java:38)
	at java.base/jdk.internal.reflect.DirectMethodHandleAccessor.invoke(DirectMethodHandleAccessor.java:103)
	at java.base/java.lang.reflect.Method.invoke(Method.java:580)
	at org.testng.internal.MethodInvocationHelper.invokeMethod(MethodInvocationHelper.java:133)
	at org.testng.internal.MethodInvocationHelper.invokeMethodConsideringTimeout(MethodInvocationHelper.java:62)
	at org.testng.internal.ConfigInvoker.invokeConfigurationMethod(ConfigInvoker.java:385)
	at org.testng.internal.ConfigInvoker.invokeConfigurations(ConfigInvoker.java:321)
	at org.testng.internal.TestMethodWorker.invokeBeforeClassMethods(TestMethodWorker.java:176)
	at org.testng.internal.TestMethodWorker.run(TestMethodWorker.java:122)
	at java.base/java.util.ArrayList.forEach(ArrayList.java:1597)
	at org.testng.TestRunner.privateRun(TestRunner.java:794)
	at org.testng.TestRunner.run(TestRunner.java:596)
	at org.testng.SuiteRunner.runTest(SuiteRunner.java:377)
	at org.testng.SuiteRunner.runSequentially(SuiteRunner.java:371)
	at org.testng.SuiteRunner.privateRun(SuiteRunner.java:332)
	at org.testng.SuiteRunner.run(SuiteRunner.java:276)
	at org.testng.SuiteRunnerWorker.runSuite(SuiteRunnerWorker.java:53)
	at org.testng.SuiteRunnerWorker.run(SuiteRunnerWorker.java:96)
	at org.testng.TestNG.runSuitesSequentially(TestNG.java:1212)
	at org.testng.TestNG.runSuitesLocally(TestNG.java:1134)
	at org.testng.TestNG.runSuites(TestNG.java:1063)
	at org.testng.TestNG.run(TestNG.java:1031)
	at org.apache.maven.surefire.testng.TestNGExecutor.run(TestNGExecutor.java:155)
	at org.apache.maven.surefire.testng.TestNGDirectoryTestSuite.executeMulti(TestNGDirectoryTestSuite.java:169)
	at org.apache.maven.surefire.testng.TestNGDirectoryTestSuite.execute(TestNGDirectoryTestSuite.java:88)
	at org.apache.maven.surefire.testng.TestNGProvider.invoke(TestNGProvider.java:137)
	at org.apache.maven.surefire.booter.ForkedBooter.runSuitesInProcess(ForkedBooter.java:385)
	at org.apache.maven.surefire.booter.ForkedBooter.execute(ForkedBooter.java:162)
	at org.apache.maven.surefire.booter.ForkedBooter.run(ForkedBooter.java:507)
	at org.apache.maven.surefire.booter.ForkedBooter.main(ForkedBooter.java:495)
Caused by: java.io.IOException: Test data file not found: testdata/POD3_ProviderDataIU.json
	at com.dyp.base.TestDataUtil.loadTestData(TestDataUtil.java:19)
	at com.dyp.base.BaseTest.setupPodTestData(BaseTest.java:87)
	... 30 more
]]></failure>
  </testcase>
  <testcase name="beforeMethod" classname="POD3_ProviderDataIU.invalid.FetchCrossWalkNegativeTest" time="0.0">
    <skipped/>
  </testcase>
  <testcase name="testfetchCrossWalkWithInvalidParameters" classname="POD3_ProviderDataIU.invalid.FetchCrossWalkNegativeTest" time="0.0">
    <skipped message="Test data setup failed"/>
  </testcase>
  <testcase name="afterMethod" classname="POD3_ProviderDataIU.invalid.FetchCrossWalkNegativeTest" time="0.0">
    <skipped/>
  </testcase>
  <testcase name="cleanupClass" classname="POD3_ProviderDataIU.invalid.FetchCrossWalkNegativeTest" time="0.0">
    <skipped/>
  </testcase>
  <testcase name="setup" classname="POD3_ProviderDataIU.invalid.GetApprovedDocumentsNegativeTest" time="0.002">
    <failure message="Test data setup failed" type="java.lang.RuntimeException"><![CDATA[java.lang.RuntimeException: Test data setup failed
	at com.dyp.base.BaseTest.setupPodTestData(BaseTest.java:90)
	at POD3_ProviderDataIU.invalid.GetApprovedDocumentsNegativeTest.setup(GetApprovedDocumentsNegativeTest.java:38)
	at java.base/jdk.internal.reflect.DirectMethodHandleAccessor.invoke(DirectMethodHandleAccessor.java:103)
	at java.base/java.lang.reflect.Method.invoke(Method.java:580)
[...]
	at java.base/java.lang.reflect.Method.invoke(Method.java:580)
	at org.testng.internal.MethodInvocationHelper.invokeMethod(MethodInvocationHelper.java:133)
	at org.testng.internal.MethodInvocationHelper.invokeMethodConsideringTimeout(MethodInvocationHelper.java:62)
	at org.testng.internal.ConfigInvoker.invokeConfigurationMethod(ConfigInvoker.java:385)
	at org.testng.internal.ConfigInvoker.invokeConfigurations(ConfigInvoker.java:321)
	at org.testng.internal.TestMethodWorker.invokeBeforeClassMethods(TestMethodWorker.java:176)
	at org.testng.internal.TestMethodWorker.run(TestMethodWorker.java:122)
	at java.base/java.util.ArrayList.forEach(ArrayList.java:1597)
	at org.testng.TestRunner.privateRun(TestRunner.java:794)
	at org.testng.TestRunner.run(TestRunner.java:596)
	at org.testng.SuiteRunner.runTest(SuiteRunner.java:377)
	at org.testng.SuiteRunner.runSequentially(SuiteRunner.java:371)
	at org.testng.SuiteRunner.privateRun(SuiteRunner.java:332)
	at org.testng.SuiteRunner.run(SuiteRunner.java:276)
	at org.testng.SuiteRunnerWorker.runSuite(SuiteRunnerWorker.java:53)
	at org.testng.SuiteRunnerWorker.run(SuiteRunnerWorker.java:96)
	at org.testng.TestNG.runSuitesSequentially(TestNG.java:1212)
	at org.testng.TestNG.runSuitesLocally(TestNG.java:1134)
	at org.testng.TestNG.runSuites(TestNG.java:1063)
	at org.testng.TestNG.run(TestNG.java:1031)
	at org.apache.maven.surefire.testng.TestNGExecutor.run(TestNGExecutor.java:155)
	at org.apache.maven.surefire.testng.TestNGDirectoryTestSuite.executeMulti(TestNGDirectoryTestSuite.java:169)
	at org.apache.maven.surefire.testng.TestNGDirectoryTestSuite.execute(TestNGDirectoryTestSuite.java:88)
	at org.apache.maven.surefire.testng.TestNGProvider.invoke(TestNGProvider.java:137)
	at org.apache.maven.surefire.booter.ForkedBooter.runSuitesInProcess(ForkedBooter.java:385)
	at org.apache.maven.surefire.booter.ForkedBooter.execute(ForkedBooter.java:162)
	at org.apache.maven.surefire.booter.ForkedBooter.run(ForkedBooter.java:507)
	at org.apache.maven.surefire.booter.ForkedBooter.main(ForkedBooter.java:495)
Caused by: java.io.IOException: Test data file not found: testdata/POD3_ProviderDataIU.json
	at com.dyp.base.TestDataUtil.loadTestData(TestDataUtil.java:19)
	at com.dyp.base.BaseTest.setupPodTestData(BaseTest.java:87)
	... 30 more
]]></failure>
  </testcase>
  <testcase name="beforeMethod" classname="POD3_ProviderDataIU.valid.ProviderHistoryTest" time="0.0">
    <skipped/>
  </testcase>
  <testcase name="testProviderHistory" classname="POD3_ProviderDataIU.valid.ProviderHistoryTest" time="0.0">
    <skipped message="Test data setup failed"/>
  </testcase>
  <testcase name="afterMethod" classname="POD3_ProviderDataIU.valid.ProviderHistoryTest" time="0.0">
    <skipped/>
  </testcase>
  <testcase name="cleanupClass" classname="POD3_ProviderDataIU.valid.ProviderHistoryTest" time="0.0">
    <skipped/>
  </testcase>
  <testcase name="setup" classname="POD3_ProviderDataIU.valid.ProviderLocationProviderIdTest" time="0.002">
    <failure message="Test data setup failed" type="java.lang.RuntimeException"><![CDATA[java.lang.RuntimeException: Test data setup failed
	at com.dyp.base.BaseTest.setupPodTestData(BaseTest.java:90)
	at POD3_ProviderDataIU.valid.ProviderLocationProviderIdTest.setup(ProviderLocationProviderIdTest.java:38)
	at java.base/jdk.internal.reflect.DirectMethodHandleAccessor.invoke(DirectMethodHandleAccessor.java:103)
	at java.base/java.lang.reflect.Method.invoke(Method.java:580)
	at org.testng.internal.MethodInvocationHelper.invokeMethod(MethodInvocationHelper.java:133)
	at org.testng.internal.MethodInvocationHelper.invokeMethodConsideringTimeout(MethodInvocationHelper.java:62)
	at org.testng.internal.ConfigInvoker.invokeConfigurationMethod(ConfigInvoker.java:385)
	at org.testng.internal.ConfigInvoker.invokeConfigurations(ConfigInvoker.java:321)
	at org.testng.internal.TestMethodWorker.invokeBeforeClassMethods(TestMethodWorker.java:176)
	at org.testng.internal.TestMethodWorker.run(TestMethodWorker.java:122)
	at java.base/java.util.ArrayList.forEach(ArrayList.java:1597)
	at org.testng.TestRunner.privateRun(TestRunner.java:794)
	at org.testng.TestRunner.run(TestRunner.java:596)
	at org.testng.SuiteRunner.runTest(SuiteRunner.java:377)
	at org.testng.SuiteRunner.runSequentially(SuiteRunner.java:371)
	at org.testng.SuiteRunner.privateRun(SuiteRunner.java:332)
	at org.testng.SuiteRunner.run(SuiteRunner.java:276)
	at org.testng.SuiteRunnerWorker.runSuite(SuiteRunnerWorker.java:53)
	at org.testng.SuiteRunnerWorker.run(SuiteRunnerWorker.java:96)
	at org.testng.TestNG.runSuitesSequentially(TestNG.java:1212)
	at org.testng.TestNG.runSuitesLocally(TestNG.java:1134)
	at org.testng.TestNG.runSuites(TestNG.java:1063)
	at org.testng.TestNG.run(TestNG.java:1031)
	at org.apache.maven.surefire.testng.TestNGExecutor.run(TestNGExecutor.java:155)
	at org.apache.maven.surefire.testng.TestNGDirectoryTestSuite.executeMulti(TestNGDirectoryTestSuite.java:169)
	at org.apache.maven.surefire.testng.TestNGDirectoryTestSuite.execute(TestNGDirectoryTestSuite.java:88)
	at org.apache.maven.surefire.testng.TestNGProvider.invoke(TestNGProvider.java:137)
	at org.apache.maven.surefire.booter.ForkedBooter.runSuitesInProcess(ForkedBooter.java:385)
	at org.apache.maven.surefire.booter.ForkedBooter.execute(ForkedBooter.java:162)
	at org.apache.maven.surefire.booter.ForkedBooter.run(ForkedBooter.java:507)
	at org.apache.maven.surefire.booter.ForkedBooter.main(ForkedBooter.java:495)
Caused by: java.io.IOException: Test data file not found: testdata/POD3_ProviderDataIU.json
	at com.dyp.base.TestDataUtil.loadTestData(TestDataUtil.java:19)
	at com.dyp.base.BaseTest.setupPodTestData(BaseTest.java:87)
	... 30 more
]]></failure>
  </testcase>
  <testcase name="beforeMethod" classname="POD3_ProviderDataIU.valid.ProviderLocationProviderIdTest" time="0.0">
    <skipped/>
  </testcase>
  <testcase name="testProviderLocationProviderId" classname="POD3_ProviderDataIU.valid.ProviderLocationProviderIdTest" time="0.0">
    <skipped message="Test data setup failed"/>
  </testcase>
  <testcase name="afterMethod" classname="POD3_ProviderDataIU.valid.ProviderLocationProviderIdTest" time="0.0">
    <skipped/>
  </testcase>
  <testcase name="cleanupClass" classname="POD3_ProviderDataIU.valid.ProviderLocationProviderIdTest" time="0.0">
    <skipped/>
  </testcase>
  <testcase name="setup" classname="POD3_ProviderDataIU.valid.ProviderLocationTest" time="0.001">
    <failure message="Test data setup failed" type="java.lang.RuntimeException"><![CDATA[java.lang.RuntimeException: Test data setup failed
	at com.dyp.base.BaseTest.setupPodTestData(BaseTest.java:90)
	at POD3_ProviderDataIU.valid.ProviderLocationTest.setup(ProviderLocationTest.java:38)
	at java.base/jdk.internal.reflect.DirectMethodHandleAccessor.invoke(DirectMethodHandleAccessor.java:103)
	at java.base/java.lang.reflect.Method.invoke(Method.java:580)
	at org.testng.internal.MethodInvocationHelper.invokeMethod(MethodInvocationHelper.java:133)
	at org.testng.internal.MethodInvocationHelper.invokeMethodConsideringTimeout(MethodInvocationHelper.java:62)
	at org.testng.internal.ConfigInvoker.invokeConfigurationMethod(ConfigInvoker.java:385)
	at org.testng.internal.ConfigInvoker.invokeConfigurations(ConfigInvoker.java:321)
	at org.testng.internal.TestMethodWorker.invokeBeforeClassMethods(TestMethodWorker.java:176)
	at org.testng.internal.TestMethodWorker.run(TestMethodWorker.java:122)
	at java.base/java.util.ArrayList.forEach(ArrayList.java:1597)
	at org.testng.TestRunner.privateRun(TestRunner.java:794)
	at org.testng.TestRunner.run(TestRunner.java:596)
	at org.testng.SuiteRunner.runTest(SuiteRunner.java:377)
	at org.testng.SuiteRunner.runSequentially(SuiteRunner.java:371)
	at org.testng.SuiteRunner.privateRun(SuiteRunner.java:332)
	at org.testng.SuiteRunner.run(SuiteRunner.java:276)
	at org.testng.SuiteRunnerWorker.runSuite(SuiteRunnerWorker.java:53)
	at org.testng.SuiteRunnerWorker.run(SuiteRunnerWorker.java:96)
	at org.testng.TestNG.runSuitesSequentially(TestNG.java:1212)
	at org.testng.TestNG.runSuitesLocally(TestNG.java:1134)
	at org.testng.TestNG.runSuites(TestNG.java:1063)
	at org.testng.TestNG.run(TestNG.java:1031)
	at org.apache.maven.surefire.testng.TestNGExecutor.run(TestNGExecutor.java:155)
	at org.apache.maven.surefire.testng.TestNGDirectoryTestSuite.executeMulti(TestNGDirectoryTestSuite.java:169)
	at org.apache.maven.surefire.testng.TestNGDirectoryTestSuite.execute(TestNGDirectoryTestSuite.java:88)
	at org.apache.maven.surefire.testng.TestNGProvider.invoke(TestNGProvider.java:137)
	at org.apache.maven.surefire.booter.ForkedBooter.runSuitesInProcess(ForkedBooter.java:385)
	at org.apache.maven.surefire.booter.ForkedBooter.execute(ForkedBooter.java:162)
	at org.apache.maven.surefire.booter.ForkedBooter.run(ForkedBooter.java:507)
	at org.apache.maven.surefire.booter.ForkedBooter.main(ForkedBooter.java:495)
Caused by: java.io.IOException: Test data file not found: testdata/POD3_ProviderDataIU.json
	at com.dyp.base.TestDataUtil.loadTestData(TestDataUtil.java:19)
	at com.dyp.base.BaseTest.setupPodTestData(BaseTest.java:87)
	... 30 more
]]></failure>
  </testcase>
  <testcase name="beforeMethod" classname="POD3_ProviderDataIU.valid.ProviderLocationTest" time="0.0">
    <skipped/>
  </testcase>
  <testcase name="testProviderLocation" classname="POD3_ProviderDataIU.valid.ProviderLocationTest" time="0.0">
    <skipped message="Test data setup failed"/>
  </testcase>
  <testcase name="afterMethod" classname="POD3_ProviderDataIU.valid.ProviderLocationTest" time="0.0">
    <skipped/>
  </testcase>
  <testcase name="cleanupClass" classname="POD3_ProviderDataIU.valid.ProviderLocationTest" time="0.0">
    <skipped/>
  </testcase>
  <testcase name="setup" classname="POD3_ProviderDataIU.valid.TimelineTest" time="0.001">
    <failure message="Test data setup failed" type="java.lang.RuntimeException"><![CDATA[java.lang.RuntimeException: Test data setup failed
	at com.dyp.base.BaseTest.setupPodTestData(BaseTest.java:90)
	at POD3_ProviderDataIU.valid.TimelineTest.setup(TimelineTest.java:38)
	at java.base/jdk.internal.reflect.DirectMethodHandleAccessor.invoke(DirectMethodHandleAccessor.java:103)
	at java.base/java.lang.reflect.Method.invoke(Method.java:580)
	at org.testng.internal.MethodInvocationHelper.invokeMethod(MethodInvocationHelper.java:133)
	at org.testng.internal.MethodInvocationHelper.invokeMethodConsideringTimeout(MethodInvocationHelper.java:62)
	at org.testng.internal.ConfigInvoker.invokeConfigurationMethod(ConfigInvoker.java:385)
	at org.testng.internal.ConfigInvoker.invokeConfigurations(ConfigInvoker.java:321)
	at org.testng.internal.TestMethodWorker.invokeBeforeClassMethods(TestMethodWorker.java:176)
	at org.testng.internal.TestMethodWorker.run(TestMethodWorker.java:122)
	at java.base/java.util.ArrayList.forEach(ArrayList.java:1597)
	at org.testng.TestRunner.privateRun(TestRunner.java:794)
	at org.testng.TestRunner.run(TestRunner.java:596)
	at org.testng.SuiteRunner.runTest(SuiteRunner.java:377)
	at org.testng.SuiteRunner.runSequentially(SuiteRunner.java:371)
	at org.testng.SuiteRunner.privateRun(SuiteRunner.java:332)
	at org.testng.SuiteRunner.run(SuiteRunner.java:276)
	at org.testng.SuiteRunnerWorker.runSuite(SuiteRunnerWorker.java:53)
	at org.testng.SuiteRunnerWorker.run(SuiteRunnerWorker.java:96)
	at org.testng.TestNG.runSuitesSequentially(TestNG.java:1212)
	at org.testng.TestNG.runSuitesLocally(TestNG.java:1134)
	at org.testng.TestNG.runSuites(TestNG.java:1063)
	at org.testng.TestNG.run(TestNG.java:1031)
	at org.apache.maven.surefire.testng.TestNGExecutor.run(TestNGExecutor.java:155)
	at org.apache.maven.surefire.testng.TestNGDirectoryTestSuite.executeMulti(TestNGDirectoryTestSuite.java:169)
	at org.apache.maven.surefire.testng.TestNGDirectoryTestSuite.execute(TestNGDirectoryTestSuite.java:88)
	at org.apache.maven.surefire.testng.TestNGProvider.invoke(TestNGProvider.java:137)
	at org.apache.maven.surefire.booter.ForkedBooter.runSuitesInProcess(ForkedBooter.java:385)
	at org.apache.maven.surefire.booter.ForkedBooter.execute(ForkedBooter.java:162)
	at org.apache.maven.surefire.booter.ForkedBooter.run(ForkedBooter.java:507)
	at org.apache.maven.surefire.booter.ForkedBooter.main(ForkedBooter.java:495)
Caused by: java.io.IOException: Test data file not found: testdata/POD3_ProviderDataIU.json
	at com.dyp.base.TestDataUtil.loadTestData(TestDataUtil.java:19)
	at com.dyp.base.BaseTest.setupPodTestData(BaseTest.java:87)
	... 30 more
]]></failure>
  </testcase>
  <testcase name="beforeMethod" classname="POD3_ProviderDataIU.valid.TimelineTest" time="0.0">
    <skipped/>
  </testcase>
  <testcase name="testTimeline" classname="POD3_ProviderDataIU.valid.TimelineTest" time="0.0">
    <skipped message="Test data setup failed"/>
  </testcase>
  <testcase name="afterMethod" classname="POD3_ProviderDataIU.valid.TimelineTest" time="0.0">
    <skipped/>
  </testcase>
  <testcase name="cleanupClass" classname="POD3_ProviderDataIU.valid.TimelineTest" time="0.0">
    <skipped/>
  </testcase>
  <testcase name="setup" classname="POD4_SystemConfiguration.invalid.AffiliationConfigNegativeTest" time="0.0">
    <failure message="Test data setup failed" type="java.lang.RuntimeException"><![CDATA[java.lang.RuntimeException: Test data setup failed
	at com.dyp.base.BaseTest.setupPodTestData(BaseTest.java:90)
	at POD4_SystemConfiguration.invalid.AffiliationConfigNegativeTest.setup(AffiliationConfigNegativeTest.java:38)
	at java.base/jdk.internal.reflect.DirectMethodHandleAccessor.invoke(DirectMethodHandleAccessor.java:103)
	at java.base/java.lang.reflect.Method.invoke(Method.java:580)
	at org.testng.internal.MethodInvocationHelper.invokeMethod(MethodInvocationHelper.java:133)
	at org.testng.internal.MethodInvocationHelper.invokeMethodConsideringTimeout(MethodInvocationHelper.java:62)
	at org.testng.internal.ConfigInvoker.invokeConfigurationMethod(ConfigInvoker.java:385)
	at org.testng.internal.ConfigInvoker.invokeConfigurations(ConfigInvoker.java:321)
	at org.testng.internal.TestMethodWorker.invokeBeforeClassMethods(TestMethodWorker.java:176)
	at org.testng.internal.TestMethodWorker.run(TestMethodWorker.java:122)
	at java.base/java.util.ArrayList.forEach(ArrayList.java:1597)
	at org.testng.TestRunner.privateRun(TestRunner.java:794)
	at org.testng.TestRunner.run(TestRunner.java:596)
	at org.testng.SuiteRunner.runTest(SuiteRunner.java:377)
	at org.testng.SuiteRunner.runSequentially(SuiteRunner.java:371)
	at org.testng.SuiteRunner.privateRun(SuiteRunner.java:332)
	at org.testng.SuiteRunner.run(SuiteRunner.java:276)
	at org.testng.SuiteRunnerWorker.runSuite(SuiteRunnerWorker.java:53)
	at org.testng.SuiteRunnerWorker.run(SuiteRunnerWorker.java:96)
	at org.testng.TestNG.runSuitesSequentially(TestNG.java:1212)
	at org.testng.TestNG.runSuitesLocally(TestNG.java:1134)
	at org.testng.TestNG.runSuites(TestNG.java:1063)
	at org.testng.TestNG.run(TestNG.java:1031)
	at org.apache.maven.surefire.testng.TestNGExecutor.run(TestNGExecutor.java:155)
	at org.apache.maven.surefire.testng.TestNGDirectoryTestSuite.executeMulti(TestNGDirectoryTestSuite.java:169)
	at org.apache.maven.surefire.testng.TestNGDirectoryTestSuite.execute(TestNGDirectoryTestSuite.java:88)
	at org.apache.maven.surefire.testng.TestNGProvider.invoke(TestNGProvider.java:137)
	at org.apache.maven.surefire.booter.ForkedBooter.runSuitesInProcess(ForkedBooter.java:385)
	at org.apache.maven.surefire.booter.ForkedBooter.execute(ForkedBooter.java:162)
	at org.apache.maven.surefire.booter.ForkedBooter.run(ForkedBooter.java:507)
	at org.apache.maven.surefire.booter.ForkedBooter.main(ForkedBooter.java:495)
Caused by: java.io.IOException: Test data file not found: testdata/POD4_SystemConfiguration.json
	at com.dyp.base.TestDataUtil.loadTestData(TestDataUtil.java:19)
	at com.dyp.base.BaseTest.setupPodTestData(BaseTest.java:87)
	... 30 more
]]></failure>
  </testcase>
  <testcase name="beforeMethod" classname="POD4_SystemConfiguration.invalid.AffiliationConfigNegativeTest" time="0.0">
    <skipped/>
  </testcase>
  <testcase name="testaffiliationConfigWithInvalidParameters" classname="POD4_SystemConfiguration.invalid.AffiliationConfigNegativeTest" time="0.0">
    <skipped message="Test data setup failed"/>
  </testcase>
  <testcase name="afterMethod" classname="POD4_SystemConfiguration.invalid.AffiliationConfigNegativeTest" time="0.0">
    <skipped/>
  </testcase>
  <testcase name="cleanupClass" classname="POD4_SystemConfiguration.invalid.AffiliationConfigNegativeTest" time="0.0">
    <skipped/>
  </testcase>
  <testcase name="setup" classname="POD4_SystemConfiguration.valid.AffiliationConfigTest" time="0.003">
    <failure message="Test data setup failed" type="java.lang.RuntimeException"><![CDATA[java.lang.RuntimeException: Test data setup failed
	at com.dyp.base.BaseTest.setupPodTestData(BaseTest.java:90)
	at POD4_SystemConfiguration.valid.AffiliationConfigTest.setup(AffiliationConfigTest.java:38)
	at java.base/jdk.internal.reflect.DirectMethodHandleAccessor.invoke(DirectMethodHandleAccessor.java:103)
	at java.base/java.lang.reflect.Method.invoke(Method.java:580)
	at org.testng.internal.MethodInvocationHelper.invokeMethod(MethodInvocationHelper.java:133)
	at org.testng.internal.MethodInvocationHelper.invokeMethodConsideringTimeout(MethodInvocationHelper.java:62)
	at org.testng.internal.ConfigInvoker.invokeConfigurationMethod(ConfigInvoker.java:385)
	at org.testng.internal.ConfigInvoker.invokeConfigurations(ConfigInvoker.java:321)
	at org.testng.internal.TestMethodWorker.invokeBeforeClassMethods(TestMethodWorker.java:176)
	at org.testng.internal.TestMethodWorker.run(TestMethodWorker.java:122)
	at java.base/java.util.ArrayList.forEach(ArrayList.java:1597)
	at org.testng.TestRunner.privateRun(TestRunner.java:794)
	at org.testng.TestRunner.run(TestRunner.java:596)
	at org.testng.SuiteRunner.runTest(SuiteRunner.java:377)
	at org.testng.SuiteRunner.runSequentially(SuiteRunner.java:371)
	at org.testng.SuiteRunner.privateRun(SuiteRunner.java:332)
	at org.testng.SuiteRunner.run(SuiteRunner.java:276)
	at org.testng.SuiteRunnerWorker.runSuite(SuiteRunnerWorker.java:53)
	at org.testng.SuiteRunnerWorker.run(SuiteRunnerWorker.java:96)
	at org.testng.TestNG.runSuitesSequentially(TestNG.java:1212)
	at org.testng.TestNG.runSuitesLocally(TestNG.java:1134)
	at org.testng.TestNG.runSuites(TestNG.java:1063)
	at org.testng.TestNG.run(TestNG.java:1031)
	at org.apache.maven.surefire.testng.TestNGExecutor.run(TestNGExecutor.java:155)
	at org.apache.maven.surefire.testng.TestNGDirectoryTestSuite.executeMulti(TestNGDirectoryTestSuite.java:169)
	at org.apache.maven.surefire.testng.TestNGDirectoryTestSuite.execute(TestNGDirectoryTestSuite.java:88)
	at org.apache.maven.surefire.testng.TestNGProvider.invoke(TestNGProvider.java:137)
	at org.apache.maven.surefire.booter.ForkedBooter.runSuitesInProcess(ForkedBooter.java:385)
	at org.apache.maven.surefire.booter.ForkedBooter.execute(ForkedBooter.java:162)
	at org.apache.maven.surefire.booter.ForkedBooter.run(ForkedBooter.java:507)
	at org.apache.maven.surefire.booter.ForkedBooter.main(ForkedBooter.java:495)
Caused by: java.io.IOException: Test data file not found: testdata/POD4_SystemConfiguration.json
	at com.dyp.base.TestDataUtil.loadTestData(TestDataUtil.java:19)
	at com.dyp.base.BaseTest.setupPodTestData(BaseTest.java:87)
	... 30 more
]]></failure>
  </testcase>
  <testcase name="beforeMethod" classname="POD4_SystemConfiguration.valid.AffiliationConfigTest" time="0.0">
    <skipped/>
  </testcase>
  <testcase name="testaffiliationConfig" classname="POD4_SystemConfiguration.valid.AffiliationConfigTest" time="0.0">
    <skipped message="Test data setup failed"/>
  </testcase>
  <testcase name="afterMethod" classname="POD4_SystemConfiguration.valid.AffiliationConfigTest" time="0.0">
    <skipped/>
  </testcase>
  <testcase name="cleanupClass" classname="POD4_SystemConfiguration.valid.AffiliationConfigTest" time="0.0">
    <skipped/>
  </testcase>
</testsuite>