





<!DOCTYPE html>
<html>

<head>
    <meta charset="utf-8">
    <meta name="viewport" content="width=device-width, initial-scale=1, shrink-to-fit=no">
    <title>DYP FL 2.0 API Test Report - 2025-07-15</title>
        <link rel="apple-touch-icon" href="https://cdn.jsdelivr.net/gh/extent-framework/extent-github-cdn@b00a2d0486596e73dd7326beacf352c639623a0e/commons/img/logo.png">
        <link rel="shortcut icon" href="https://cdn.jsdelivr.net/gh/extent-framework/extent-github-cdn@b00a2d0486596e73dd7326beacf352c639623a0e/commons/img/logo.png">
	    <link href="https://cdn.jsdelivr.net/gh/extent-framework/extent-github-cdn@6fbbd1c32fbc2463d026da5c6ce2e9eef0d29512/spark/css/spark-style.css" rel="stylesheet" />
        <link href="https://stackpath.bootstrapcdn.com/font-awesome/4.7.0/css/font-awesome.min.css" rel="stylesheet">
<style type="text/css">

</style></head>    <script src="https://cdn.rawgit.com/extent-framework/extent-github-cdn/7cc78ce/spark/js/jsontree.js"></script>
<body class="spa -report standard">
    <div class="app header-dark side-nav-folded">
        <div class="layout">
<div class="header navbar">
    <div class="vheader">
        <div class="nav-logo">
          <a href="#">
            <div class="logo logo-dark" style="background-image: url('https://cdn.rawgit.com/extent-framework/extent-github-cdn/d74480e/commons/img/logo.png')"></div>
            <div class="logo logo-white" style="background-image: url('https://cdn.rawgit.com/extent-framework/extent-github-cdn/d74480e/commons/img/logo.png')"></div>
          </a>
        </div>
        <ul class="nav-left">
          <li class="search-box">
            <a class="search-toggle" href="javascript:void(0);">
              <i class="search-icon fa fa-search"></i>
              <i class="search-icon-close fa fa-close"></i>
            </a>
          </li>
          <li class="search-input">
            <input id="search-tests" class="form-control" type="text" placeholder="Type to search...">
          </li>
        </ul>
        <ul class="nav-right">
          <li class="m-r-10">
            <a href="#">
              <span class="badge badge-primary">API Automation Test Results - 2025-07-15 11-19-34</span>
            </a>
          </li>
            <li class="m-r-10">
                <a href="#">
                    <span class="badge badge-primary">2025-07-15 11:19:34</span>
                </a>
            </li>
        </ul>
    </div>
</div><div class="side-nav">
  <div class="side-nav-inner">
    <ul class="side-nav-menu scrollable">
      <li class="nav-item dropdown" onclick="toggleView('test-view')">
        <a id="nav-test" class="dropdown-toggle" href="index.html">
          <span class="icon-holder">
            <i class="fa fa-align-left"></i>
          </span>
          <span class="title">Tests</span>
        </a>
      </li>
            <li class="nav-item dropdown" onclick="toggleView('tag-view')">
        <a id="nav-tag" class="dropdown-toggle" href="tag.html">
          <span class="icon-holder">
            <i class="fa fa-tag"></i>
          </span>
          <span class="title">Tags</span>
        </a>
      </li>
      <li class="nav-item dropdown" onclick="toggleView('exception-view')">
        <a id="nav-ex" class="dropdown-toggle" href="exception.html">
          <span class="icon-holder">
            <i class="fa fa-bug"></i>
          </span>
          <span class="title">Exception</span>
        </a>
      </li>
      <li class="nav-item dropdown" onclick="toggleView('dashboard-view')">
        <a id="nav-dashboard" class="dropdown-toggle" href="dashboard.html">
          <span class="icon-holder">
            <i class="fa fa-bar-chart"></i>
          </span>
          <span class="title">Dashboard</span>
        </a>
      </li>
    </ul>
  </div>
</div>            <div class="vcontainer">
                <div class="main-content">
<div class="test-wrapper row test-view">
	<div class="test-list">
		<div class="test-list-tools">
			<ul class="tools pull-left">
				<li>
					<a href="">
					<span class="font-size-14">Tests</span>
					</a>
				</li>
			</ul>
			<ul class="tools text-right">
				<li class="user-profile dropdown dropdown-animated scale-left">
					<a href="#" class="dropdown-toggle" data-toggle="dropdown">
					<i class="fa fa-exclamation-circle"></i>
					</a>
					<ul id="status-toggle" class="dropdown-menu dropdown-md p-v-0">
						<a class="dropdown-item" status="pass" href="#"><span>Pass</span><span class="status success pull-right"></span></a>
						<a class="dropdown-item" status="fail" href="#"><span>Fail</span><span class="status danger pull-right"></span></a>
						
						
						
						
						<div class="dropdown-divider"></div>
						<a status="clear" class="dropdown-item" href="#"><span>Clear</span><span class="pull-right"><i class="fa fa-close"></i></span></a>
					</ul>
				</li>
				<li class="user-profile dropdown dropdown-animated scale-left">
					<a href="#" class="dropdown-toggle" data-toggle="dropdown">
					<i class="fa fa-tag"></i>
					</a>
					<ul id="tag-toggle" class="dropdown-menu dropdown-md p-v-0">
						<a class="dropdown-item" href="#">com.dyp.base.ComprehensiveAuthTest</a>
						<a class="dropdown-item" href="#">POD1_Enrollments.valid.ApprovedlistppTest</a>
						<a class="dropdown-item" href="#">POD1_Enrollments.invalid.ApprovedlistPPNegativeTest</a>
						<a class="dropdown-item" href="#">POD1_Enrollments.valid.CustomSectionValidateTest</a>
						<a class="dropdown-item" href="#">POD1_Enrollments.invalid.CustomSectionValidatenegativeTest</a>
						<a class="dropdown-item" href="#">POD1_Enrollments.valid.Unapprovedlistpptest</a>
						<a class="dropdown-item" href="#">POD1_Enrollments.invalid.Unapprovedlistppnegativetest</a>
					</ul>
				</li>
			</ul>
		</div>
		<div class="test-list-wrapper scrollable">
			<ul class="test-list-item">
				<li class="test-item"  status="pass" test-id="1"
					author=""
					tag="com.dyp.base.ComprehensiveAuthTest"
					device="">
					<div class="status-avatar pass-bg">
						<i class="fa fa-check text-white"></i>
					</div>
					<div class="open-test">
						<div class="test-detail">
							<p class="name">testConfigurationLoadingFromConfigFile</p>
							<p class="duration text-sm">0h 0m 0s+24ms</p>
							<span class="datetime">11:19:35 AM</span>
						</div>
					</div>
					<div class="test-contents d-none">
						<div class="detail-head">
							<div class="p-v-10 d-inline-block">
								<div class="info">
									<h5 class="test-status text-pass">testConfigurationLoadingFromConfigFile</h5>
									<span class='badge badge-success'>07.15.2025 11:19:35</span>
									<span class='badge badge-danger'>07.15.2025 11:19:35</span>
									<span class='badge badge-default'>0h 0m 0s+24ms</span>
								</div>
								<div class="m-t-15">
			<span class="badge badge-pill badge-default"><i class="fa fa-tag"></i> com.dyp.base.ComprehensiveAuthTest</span>
								</div>
								<div class="m-t-10 m-l-5">
									
								</div>
							</div>
						</div>
<div class="detail-body mt-4">                                              
<table class="table table-sm">
	<thead><tr>
		<th class="status-col">Status</th>
		<th class="timestamp-col">Timestamp</th>
		<th class="details-col">Details</th>
	</tr></thead>
	<tbody>
			<tr class="event-row">
				<td><i class="fa fa-info text-info"></i></td>
				<td>11:19:35‚ÄØAM</td>
				<td>
						Test Started: 2025-07-15 11:19:35
				</td>
			</tr>
			<tr class="event-row">
				<td><i class="fa fa-info text-info"></i></td>
				<td>11:19:35‚ÄØAM</td>
				<td>
						Test Class: com.dyp.base.ComprehensiveAuthTest
				</td>
			</tr>
			<tr class="event-row">
				<td><i class="fa fa-info text-info"></i></td>
				<td>11:19:35‚ÄØAM</td>
				<td>
						Test Method: testConfigurationLoadingFromConfigFile
				</td>
			</tr>
			<tr class="event-row">
				<td><i class="fa fa-info text-info"></i></td>
				<td>11:19:35‚ÄØAM</td>
				<td>
						Date: 2025-07-15
				</td>
			</tr>
			<tr class="event-row">
				<td><i class="fa fa-info text-info"></i></td>
				<td>11:19:35‚ÄØAM</td>
				<td>
						Time: 11:19:35
				</td>
			</tr>
			<tr class="event-row">
				<td><i class="fa fa-info text-info"></i></td>
				<td>11:19:35‚ÄØAM</td>
				<td>
						[11:19:35] Testing configuration loading from config file
				</td>
			</tr>
			<tr class="event-row">
				<td><i class="fa fa-check text-pass"></i></td>
				<td>11:19:35‚ÄØAM</td>
				<td>
						[11:19:35] Configuration loading test passed
				</td>
			</tr>
			<tr class="event-row">
				<td><i class="fa fa-info text-info"></i></td>
				<td>11:19:35‚ÄØAM</td>
				<td>
						[11:19:35] Environment: dev01
				</td>
			</tr>
			<tr class="event-row">
				<td><i class="fa fa-info text-info"></i></td>
				<td>11:19:35‚ÄØAM</td>
				<td>
						[11:19:35] Base URL: https://dyp2-sb-dev01.hhstechgroup.com
				</td>
			</tr>
			<tr class="event-row">
				<td><i class="fa fa-info text-info"></i></td>
				<td>11:19:35‚ÄØAM</td>
				<td>
						[11:19:35] Provider User email: auto@sharklasers.com
				</td>
			</tr>
			<tr class="event-row">
				<td><i class="fa fa-info text-info"></i></td>
				<td>11:19:35‚ÄØAM</td>
				<td>
						[11:19:35] Internal User email: internal.user.dyp+cd@gmail.com
				</td>
			</tr>
			<tr class="event-row">
				<td><i class="fa fa-check text-pass"></i></td>
				<td>11:19:35‚ÄØAM</td>
				<td>
						<span class='badge white-text green'> Test passed successfully</span>
				</td>
			</tr>
			<tr class="event-row">
				<td><i class="fa fa-info text-info"></i></td>
				<td>11:19:35‚ÄØAM</td>
				<td>
						Test Duration: 23ms
				</td>
			</tr>
			<tr class="event-row">
				<td><i class="fa fa-info text-info"></i></td>
				<td>11:19:35‚ÄØAM</td>
				<td>
						Test Completed: 2025-07-15 11:19:35
				</td>
			</tr>
			<tr class="event-row">
				<td><i class="fa fa-info text-info"></i></td>
				<td>11:19:35‚ÄØAM</td>
				<td>
						Status: PASSED
				</td>
			</tr>
			<tr class="event-row">
				<td><i class="fa fa-info text-info"></i></td>
				<td>11:19:35‚ÄØAM</td>
				<td>
						Screenshot captured: testConfigurationLoadingFromConfigFile_11-19-35.png
				</td>
			</tr>
			<tr class="event-row">
				<td><i class="fa fa-info text-info"></i></td>
				<td>11:19:35‚ÄØAM</td>
				<td>
						<div style='background-color: #f0f0f0; padding: 20px; border: 1px solid #ccc;'><h4>Screenshot: testConfigurationLoadingFromConfigFile_11-19-35.png</h4><p>Captured at: 11-19-35</p><p>Path: test-output/screenshots/2025-07-15/testConfigurationLoadingFromConfigFile_11-19-35.png</p><div style='background-color: white; padding: 10px; border: 1px solid #ddd;'><p><strong>API Response Screenshot</strong></p><p>This would contain the actual screenshot in a real browser automation scenario.</p></div></div>
				</td>
			</tr>
	</tbody>
</table>
</div>
					</div>
				</li>
				<li class="test-item"  status="pass" test-id="2"
					author=""
					tag="com.dyp.base.ComprehensiveAuthTest"
					device="">
					<div class="status-avatar pass-bg">
						<i class="fa fa-check text-white"></i>
					</div>
					<div class="open-test">
						<div class="test-detail">
							<p class="name">testProviderUserAuthentication</p>
							<p class="duration text-sm">0h 0m 5s+400ms</p>
							<span class="datetime">11:19:35 AM</span>
						</div>
					</div>
					<div class="test-contents d-none">
						<div class="detail-head">
							<div class="p-v-10 d-inline-block">
								<div class="info">
									<h5 class="test-status text-pass">testProviderUserAuthentication</h5>
									<span class='badge badge-success'>07.15.2025 11:19:35</span>
									<span class='badge badge-danger'>07.15.2025 11:19:41</span>
									<span class='badge badge-default'>0h 0m 5s+400ms</span>
								</div>
								<div class="m-t-15">
			<span class="badge badge-pill badge-default"><i class="fa fa-tag"></i> com.dyp.base.ComprehensiveAuthTest</span>
								</div>
								<div class="m-t-10 m-l-5">
									
								</div>
							</div>
						</div>
<div class="detail-body mt-4">                                              
<table class="table table-sm">
	<thead><tr>
		<th class="status-col">Status</th>
		<th class="timestamp-col">Timestamp</th>
		<th class="details-col">Details</th>
	</tr></thead>
	<tbody>
			<tr class="event-row">
				<td><i class="fa fa-info text-info"></i></td>
				<td>11:19:35‚ÄØAM</td>
				<td>
						Test Started: 2025-07-15 11:19:35
				</td>
			</tr>
			<tr class="event-row">
				<td><i class="fa fa-info text-info"></i></td>
				<td>11:19:35‚ÄØAM</td>
				<td>
						Test Class: com.dyp.base.ComprehensiveAuthTest
				</td>
			</tr>
			<tr class="event-row">
				<td><i class="fa fa-info text-info"></i></td>
				<td>11:19:35‚ÄØAM</td>
				<td>
						Test Method: testProviderUserAuthentication
				</td>
			</tr>
			<tr class="event-row">
				<td><i class="fa fa-info text-info"></i></td>
				<td>11:19:35‚ÄØAM</td>
				<td>
						Date: 2025-07-15
				</td>
			</tr>
			<tr class="event-row">
				<td><i class="fa fa-info text-info"></i></td>
				<td>11:19:35‚ÄØAM</td>
				<td>
						Time: 11:19:35
				</td>
			</tr>
			<tr class="event-row">
				<td><i class="fa fa-info text-info"></i></td>
				<td>11:19:35‚ÄØAM</td>
				<td>
						[11:19:35] Testing Provider User (PU) authentication
				</td>
			</tr>
			<tr class="event-row">
				<td><i class="fa fa-check text-pass"></i></td>
				<td>11:19:41‚ÄØAM</td>
				<td>
						[11:19:41] Provider User authentication successful
				</td>
			</tr>
			<tr class="event-row">
				<td><i class="fa fa-info text-info"></i></td>
				<td>11:19:41‚ÄØAM</td>
				<td>
						[11:19:41] Provider User token stored in variable: eyJhbGciOiJIUzUxMiJ9...
				</td>
			</tr>
			<tr class="event-row">
				<td><i class="fa fa-check text-pass"></i></td>
				<td>11:19:41‚ÄØAM</td>
				<td>
						<span class='badge white-text green'> Test passed successfully</span>
				</td>
			</tr>
			<tr class="event-row">
				<td><i class="fa fa-info text-info"></i></td>
				<td>11:19:41‚ÄØAM</td>
				<td>
						Test Duration: 5401ms
				</td>
			</tr>
			<tr class="event-row">
				<td><i class="fa fa-info text-info"></i></td>
				<td>11:19:41‚ÄØAM</td>
				<td>
						Test Completed: 2025-07-15 11:19:41
				</td>
			</tr>
			<tr class="event-row">
				<td><i class="fa fa-info text-info"></i></td>
				<td>11:19:41‚ÄØAM</td>
				<td>
						Status: PASSED
				</td>
			</tr>
			<tr class="event-row">
				<td><i class="fa fa-info text-info"></i></td>
				<td>11:19:41‚ÄØAM</td>
				<td>
						Screenshot captured: testProviderUserAuthentication_11-19-41.png
				</td>
			</tr>
			<tr class="event-row">
				<td><i class="fa fa-info text-info"></i></td>
				<td>11:19:41‚ÄØAM</td>
				<td>
						<div style='background-color: #f0f0f0; padding: 20px; border: 1px solid #ccc;'><h4>Screenshot: testProviderUserAuthentication_11-19-41.png</h4><p>Captured at: 11-19-41</p><p>Path: test-output/screenshots/2025-07-15/testProviderUserAuthentication_11-19-41.png</p><div style='background-color: white; padding: 10px; border: 1px solid #ddd;'><p><strong>API Response Screenshot</strong></p><p>This would contain the actual screenshot in a real browser automation scenario.</p></div></div>
				</td>
			</tr>
	</tbody>
</table>
</div>
					</div>
				</li>
				<li class="test-item"  status="pass" test-id="3"
					author=""
					tag="com.dyp.base.ComprehensiveAuthTest"
					device="">
					<div class="status-avatar pass-bg">
						<i class="fa fa-check text-white"></i>
					</div>
					<div class="open-test">
						<div class="test-detail">
							<p class="name">testInternalUserAuthentication</p>
							<p class="duration text-sm">0h 0m 1s+937ms</p>
							<span class="datetime">11:19:41 AM</span>
						</div>
					</div>
					<div class="test-contents d-none">
						<div class="detail-head">
							<div class="p-v-10 d-inline-block">
								<div class="info">
									<h5 class="test-status text-pass">testInternalUserAuthentication</h5>
									<span class='badge badge-success'>07.15.2025 11:19:41</span>
									<span class='badge badge-danger'>07.15.2025 11:19:43</span>
									<span class='badge badge-default'>0h 0m 1s+937ms</span>
								</div>
								<div class="m-t-15">
			<span class="badge badge-pill badge-default"><i class="fa fa-tag"></i> com.dyp.base.ComprehensiveAuthTest</span>
								</div>
								<div class="m-t-10 m-l-5">
									
								</div>
							</div>
						</div>
<div class="detail-body mt-4">                                              
<table class="table table-sm">
	<thead><tr>
		<th class="status-col">Status</th>
		<th class="timestamp-col">Timestamp</th>
		<th class="details-col">Details</th>
	</tr></thead>
	<tbody>
			<tr class="event-row">
				<td><i class="fa fa-info text-info"></i></td>
				<td>11:19:41‚ÄØAM</td>
				<td>
						Test Started: 2025-07-15 11:19:41
				</td>
			</tr>
			<tr class="event-row">
				<td><i class="fa fa-info text-info"></i></td>
				<td>11:19:41‚ÄØAM</td>
				<td>
						Test Class: com.dyp.base.ComprehensiveAuthTest
				</td>
			</tr>
			<tr class="event-row">
				<td><i class="fa fa-info text-info"></i></td>
				<td>11:19:41‚ÄØAM</td>
				<td>
						Test Method: testInternalUserAuthentication
				</td>
			</tr>
			<tr class="event-row">
				<td><i class="fa fa-info text-info"></i></td>
				<td>11:19:41‚ÄØAM</td>
				<td>
						Date: 2025-07-15
				</td>
			</tr>
			<tr class="event-row">
				<td><i class="fa fa-info text-info"></i></td>
				<td>11:19:41‚ÄØAM</td>
				<td>
						Time: 11:19:41
				</td>
			</tr>
			<tr class="event-row">
				<td><i class="fa fa-info text-info"></i></td>
				<td>11:19:41‚ÄØAM</td>
				<td>
						[11:19:41] Testing Internal User (IU) authentication
				</td>
			</tr>
			<tr class="event-row">
				<td><i class="fa fa-check text-pass"></i></td>
				<td>11:19:43‚ÄØAM</td>
				<td>
						[11:19:43] Internal User authentication successful
				</td>
			</tr>
			<tr class="event-row">
				<td><i class="fa fa-info text-info"></i></td>
				<td>11:19:43‚ÄØAM</td>
				<td>
						[11:19:43] Internal User token stored in variable: eyJhbGciOiJIUzUxMiJ9...
				</td>
			</tr>
			<tr class="event-row">
				<td><i class="fa fa-check text-pass"></i></td>
				<td>11:19:43‚ÄØAM</td>
				<td>
						<span class='badge white-text green'> Test passed successfully</span>
				</td>
			</tr>
			<tr class="event-row">
				<td><i class="fa fa-info text-info"></i></td>
				<td>11:19:43‚ÄØAM</td>
				<td>
						Test Duration: 1937ms
				</td>
			</tr>
			<tr class="event-row">
				<td><i class="fa fa-info text-info"></i></td>
				<td>11:19:43‚ÄØAM</td>
				<td>
						Test Completed: 2025-07-15 11:19:43
				</td>
			</tr>
			<tr class="event-row">
				<td><i class="fa fa-info text-info"></i></td>
				<td>11:19:43‚ÄØAM</td>
				<td>
						Status: PASSED
				</td>
			</tr>
			<tr class="event-row">
				<td><i class="fa fa-info text-info"></i></td>
				<td>11:19:43‚ÄØAM</td>
				<td>
						Screenshot captured: testInternalUserAuthentication_11-19-43.png
				</td>
			</tr>
			<tr class="event-row">
				<td><i class="fa fa-info text-info"></i></td>
				<td>11:19:43‚ÄØAM</td>
				<td>
						<div style='background-color: #f0f0f0; padding: 20px; border: 1px solid #ccc;'><h4>Screenshot: testInternalUserAuthentication_11-19-43.png</h4><p>Captured at: 11-19-43</p><p>Path: test-output/screenshots/2025-07-15/testInternalUserAuthentication_11-19-43.png</p><div style='background-color: white; padding: 10px; border: 1px solid #ddd;'><p><strong>API Response Screenshot</strong></p><p>This would contain the actual screenshot in a real browser automation scenario.</p></div></div>
				</td>
			</tr>
	</tbody>
</table>
</div>
					</div>
				</li>
				<li class="test-item"  status="pass" test-id="4"
					author=""
					tag="com.dyp.base.ComprehensiveAuthTest"
					device="">
					<div class="status-avatar pass-bg">
						<i class="fa fa-check text-white"></i>
					</div>
					<div class="open-test">
						<div class="test-detail">
							<p class="name">testStoredTokenValidation</p>
							<p class="duration text-sm">0h 0m 0s+1ms</p>
							<span class="datetime">11:19:43 AM</span>
						</div>
					</div>
					<div class="test-contents d-none">
						<div class="detail-head">
							<div class="p-v-10 d-inline-block">
								<div class="info">
									<h5 class="test-status text-pass">testStoredTokenValidation</h5>
									<span class='badge badge-success'>07.15.2025 11:19:43</span>
									<span class='badge badge-danger'>07.15.2025 11:19:43</span>
									<span class='badge badge-default'>0h 0m 0s+1ms</span>
								</div>
								<div class="m-t-15">
			<span class="badge badge-pill badge-default"><i class="fa fa-tag"></i> com.dyp.base.ComprehensiveAuthTest</span>
								</div>
								<div class="m-t-10 m-l-5">
									
								</div>
							</div>
						</div>
<div class="detail-body mt-4">                                              
<table class="table table-sm">
	<thead><tr>
		<th class="status-col">Status</th>
		<th class="timestamp-col">Timestamp</th>
		<th class="details-col">Details</th>
	</tr></thead>
	<tbody>
			<tr class="event-row">
				<td><i class="fa fa-info text-info"></i></td>
				<td>11:19:43‚ÄØAM</td>
				<td>
						Test Started: 2025-07-15 11:19:43
				</td>
			</tr>
			<tr class="event-row">
				<td><i class="fa fa-info text-info"></i></td>
				<td>11:19:43‚ÄØAM</td>
				<td>
						Test Class: com.dyp.base.ComprehensiveAuthTest
				</td>
			</tr>
			<tr class="event-row">
				<td><i class="fa fa-info text-info"></i></td>
				<td>11:19:43‚ÄØAM</td>
				<td>
						Test Method: testStoredTokenValidation
				</td>
			</tr>
			<tr class="event-row">
				<td><i class="fa fa-info text-info"></i></td>
				<td>11:19:43‚ÄØAM</td>
				<td>
						Date: 2025-07-15
				</td>
			</tr>
			<tr class="event-row">
				<td><i class="fa fa-info text-info"></i></td>
				<td>11:19:43‚ÄØAM</td>
				<td>
						Time: 11:19:43
				</td>
			</tr>
			<tr class="event-row">
				<td><i class="fa fa-info text-info"></i></td>
				<td>11:19:43‚ÄØAM</td>
				<td>
						[11:19:43] Testing stored token validation
				</td>
			</tr>
			<tr class="event-row">
				<td><i class="fa fa-check text-pass"></i></td>
				<td>11:19:43‚ÄØAM</td>
				<td>
						[11:19:43] Stored token validation passed
				</td>
			</tr>
			<tr class="event-row">
				<td><i class="fa fa-info text-info"></i></td>
				<td>11:19:43‚ÄØAM</td>
				<td>
						[11:19:43] Both Provider User and Internal User tokens are valid and ready for use
				</td>
			</tr>
			<tr class="event-row">
				<td><i class="fa fa-check text-pass"></i></td>
				<td>11:19:43‚ÄØAM</td>
				<td>
						<span class='badge white-text green'> Test passed successfully</span>
				</td>
			</tr>
			<tr class="event-row">
				<td><i class="fa fa-info text-info"></i></td>
				<td>11:19:43‚ÄØAM</td>
				<td>
						Test Duration: 1ms
				</td>
			</tr>
			<tr class="event-row">
				<td><i class="fa fa-info text-info"></i></td>
				<td>11:19:43‚ÄØAM</td>
				<td>
						Test Completed: 2025-07-15 11:19:43
				</td>
			</tr>
			<tr class="event-row">
				<td><i class="fa fa-info text-info"></i></td>
				<td>11:19:43‚ÄØAM</td>
				<td>
						Status: PASSED
				</td>
			</tr>
			<tr class="event-row">
				<td><i class="fa fa-info text-info"></i></td>
				<td>11:19:43‚ÄØAM</td>
				<td>
						Screenshot captured: testStoredTokenValidation_11-19-43.png
				</td>
			</tr>
			<tr class="event-row">
				<td><i class="fa fa-info text-info"></i></td>
				<td>11:19:43‚ÄØAM</td>
				<td>
						<div style='background-color: #f0f0f0; padding: 20px; border: 1px solid #ccc;'><h4>Screenshot: testStoredTokenValidation_11-19-43.png</h4><p>Captured at: 11-19-43</p><p>Path: test-output/screenshots/2025-07-15/testStoredTokenValidation_11-19-43.png</p><div style='background-color: white; padding: 10px; border: 1px solid #ddd;'><p><strong>API Response Screenshot</strong></p><p>This would contain the actual screenshot in a real browser automation scenario.</p></div></div>
				</td>
			</tr>
	</tbody>
</table>
</div>
					</div>
				</li>
				<li class="test-item"  status="pass" test-id="5"
					author=""
					tag="com.dyp.base.ComprehensiveAuthTest"
					device="">
					<div class="status-avatar pass-bg">
						<i class="fa fa-check text-white"></i>
					</div>
					<div class="open-test">
						<div class="test-detail">
							<p class="name">testTokenUsageSimulation</p>
							<p class="duration text-sm">0h 0m 8s+215ms</p>
							<span class="datetime">11:19:43 AM</span>
						</div>
					</div>
					<div class="test-contents d-none">
						<div class="detail-head">
							<div class="p-v-10 d-inline-block">
								<div class="info">
									<h5 class="test-status text-pass">testTokenUsageSimulation</h5>
									<span class='badge badge-success'>07.15.2025 11:19:43</span>
									<span class='badge badge-danger'>07.15.2025 11:19:51</span>
									<span class='badge badge-default'>0h 0m 8s+215ms</span>
								</div>
								<div class="m-t-15">
			<span class="badge badge-pill badge-default"><i class="fa fa-tag"></i> com.dyp.base.ComprehensiveAuthTest</span>
								</div>
								<div class="m-t-10 m-l-5">
									
								</div>
							</div>
						</div>
<div class="detail-body mt-4">                                              
<table class="table table-sm">
	<thead><tr>
		<th class="status-col">Status</th>
		<th class="timestamp-col">Timestamp</th>
		<th class="details-col">Details</th>
	</tr></thead>
	<tbody>
			<tr class="event-row">
				<td><i class="fa fa-info text-info"></i></td>
				<td>11:19:43‚ÄØAM</td>
				<td>
						Test Started: 2025-07-15 11:19:43
				</td>
			</tr>
			<tr class="event-row">
				<td><i class="fa fa-info text-info"></i></td>
				<td>11:19:43‚ÄØAM</td>
				<td>
						Test Class: com.dyp.base.ComprehensiveAuthTest
				</td>
			</tr>
			<tr class="event-row">
				<td><i class="fa fa-info text-info"></i></td>
				<td>11:19:43‚ÄØAM</td>
				<td>
						Test Method: testTokenUsageSimulation
				</td>
			</tr>
			<tr class="event-row">
				<td><i class="fa fa-info text-info"></i></td>
				<td>11:19:43‚ÄØAM</td>
				<td>
						Date: 2025-07-15
				</td>
			</tr>
			<tr class="event-row">
				<td><i class="fa fa-info text-info"></i></td>
				<td>11:19:43‚ÄØAM</td>
				<td>
						Time: 11:19:43
				</td>
			</tr>
			<tr class="event-row">
				<td><i class="fa fa-info text-info"></i></td>
				<td>11:19:43‚ÄØAM</td>
				<td>
						[11:19:43] Testing token usage simulation
				</td>
			</tr>
			<tr class="event-row">
				<td><i class="fa fa-info text-info"></i></td>
				<td>11:19:47‚ÄØAM</td>
				<td>
						[11:19:47] Provider User token usage simulation successful
				</td>
			</tr>
			<tr class="event-row">
				<td><i class="fa fa-info text-info"></i></td>
				<td>11:19:51‚ÄØAM</td>
				<td>
						[11:19:51] Internal User token usage simulation successful
				</td>
			</tr>
			<tr class="event-row">
				<td><i class="fa fa-check text-pass"></i></td>
				<td>11:19:51‚ÄØAM</td>
				<td>
						[11:19:51] Token usage simulation completed successfully
				</td>
			</tr>
			<tr class="event-row">
				<td><i class="fa fa-check text-pass"></i></td>
				<td>11:19:51‚ÄØAM</td>
				<td>
						<span class='badge white-text green'> Test passed successfully</span>
				</td>
			</tr>
			<tr class="event-row">
				<td><i class="fa fa-info text-info"></i></td>
				<td>11:19:51‚ÄØAM</td>
				<td>
						Test Duration: 8215ms
				</td>
			</tr>
			<tr class="event-row">
				<td><i class="fa fa-info text-info"></i></td>
				<td>11:19:51‚ÄØAM</td>
				<td>
						Test Completed: 2025-07-15 11:19:51
				</td>
			</tr>
			<tr class="event-row">
				<td><i class="fa fa-info text-info"></i></td>
				<td>11:19:51‚ÄØAM</td>
				<td>
						Status: PASSED
				</td>
			</tr>
			<tr class="event-row">
				<td><i class="fa fa-info text-info"></i></td>
				<td>11:19:51‚ÄØAM</td>
				<td>
						Screenshot captured: testTokenUsageSimulation_11-19-51.png
				</td>
			</tr>
			<tr class="event-row">
				<td><i class="fa fa-info text-info"></i></td>
				<td>11:19:51‚ÄØAM</td>
				<td>
						<div style='background-color: #f0f0f0; padding: 20px; border: 1px solid #ccc;'><h4>Screenshot: testTokenUsageSimulation_11-19-51.png</h4><p>Captured at: 11-19-51</p><p>Path: test-output/screenshots/2025-07-15/testTokenUsageSimulation_11-19-51.png</p><div style='background-color: white; padding: 10px; border: 1px solid #ddd;'><p><strong>API Response Screenshot</strong></p><p>This would contain the actual screenshot in a real browser automation scenario.</p></div></div>
				</td>
			</tr>
	</tbody>
</table>
</div>
					</div>
				</li>
				<li class="test-item"  status="pass" test-id="6"
					author=""
					tag="com.dyp.base.ComprehensiveAuthTest"
					device="">
					<div class="status-avatar pass-bg">
						<i class="fa fa-check text-white"></i>
					</div>
					<div class="open-test">
						<div class="test-detail">
							<p class="name">testFinalTokenStatusCheck</p>
							<p class="duration text-sm">0h 0m 19s+855ms</p>
							<span class="datetime">11:19:51 AM</span>
						</div>
					</div>
					<div class="test-contents d-none">
						<div class="detail-head">
							<div class="p-v-10 d-inline-block">
								<div class="info">
									<h5 class="test-status text-pass">testFinalTokenStatusCheck</h5>
									<span class='badge badge-success'>07.15.2025 11:19:51</span>
									<span class='badge badge-danger'>07.15.2025 11:20:11</span>
									<span class='badge badge-default'>0h 0m 19s+855ms</span>
								</div>
								<div class="m-t-15">
			<span class="badge badge-pill badge-default"><i class="fa fa-tag"></i> com.dyp.base.ComprehensiveAuthTest</span>
								</div>
								<div class="m-t-10 m-l-5">
									
								</div>
							</div>
						</div>
<div class="detail-body mt-4">                                              
<table class="table table-sm">
	<thead><tr>
		<th class="status-col">Status</th>
		<th class="timestamp-col">Timestamp</th>
		<th class="details-col">Details</th>
	</tr></thead>
	<tbody>
			<tr class="event-row">
				<td><i class="fa fa-info text-info"></i></td>
				<td>11:19:51‚ÄØAM</td>
				<td>
						Test Started: 2025-07-15 11:19:51
				</td>
			</tr>
			<tr class="event-row">
				<td><i class="fa fa-info text-info"></i></td>
				<td>11:19:51‚ÄØAM</td>
				<td>
						Test Class: com.dyp.base.ComprehensiveAuthTest
				</td>
			</tr>
			<tr class="event-row">
				<td><i class="fa fa-info text-info"></i></td>
				<td>11:19:51‚ÄØAM</td>
				<td>
						Test Method: testFinalTokenStatusCheck
				</td>
			</tr>
			<tr class="event-row">
				<td><i class="fa fa-info text-info"></i></td>
				<td>11:19:51‚ÄØAM</td>
				<td>
						Date: 2025-07-15
				</td>
			</tr>
			<tr class="event-row">
				<td><i class="fa fa-info text-info"></i></td>
				<td>11:19:51‚ÄØAM</td>
				<td>
						Time: 11:19:51
				</td>
			</tr>
			<tr class="event-row">
				<td><i class="fa fa-info text-info"></i></td>
				<td>11:19:51‚ÄØAM</td>
				<td>
						[11:19:51] Performing final token status check
				</td>
			</tr>
			<tr class="event-row">
				<td><i class="fa fa-check text-pass"></i></td>
				<td>11:20:11‚ÄØAM</td>
				<td>
						[11:20:11] Final token status check passed
				</td>
			</tr>
			<tr class="event-row">
				<td><i class="fa fa-info text-info"></i></td>
				<td>11:20:11‚ÄØAM</td>
				<td>
						[11:20:11] Both Provider User and Internal User tokens are available and valid
				</td>
			</tr>
			<tr class="event-row">
				<td><i class="fa fa-check text-pass"></i></td>
				<td>11:20:11‚ÄØAM</td>
				<td>
						<span class='badge white-text green'> Test passed successfully</span>
				</td>
			</tr>
			<tr class="event-row">
				<td><i class="fa fa-info text-info"></i></td>
				<td>11:20:11‚ÄØAM</td>
				<td>
						Test Duration: 19853ms
				</td>
			</tr>
			<tr class="event-row">
				<td><i class="fa fa-info text-info"></i></td>
				<td>11:20:11‚ÄØAM</td>
				<td>
						Test Completed: 2025-07-15 11:20:11
				</td>
			</tr>
			<tr class="event-row">
				<td><i class="fa fa-info text-info"></i></td>
				<td>11:20:11‚ÄØAM</td>
				<td>
						Status: PASSED
				</td>
			</tr>
			<tr class="event-row">
				<td><i class="fa fa-info text-info"></i></td>
				<td>11:20:11‚ÄØAM</td>
				<td>
						Screenshot captured: testFinalTokenStatusCheck_11-20-11.png
				</td>
			</tr>
			<tr class="event-row">
				<td><i class="fa fa-info text-info"></i></td>
				<td>11:20:11‚ÄØAM</td>
				<td>
						<div style='background-color: #f0f0f0; padding: 20px; border: 1px solid #ccc;'><h4>Screenshot: testFinalTokenStatusCheck_11-20-11.png</h4><p>Captured at: 11-20-11</p><p>Path: test-output/screenshots/2025-07-15/testFinalTokenStatusCheck_11-20-11.png</p><div style='background-color: white; padding: 10px; border: 1px solid #ddd;'><p><strong>API Response Screenshot</strong></p><p>This would contain the actual screenshot in a real browser automation scenario.</p></div></div>
				</td>
			</tr>
			<tr class="event-row">
				<td><i class="fa fa-info text-info"></i></td>
				<td>11:20:11‚ÄØAM</td>
				<td>
						[11:20:11] Comprehensive authentication test cleanup completed (no token cleanup here)
				</td>
			</tr>
			<tr class="event-row">
				<td><i class="fa fa-info text-info"></i></td>
				<td>11:20:11‚ÄØAM</td>
				<td>
						[11:20:11] Test class cleanup completed
				</td>
			</tr>
	</tbody>
</table>
</div>
					</div>
				</li>
				<li class="test-item"  status="fail" test-id="7"
					author=""
					tag="POD1_Enrollments.valid.ApprovedlistppTest"
					device="">
					<div class="status-avatar fail-bg">
						<i class="fa fa-times text-white"></i>
					</div>
					<div class="open-test">
						<div class="test-detail">
							<p class="name">testGetProgramParticipationList</p>
							<p class="duration text-sm">0h 0m 14s+820ms</p>
							<span class="datetime">11:20:11 AM</span>
						</div>
					</div>
					<div class="test-contents d-none">
						<div class="detail-head">
							<div class="p-v-10 d-inline-block">
								<div class="info">
									<h5 class="test-status text-fail">testGetProgramParticipationList</h5>
									<span class='badge badge-success'>07.15.2025 11:20:11</span>
									<span class='badge badge-danger'>07.15.2025 11:20:26</span>
									<span class='badge badge-default'>0h 0m 14s+820ms</span>
								</div>
								<div class="m-t-15">
			<span class="badge badge-pill badge-default"><i class="fa fa-tag"></i> POD1_Enrollments.valid.ApprovedlistppTest</span>
								</div>
								<div class="m-t-10 m-l-5">
									
								</div>
							</div>
						</div>
<div class="detail-body mt-4">                                              
<table class="table table-sm">
	<thead><tr>
		<th class="status-col">Status</th>
		<th class="timestamp-col">Timestamp</th>
		<th class="details-col">Details</th>
	</tr></thead>
	<tbody>
			<tr class="event-row">
				<td><i class="fa fa-info text-info"></i></td>
				<td>11:20:11‚ÄØAM</td>
				<td>
						Test Started: 2025-07-15 11:20:11
				</td>
			</tr>
			<tr class="event-row">
				<td><i class="fa fa-info text-info"></i></td>
				<td>11:20:11‚ÄØAM</td>
				<td>
						Test Class: POD1_Enrollments.valid.ApprovedlistppTest
				</td>
			</tr>
			<tr class="event-row">
				<td><i class="fa fa-info text-info"></i></td>
				<td>11:20:11‚ÄØAM</td>
				<td>
						Test Method: testGetProgramParticipationList
				</td>
			</tr>
			<tr class="event-row">
				<td><i class="fa fa-info text-info"></i></td>
				<td>11:20:11‚ÄØAM</td>
				<td>
						Date: 2025-07-15
				</td>
			</tr>
			<tr class="event-row">
				<td><i class="fa fa-info text-info"></i></td>
				<td>11:20:11‚ÄØAM</td>
				<td>
						Time: 11:20:11
				</td>
			</tr>
			<tr class="event-row">
				<td><i class="fa fa-info text-info"></i></td>
				<td>11:20:11‚ÄØAM</td>
				<td>
						[11:20:11]  User Type: provider
				</td>
			</tr>
			<tr class="event-row">
				<td><i class="fa fa-times text-fail"></i></td>
				<td>11:20:26‚ÄØAM</td>
				<td>
						<span class='badge white-text red'> Test failed</span>
				</td>
			</tr>
			<tr class="event-row">
				<td><i class="fa fa-info text-info"></i></td>
				<td>11:20:26‚ÄØAM</td>
				<td>
						Test Duration: 14812ms
				</td>
			</tr>
			<tr class="event-row">
				<td><i class="fa fa-info text-info"></i></td>
				<td>11:20:26‚ÄØAM</td>
				<td>
						Test Completed: 2025-07-15 11:20:26
				</td>
			</tr>
			<tr class="event-row">
				<td><i class="fa fa-info text-info"></i></td>
				<td>11:20:26‚ÄØAM</td>
				<td>
						Status: FAILED
				</td>
			</tr>
			<tr class="event-row">
				<td><i class="fa fa-times text-fail"></i></td>
				<td>11:20:26‚ÄØAM</td>
				<td>
						Error Details:
				</td>
			</tr>
			<tr class="event-row">
				<td><i class="fa fa-times text-fail"></i></td>
				<td>11:20:26‚ÄØAM</td>
				<td>
						üîç Error Message: 1 expectation failed.
Expected status code <200> but was <500>.
				</td>
			</tr>
			<tr class="event-row">
				<td><i class="fa fa-times text-fail"></i></td>
				<td>11:20:26‚ÄØAM</td>
				<td>
						üìö Stack Trace:
				</td>
			</tr>
			<tr class="event-row">
				<td><i class="fa fa-times text-fail"></i></td>
				<td>11:20:26‚ÄØAM</td>
				<td>
						<textarea disabled class="code-block">java.lang.AssertionError: 1 expectation failed.
Expected status code <200> but was <500>.

	at java.base/jdk.internal.reflect.DirectConstructorHandleAccessor.newInstance(DirectConstructorHandleAccessor.java:62)
	at java.base/java.lang.reflect.Constructor.newInstanceWithCaller(Constructor.java:501)
	at java.base/java.lang.reflect.Constructor.newInstance(Constructor.java:485)
	at org.codehaus.groovy.reflection.CachedConstructor.invoke(CachedConstructor.java:73)
	at org.codehaus.groovy.runtime.callsite.ConstructorSite$ConstructorSiteNoUnwrapNoCoerce.callConstructor(ConstructorSite.java:108)
	at org.codehaus.groovy.runtime.callsite.CallSiteArray.defaultCallConstructor(CallSiteArray.java:57)
	at org.codehaus.groovy.runtime.callsite.AbstractCallSite.callConstructor(AbstractCallSite.java:263)
	at org.codehaus.groovy.runtime.callsite.AbstractCallSite.callConstructor(AbstractCallSite.java:277)
	at io.restassured.internal.ResponseSpecificationImpl$HamcrestAssertionClosure.validate(ResponseSpecificationImpl.groovy:512)
	at io.restassured.internal.ResponseSpecificationImpl$HamcrestAssertionClosure$validate$1.call(Unknown Source)
	at org.codehaus.groovy.runtime.callsite.CallSiteArray.defaultCall(CallSiteArray.java:45)
	at org.codehaus.groovy.runtime.callsite.AbstractCallSite.call(AbstractCallSite.java:125)
	at org.codehaus.groovy.runtime.callsite.AbstractCallSite.call(AbstractCallSite.java:139)
	at io.restassured.internal.ResponseSpecificationImpl.validateResponseIfRequired(ResponseSpecificationImpl.groovy:696)
	at io.restassured.internal.ResponseSpecificationImpl.this$2$validateResponseIfRequired(ResponseSpecificationImpl.groovy)
	at java.base/jdk.internal.reflect.DirectMethodHandleAccessor.invoke(DirectMethodHandleAccessor.java:103)
	at java.base/java.lang.reflect.Method.invoke(Method.java:580)
	at org.codehaus.groovy.runtime.callsite.PlainObjectMetaMethodSite.doInvoke(PlainObjectMetaMethodSite.java:43)
	at org.codehaus.groovy.runtime.callsite.PogoMetaMethodSite$PogoCachedMethodSiteNoUnwrapNoCoerce.invoke(PogoMetaMethodSite.java:198)
	at org.codehaus.groovy.runtime.callsite.PogoMetaMethodSite.callCurrent(PogoMetaMethodSite.java:62)
	at org.codehaus.groovy.runtime.callsite.CallSiteArray.defaultCallCurrent(CallSiteArray.java:49)
	at org.codehaus.groovy.runtime.callsite.AbstractCallSite.callCurrent(AbstractCallSite.java:171)
	at org.codehaus.groovy.runtime.callsite.AbstractCallSite.callCurrent(AbstractCallSite.java:185)
	at io.restassured.internal.ResponseSpecificationImpl.statusCode(ResponseSpecificationImpl.groovy:135)
	at io.restassured.specification.ResponseSpecification$statusCode$0.callCurrent(Unknown Source)
	at org.codehaus.groovy.runtime.callsite.CallSiteArray.defaultCallCurrent(CallSiteArray.java:49)
	at org.codehaus.groovy.runtime.callsite.AbstractCallSite.callCurrent(AbstractCallSite.java:171)
	at org.codehaus.groovy.runtime.callsite.AbstractCallSite.callCurrent(AbstractCallSite.java:185)
	at io.restassured.internal.ResponseSpecificationImpl.statusCode(ResponseSpecificationImpl.groovy:143)
	at io.restassured.internal.ValidatableResponseOptionsImpl.statusCode(ValidatableResponseOptionsImpl.java:89)
	at POD1_Enrollments.valid.ApprovedlistppTest.testGetProgramParticipationList(ApprovedlistppTest.java:45)
	at java.base/jdk.internal.reflect.DirectMethodHandleAccessor.invoke(DirectMethodHandleAccessor.java:103)
	at java.base/java.lang.reflect.Method.invoke(Method.java:580)
	at org.testng.internal.MethodInvocationHelper.invokeMethod(MethodInvocationHelper.java:133)
	at org.testng.internal.TestInvoker.invokeMethod(TestInvoker.java:598)
	at org.testng.internal.TestInvoker.invokeTestMethod(TestInvoker.java:173)
	at org.testng.internal.MethodRunner.runInSequence(MethodRunner.java:46)
	at org.testng.internal.TestInvoker$MethodInvocationAgent.invoke(TestInvoker.java:824)
	at org.testng.internal.TestInvoker.invokeTestMethods(TestInvoker.java:146)
	at org.testng.internal.TestMethodWorker.invokeTestMethods(TestMethodWorker.java:146)
	at org.testng.internal.TestMethodWorker.run(TestMethodWorker.java:128)
	at java.base/java.util.ArrayList.forEach(ArrayList.java:1597)
	at org.testng.TestRunner.privateRun(TestRunner.java:794)
	at org.testng.TestRunner.run(TestRunner.java:596)
	at org.testng.SuiteRunner.runTest(SuiteRunner.java:377)
	at org.testng.SuiteRunner.runSequentially(SuiteRunner.java:371)
	at org.testng.SuiteRunner.privateRun(SuiteRunner.java:332)
	at org.testng.SuiteRunner.run(SuiteRunner.java:276)
	at org.testng.SuiteRunnerWorker.runSuite(SuiteRunnerWorker.java:53)
	at org.testng.SuiteRunnerWorker.run(SuiteRunnerWorker.java:96)
	at org.testng.TestNG.runSuitesSequentially(TestNG.java:1212)
	at org.testng.TestNG.runSuitesLocally(TestNG.java:1134)
	at org.testng.TestNG.runSuites(TestNG.java:1063)
	at org.testng.TestNG.run(TestNG.java:1031)
	at com.intellij.rt.testng.IDEARemoteTestNG.run(IDEARemoteTestNG.java:65)
	at com.intellij.rt.testng.RemoteTestNGStarter.main(RemoteTestNGStarter.java:105)
</textarea>
				</td>
			</tr>
			<tr class="event-row">
				<td><i class="fa fa-info text-info"></i></td>
				<td>11:20:26‚ÄØAM</td>
				<td>
						Screenshot captured: testGetProgramParticipationList_11-20-26.png
				</td>
			</tr>
			<tr class="event-row">
				<td><i class="fa fa-info text-info"></i></td>
				<td>11:20:26‚ÄØAM</td>
				<td>
						<div style='background-color: #f0f0f0; padding: 20px; border: 1px solid #ccc;'><h4>Screenshot: testGetProgramParticipationList_11-20-26.png</h4><p>Captured at: 11-20-26</p><p>Path: test-output/screenshots/2025-07-15/testGetProgramParticipationList_11-20-26.png</p><div style='background-color: white; padding: 10px; border: 1px solid #ddd;'><p><strong>API Response Screenshot</strong></p><p>This would contain the actual screenshot in a real browser automation scenario.</p></div></div>
				</td>
			</tr>
			<tr class="event-row">
				<td><i class="fa fa-info text-info"></i></td>
				<td>11:20:26‚ÄØAM</td>
				<td>
						[11:20:26] Test class cleanup completed
				</td>
			</tr>
	</tbody>
</table>
</div>
					</div>
				</li>
				<li class="test-item"  status="fail" test-id="8"
					author=""
					tag="POD1_Enrollments.invalid.ApprovedlistPPNegativeTest"
					device="">
					<div class="status-avatar fail-bg">
						<i class="fa fa-times text-white"></i>
					</div>
					<div class="open-test">
						<div class="test-detail">
							<p class="name">negativetestGetProgramParticipationList</p>
							<p class="duration text-sm">0h 0m 4s+613ms</p>
							<span class="datetime">11:20:26 AM</span>
						</div>
					</div>
					<div class="test-contents d-none">
						<div class="detail-head">
							<div class="p-v-10 d-inline-block">
								<div class="info">
									<h5 class="test-status text-fail">negativetestGetProgramParticipationList</h5>
									<span class='badge badge-success'>07.15.2025 11:20:26</span>
									<span class='badge badge-danger'>07.15.2025 11:20:31</span>
									<span class='badge badge-default'>0h 0m 4s+613ms</span>
								</div>
								<div class="m-t-15">
			<span class="badge badge-pill badge-default"><i class="fa fa-tag"></i> POD1_Enrollments.invalid.ApprovedlistPPNegativeTest</span>
								</div>
								<div class="m-t-10 m-l-5">
									
								</div>
							</div>
						</div>
<div class="detail-body mt-4">                                              
<table class="table table-sm">
	<thead><tr>
		<th class="status-col">Status</th>
		<th class="timestamp-col">Timestamp</th>
		<th class="details-col">Details</th>
	</tr></thead>
	<tbody>
			<tr class="event-row">
				<td><i class="fa fa-info text-info"></i></td>
				<td>11:20:26‚ÄØAM</td>
				<td>
						Test Started: 2025-07-15 11:20:26
				</td>
			</tr>
			<tr class="event-row">
				<td><i class="fa fa-info text-info"></i></td>
				<td>11:20:26‚ÄØAM</td>
				<td>
						Test Class: POD1_Enrollments.invalid.ApprovedlistPPNegativeTest
				</td>
			</tr>
			<tr class="event-row">
				<td><i class="fa fa-info text-info"></i></td>
				<td>11:20:26‚ÄØAM</td>
				<td>
						Test Method: negativetestGetProgramParticipationList
				</td>
			</tr>
			<tr class="event-row">
				<td><i class="fa fa-info text-info"></i></td>
				<td>11:20:26‚ÄØAM</td>
				<td>
						Date: 2025-07-15
				</td>
			</tr>
			<tr class="event-row">
				<td><i class="fa fa-info text-info"></i></td>
				<td>11:20:26‚ÄØAM</td>
				<td>
						Time: 11:20:26
				</td>
			</tr>
			<tr class="event-row">
				<td><i class="fa fa-info text-info"></i></td>
				<td>11:20:26‚ÄØAM</td>
				<td>
						[11:20:26]  User Type: provider
				</td>
			</tr>
			<tr class="event-row">
				<td><i class="fa fa-times text-fail"></i></td>
				<td>11:20:31‚ÄØAM</td>
				<td>
						<span class='badge white-text red'> Test failed</span>
				</td>
			</tr>
			<tr class="event-row">
				<td><i class="fa fa-info text-info"></i></td>
				<td>11:20:31‚ÄØAM</td>
				<td>
						Test Duration: 4610ms
				</td>
			</tr>
			<tr class="event-row">
				<td><i class="fa fa-info text-info"></i></td>
				<td>11:20:31‚ÄØAM</td>
				<td>
						Test Completed: 2025-07-15 11:20:31
				</td>
			</tr>
			<tr class="event-row">
				<td><i class="fa fa-info text-info"></i></td>
				<td>11:20:31‚ÄØAM</td>
				<td>
						Status: FAILED
				</td>
			</tr>
			<tr class="event-row">
				<td><i class="fa fa-times text-fail"></i></td>
				<td>11:20:31‚ÄØAM</td>
				<td>
						Error Details:
				</td>
			</tr>
			<tr class="event-row">
				<td><i class="fa fa-times text-fail"></i></td>
				<td>11:20:31‚ÄØAM</td>
				<td>
						üîç Error Message: 1 expectation failed.
Expected status code (is <400> or is <422>) but was <500>.
				</td>
			</tr>
			<tr class="event-row">
				<td><i class="fa fa-times text-fail"></i></td>
				<td>11:20:31‚ÄØAM</td>
				<td>
						üìö Stack Trace:
				</td>
			</tr>
			<tr class="event-row">
				<td><i class="fa fa-times text-fail"></i></td>
				<td>11:20:31‚ÄØAM</td>
				<td>
						<textarea disabled class="code-block">java.lang.AssertionError: 1 expectation failed.
Expected status code (is <400> or is <422>) but was <500>.

	at java.base/jdk.internal.reflect.DirectConstructorHandleAccessor.newInstance(DirectConstructorHandleAccessor.java:62)
	at java.base/java.lang.reflect.Constructor.newInstanceWithCaller(Constructor.java:501)
	at java.base/java.lang.reflect.Constructor.newInstance(Constructor.java:485)
	at org.codehaus.groovy.reflection.CachedConstructor.invoke(CachedConstructor.java:73)
	at org.codehaus.groovy.runtime.callsite.ConstructorSite$ConstructorSiteNoUnwrapNoCoerce.callConstructor(ConstructorSite.java:108)
	at org.codehaus.groovy.runtime.callsite.AbstractCallSite.callConstructor(AbstractCallSite.java:277)
	at io.restassured.internal.ResponseSpecificationImpl$HamcrestAssertionClosure.validate(ResponseSpecificationImpl.groovy:512)
	at io.restassured.internal.ResponseSpecificationImpl$HamcrestAssertionClosure$validate$1.call(Unknown Source)
	at io.restassured.internal.ResponseSpecificationImpl.validateResponseIfRequired(ResponseSpecificationImpl.groovy:696)
	at io.restassured.internal.ResponseSpecificationImpl.this$2$validateResponseIfRequired(ResponseSpecificationImpl.groovy)
	at java.base/jdk.internal.reflect.DirectMethodHandleAccessor.invoke(DirectMethodHandleAccessor.java:103)
	at java.base/java.lang.reflect.Method.invoke(Method.java:580)
	at org.codehaus.groovy.runtime.callsite.PlainObjectMetaMethodSite.doInvoke(PlainObjectMetaMethodSite.java:43)
	at org.codehaus.groovy.runtime.callsite.PogoMetaMethodSite$PogoCachedMethodSiteNoUnwrapNoCoerce.invoke(PogoMetaMethodSite.java:198)
	at org.codehaus.groovy.runtime.callsite.PogoMetaMethodSite.callCurrent(PogoMetaMethodSite.java:62)
	at org.codehaus.groovy.runtime.callsite.AbstractCallSite.callCurrent(AbstractCallSite.java:185)
	at io.restassured.internal.ResponseSpecificationImpl.statusCode(ResponseSpecificationImpl.groovy:135)
	at io.restassured.internal.ValidatableResponseOptionsImpl.statusCode(ValidatableResponseOptionsImpl.java:84)
	at POD1_Enrollments.invalid.ApprovedlistPPNegativeTest.negativetestGetProgramParticipationList(ApprovedlistPPNegativeTest.java:47)
	at java.base/jdk.internal.reflect.DirectMethodHandleAccessor.invoke(DirectMethodHandleAccessor.java:103)
	at java.base/java.lang.reflect.Method.invoke(Method.java:580)
	at org.testng.internal.MethodInvocationHelper.invokeMethod(MethodInvocationHelper.java:133)
	at org.testng.internal.TestInvoker.invokeMethod(TestInvoker.java:598)
	at org.testng.internal.TestInvoker.invokeTestMethod(TestInvoker.java:173)
	at org.testng.internal.MethodRunner.runInSequence(MethodRunner.java:46)
	at org.testng.internal.TestInvoker$MethodInvocationAgent.invoke(TestInvoker.java:824)
	at org.testng.internal.TestInvoker.invokeTestMethods(TestInvoker.java:146)
	at org.testng.internal.TestMethodWorker.invokeTestMethods(TestMethodWorker.java:146)
	at org.testng.internal.TestMethodWorker.run(TestMethodWorker.java:128)
	at java.base/java.util.ArrayList.forEach(ArrayList.java:1597)
	at org.testng.TestRunner.privateRun(TestRunner.java:794)
	at org.testng.TestRunner.run(TestRunner.java:596)
	at org.testng.SuiteRunner.runTest(SuiteRunner.java:377)
	at org.testng.SuiteRunner.runSequentially(SuiteRunner.java:371)
	at org.testng.SuiteRunner.privateRun(SuiteRunner.java:332)
	at org.testng.SuiteRunner.run(SuiteRunner.java:276)
	at org.testng.SuiteRunnerWorker.runSuite(SuiteRunnerWorker.java:53)
	at org.testng.SuiteRunnerWorker.run(SuiteRunnerWorker.java:96)
	at org.testng.TestNG.runSuitesSequentially(TestNG.java:1212)
	at org.testng.TestNG.runSuitesLocally(TestNG.java:1134)
	at org.testng.TestNG.runSuites(TestNG.java:1063)
	at org.testng.TestNG.run(TestNG.java:1031)
	at com.intellij.rt.testng.IDEARemoteTestNG.run(IDEARemoteTestNG.java:65)
	at com.intellij.rt.testng.RemoteTestNGStarter.main(RemoteTestNGStarter.java:105)
</textarea>
				</td>
			</tr>
			<tr class="event-row">
				<td><i class="fa fa-info text-info"></i></td>
				<td>11:20:31‚ÄØAM</td>
				<td>
						Screenshot captured: negativetestGetProgramParticipationList_11-20-31.png
				</td>
			</tr>
			<tr class="event-row">
				<td><i class="fa fa-info text-info"></i></td>
				<td>11:20:31‚ÄØAM</td>
				<td>
						<div style='background-color: #f0f0f0; padding: 20px; border: 1px solid #ccc;'><h4>Screenshot: negativetestGetProgramParticipationList_11-20-31.png</h4><p>Captured at: 11-20-31</p><p>Path: test-output/screenshots/2025-07-15/negativetestGetProgramParticipationList_11-20-31.png</p><div style='background-color: white; padding: 10px; border: 1px solid #ddd;'><p><strong>API Response Screenshot</strong></p><p>This would contain the actual screenshot in a real browser automation scenario.</p></div></div>
				</td>
			</tr>
			<tr class="event-row">
				<td><i class="fa fa-info text-info"></i></td>
				<td>11:20:31‚ÄØAM</td>
				<td>
						[11:20:31] Test class cleanup completed
				</td>
			</tr>
	</tbody>
</table>
</div>
					</div>
				</li>
				<li class="test-item"  status="fail" test-id="9"
					author=""
					tag="POD1_Enrollments.valid.CustomSectionValidateTest"
					device="">
					<div class="status-avatar fail-bg">
						<i class="fa fa-times text-white"></i>
					</div>
					<div class="open-test">
						<div class="test-detail">
							<p class="name">CustomSectionValidate</p>
							<p class="duration text-sm">0h 0m 11s+409ms</p>
							<span class="datetime">11:20:31 AM</span>
						</div>
					</div>
					<div class="test-contents d-none">
						<div class="detail-head">
							<div class="p-v-10 d-inline-block">
								<div class="info">
									<h5 class="test-status text-fail">CustomSectionValidate</h5>
									<span class='badge badge-success'>07.15.2025 11:20:31</span>
									<span class='badge badge-danger'>07.15.2025 11:20:42</span>
									<span class='badge badge-default'>0h 0m 11s+409ms</span>
								</div>
								<div class="m-t-15">
			<span class="badge badge-pill badge-default"><i class="fa fa-tag"></i> POD1_Enrollments.valid.CustomSectionValidateTest</span>
								</div>
								<div class="m-t-10 m-l-5">
									
								</div>
							</div>
						</div>
<div class="detail-body mt-4">                                              
<table class="table table-sm">
	<thead><tr>
		<th class="status-col">Status</th>
		<th class="timestamp-col">Timestamp</th>
		<th class="details-col">Details</th>
	</tr></thead>
	<tbody>
			<tr class="event-row">
				<td><i class="fa fa-info text-info"></i></td>
				<td>11:20:31‚ÄØAM</td>
				<td>
						Test Started: 2025-07-15 11:20:31
				</td>
			</tr>
			<tr class="event-row">
				<td><i class="fa fa-info text-info"></i></td>
				<td>11:20:31‚ÄØAM</td>
				<td>
						Test Class: POD1_Enrollments.valid.CustomSectionValidateTest
				</td>
			</tr>
			<tr class="event-row">
				<td><i class="fa fa-info text-info"></i></td>
				<td>11:20:31‚ÄØAM</td>
				<td>
						Test Method: CustomSectionValidate
				</td>
			</tr>
			<tr class="event-row">
				<td><i class="fa fa-info text-info"></i></td>
				<td>11:20:31‚ÄØAM</td>
				<td>
						Date: 2025-07-15
				</td>
			</tr>
			<tr class="event-row">
				<td><i class="fa fa-info text-info"></i></td>
				<td>11:20:31‚ÄØAM</td>
				<td>
						Time: 11:20:31
				</td>
			</tr>
			<tr class="event-row">
				<td><i class="fa fa-info text-info"></i></td>
				<td>11:20:31‚ÄØAM</td>
				<td>
						[11:20:31]  User Type: provider
				</td>
			</tr>
			<tr class="event-row">
				<td><i class="fa fa-times text-fail"></i></td>
				<td>11:20:42‚ÄØAM</td>
				<td>
						<span class='badge white-text red'> Test failed</span>
				</td>
			</tr>
			<tr class="event-row">
				<td><i class="fa fa-info text-info"></i></td>
				<td>11:20:42‚ÄØAM</td>
				<td>
						Test Duration: 11407ms
				</td>
			</tr>
			<tr class="event-row">
				<td><i class="fa fa-info text-info"></i></td>
				<td>11:20:42‚ÄØAM</td>
				<td>
						Test Completed: 2025-07-15 11:20:42
				</td>
			</tr>
			<tr class="event-row">
				<td><i class="fa fa-info text-info"></i></td>
				<td>11:20:42‚ÄØAM</td>
				<td>
						Status: FAILED
				</td>
			</tr>
			<tr class="event-row">
				<td><i class="fa fa-times text-fail"></i></td>
				<td>11:20:42‚ÄØAM</td>
				<td>
						Error Details:
				</td>
			</tr>
			<tr class="event-row">
				<td><i class="fa fa-times text-fail"></i></td>
				<td>11:20:42‚ÄØAM</td>
				<td>
						üîç Error Message: 1 expectation failed.
Expected status code <201> but was <400>.
				</td>
			</tr>
			<tr class="event-row">
				<td><i class="fa fa-times text-fail"></i></td>
				<td>11:20:42‚ÄØAM</td>
				<td>
						üìö Stack Trace:
				</td>
			</tr>
			<tr class="event-row">
				<td><i class="fa fa-times text-fail"></i></td>
				<td>11:20:42‚ÄØAM</td>
				<td>
						<textarea disabled class="code-block">java.lang.AssertionError: 1 expectation failed.
Expected status code <201> but was <400>.

	at java.base/jdk.internal.reflect.DirectConstructorHandleAccessor.newInstance(DirectConstructorHandleAccessor.java:62)
	at java.base/java.lang.reflect.Constructor.newInstanceWithCaller(Constructor.java:501)
	at java.base/java.lang.reflect.Constructor.newInstance(Constructor.java:485)
	at org.codehaus.groovy.reflection.CachedConstructor.invoke(CachedConstructor.java:73)
	at org.codehaus.groovy.runtime.callsite.ConstructorSite$ConstructorSiteNoUnwrapNoCoerce.callConstructor(ConstructorSite.java:108)
	at org.codehaus.groovy.runtime.callsite.AbstractCallSite.callConstructor(AbstractCallSite.java:277)
	at io.restassured.internal.ResponseSpecificationImpl$HamcrestAssertionClosure.validate(ResponseSpecificationImpl.groovy:512)
	at io.restassured.internal.ResponseSpecificationImpl$HamcrestAssertionClosure$validate$1.call(Unknown Source)
	at io.restassured.internal.ResponseSpecificationImpl.validateResponseIfRequired(ResponseSpecificationImpl.groovy:696)
	at io.restassured.internal.ResponseSpecificationImpl.this$2$validateResponseIfRequired(ResponseSpecificationImpl.groovy)
	at java.base/jdk.internal.reflect.DirectMethodHandleAccessor.invoke(DirectMethodHandleAccessor.java:103)
	at java.base/java.lang.reflect.Method.invoke(Method.java:580)
	at org.codehaus.groovy.runtime.callsite.PlainObjectMetaMethodSite.doInvoke(PlainObjectMetaMethodSite.java:43)
	at org.codehaus.groovy.runtime.callsite.PogoMetaMethodSite$PogoCachedMethodSiteNoUnwrapNoCoerce.invoke(PogoMetaMethodSite.java:198)
	at org.codehaus.groovy.runtime.callsite.PogoMetaMethodSite.callCurrent(PogoMetaMethodSite.java:62)
	at org.codehaus.groovy.runtime.callsite.AbstractCallSite.callCurrent(AbstractCallSite.java:185)
	at io.restassured.internal.ResponseSpecificationImpl.statusCode(ResponseSpecificationImpl.groovy:135)
	at io.restassured.specification.ResponseSpecification$statusCode$0.callCurrent(Unknown Source)
	at io.restassured.internal.ResponseSpecificationImpl.statusCode(ResponseSpecificationImpl.groovy:143)
	at io.restassured.internal.ValidatableResponseOptionsImpl.statusCode(ValidatableResponseOptionsImpl.java:89)
	at POD1_Enrollments.valid.CustomSectionValidateTest.CustomSectionValidate(CustomSectionValidateTest.java:40)
	at java.base/jdk.internal.reflect.DirectMethodHandleAccessor.invoke(DirectMethodHandleAccessor.java:103)
	at java.base/java.lang.reflect.Method.invoke(Method.java:580)
	at org.testng.internal.MethodInvocationHelper.invokeMethod(MethodInvocationHelper.java:133)
	at org.testng.internal.TestInvoker.invokeMethod(TestInvoker.java:598)
	at org.testng.internal.TestInvoker.invokeTestMethod(TestInvoker.java:173)
	at org.testng.internal.MethodRunner.runInSequence(MethodRunner.java:46)
	at org.testng.internal.TestInvoker$MethodInvocationAgent.invoke(TestInvoker.java:824)
	at org.testng.internal.TestInvoker.invokeTestMethods(TestInvoker.java:146)
	at org.testng.internal.TestMethodWorker.invokeTestMethods(TestMethodWorker.java:146)
	at org.testng.internal.TestMethodWorker.run(TestMethodWorker.java:128)
	at java.base/java.util.ArrayList.forEach(ArrayList.java:1597)
	at org.testng.TestRunner.privateRun(TestRunner.java:794)
	at org.testng.TestRunner.run(TestRunner.java:596)
	at org.testng.SuiteRunner.runTest(SuiteRunner.java:377)
	at org.testng.SuiteRunner.runSequentially(SuiteRunner.java:371)
	at org.testng.SuiteRunner.privateRun(SuiteRunner.java:332)
	at org.testng.SuiteRunner.run(SuiteRunner.java:276)
	at org.testng.SuiteRunnerWorker.runSuite(SuiteRunnerWorker.java:53)
	at org.testng.SuiteRunnerWorker.run(SuiteRunnerWorker.java:96)
	at org.testng.TestNG.runSuitesSequentially(TestNG.java:1212)
	at org.testng.TestNG.runSuitesLocally(TestNG.java:1134)
	at org.testng.TestNG.runSuites(TestNG.java:1063)
	at org.testng.TestNG.run(TestNG.java:1031)
	at com.intellij.rt.testng.IDEARemoteTestNG.run(IDEARemoteTestNG.java:65)
	at com.intellij.rt.testng.RemoteTestNGStarter.main(RemoteTestNGStarter.java:105)
</textarea>
				</td>
			</tr>
			<tr class="event-row">
				<td><i class="fa fa-info text-info"></i></td>
				<td>11:20:42‚ÄØAM</td>
				<td>
						Screenshot captured: CustomSectionValidate_11-20-42.png
				</td>
			</tr>
			<tr class="event-row">
				<td><i class="fa fa-info text-info"></i></td>
				<td>11:20:42‚ÄØAM</td>
				<td>
						<div style='background-color: #f0f0f0; padding: 20px; border: 1px solid #ccc;'><h4>Screenshot: CustomSectionValidate_11-20-42.png</h4><p>Captured at: 11-20-42</p><p>Path: test-output/screenshots/2025-07-15/CustomSectionValidate_11-20-42.png</p><div style='background-color: white; padding: 10px; border: 1px solid #ddd;'><p><strong>API Response Screenshot</strong></p><p>This would contain the actual screenshot in a real browser automation scenario.</p></div></div>
				</td>
			</tr>
			<tr class="event-row">
				<td><i class="fa fa-info text-info"></i></td>
				<td>11:20:42‚ÄØAM</td>
				<td>
						[11:20:42] Test class cleanup completed
				</td>
			</tr>
	</tbody>
</table>
</div>
					</div>
				</li>
				<li class="test-item"  status="fail" test-id="10"
					author=""
					tag="POD1_Enrollments.invalid.CustomSectionValidatenegativeTest"
					device="">
					<div class="status-avatar fail-bg">
						<i class="fa fa-times text-white"></i>
					</div>
					<div class="open-test">
						<div class="test-detail">
							<p class="name">CustomSectionValidate</p>
							<p class="duration text-sm">0h 0m 10s+76ms</p>
							<span class="datetime">11:20:42 AM</span>
						</div>
					</div>
					<div class="test-contents d-none">
						<div class="detail-head">
							<div class="p-v-10 d-inline-block">
								<div class="info">
									<h5 class="test-status text-fail">CustomSectionValidate</h5>
									<span class='badge badge-success'>07.15.2025 11:20:42</span>
									<span class='badge badge-danger'>07.15.2025 11:20:52</span>
									<span class='badge badge-default'>0h 0m 10s+76ms</span>
								</div>
								<div class="m-t-15">
			<span class="badge badge-pill badge-default"><i class="fa fa-tag"></i> POD1_Enrollments.invalid.CustomSectionValidatenegativeTest</span>
								</div>
								<div class="m-t-10 m-l-5">
									
								</div>
							</div>
						</div>
<div class="detail-body mt-4">                                              
<table class="table table-sm">
	<thead><tr>
		<th class="status-col">Status</th>
		<th class="timestamp-col">Timestamp</th>
		<th class="details-col">Details</th>
	</tr></thead>
	<tbody>
			<tr class="event-row">
				<td><i class="fa fa-info text-info"></i></td>
				<td>11:20:42‚ÄØAM</td>
				<td>
						Test Started: 2025-07-15 11:20:42
				</td>
			</tr>
			<tr class="event-row">
				<td><i class="fa fa-info text-info"></i></td>
				<td>11:20:42‚ÄØAM</td>
				<td>
						Test Class: POD1_Enrollments.invalid.CustomSectionValidatenegativeTest
				</td>
			</tr>
			<tr class="event-row">
				<td><i class="fa fa-info text-info"></i></td>
				<td>11:20:42‚ÄØAM</td>
				<td>
						Test Method: CustomSectionValidate
				</td>
			</tr>
			<tr class="event-row">
				<td><i class="fa fa-info text-info"></i></td>
				<td>11:20:42‚ÄØAM</td>
				<td>
						Date: 2025-07-15
				</td>
			</tr>
			<tr class="event-row">
				<td><i class="fa fa-info text-info"></i></td>
				<td>11:20:42‚ÄØAM</td>
				<td>
						Time: 11:20:42
				</td>
			</tr>
			<tr class="event-row">
				<td><i class="fa fa-times text-fail"></i></td>
				<td>11:20:52‚ÄØAM</td>
				<td>
						<span class='badge white-text red'> Test failed</span>
				</td>
			</tr>
			<tr class="event-row">
				<td><i class="fa fa-info text-info"></i></td>
				<td>11:20:52‚ÄØAM</td>
				<td>
						Test Duration: 10074ms
				</td>
			</tr>
			<tr class="event-row">
				<td><i class="fa fa-info text-info"></i></td>
				<td>11:20:52‚ÄØAM</td>
				<td>
						Test Completed: 2025-07-15 11:20:52
				</td>
			</tr>
			<tr class="event-row">
				<td><i class="fa fa-info text-info"></i></td>
				<td>11:20:52‚ÄØAM</td>
				<td>
						Status: FAILED
				</td>
			</tr>
			<tr class="event-row">
				<td><i class="fa fa-times text-fail"></i></td>
				<td>11:20:52‚ÄØAM</td>
				<td>
						Error Details:
				</td>
			</tr>
			<tr class="event-row">
				<td><i class="fa fa-times text-fail"></i></td>
				<td>11:20:52‚ÄØAM</td>
				<td>
						üîç Error Message: 1 expectation failed.
Expected status code (is <400> or is <422>) but was <500>.
				</td>
			</tr>
			<tr class="event-row">
				<td><i class="fa fa-times text-fail"></i></td>
				<td>11:20:52‚ÄØAM</td>
				<td>
						üìö Stack Trace:
				</td>
			</tr>
			<tr class="event-row">
				<td><i class="fa fa-times text-fail"></i></td>
				<td>11:20:52‚ÄØAM</td>
				<td>
						<textarea disabled class="code-block">java.lang.AssertionError: 1 expectation failed.
Expected status code (is <400> or is <422>) but was <500>.

	at java.base/jdk.internal.reflect.DirectConstructorHandleAccessor.newInstance(DirectConstructorHandleAccessor.java:62)
	at java.base/java.lang.reflect.Constructor.newInstanceWithCaller(Constructor.java:501)
	at java.base/java.lang.reflect.Constructor.newInstance(Constructor.java:485)
	at org.codehaus.groovy.reflection.CachedConstructor.invoke(CachedConstructor.java:73)
	at org.codehaus.groovy.runtime.callsite.ConstructorSite$ConstructorSiteNoUnwrapNoCoerce.callConstructor(ConstructorSite.java:108)
	at org.codehaus.groovy.runtime.callsite.AbstractCallSite.callConstructor(AbstractCallSite.java:277)
	at io.restassured.internal.ResponseSpecificationImpl$HamcrestAssertionClosure.validate(ResponseSpecificationImpl.groovy:512)
	at io.restassured.internal.ResponseSpecificationImpl$HamcrestAssertionClosure$validate$1.call(Unknown Source)
	at io.restassured.internal.ResponseSpecificationImpl.validateResponseIfRequired(ResponseSpecificationImpl.groovy:696)
	at io.restassured.internal.ResponseSpecificationImpl.this$2$validateResponseIfRequired(ResponseSpecificationImpl.groovy)
	at java.base/jdk.internal.reflect.DirectMethodHandleAccessor.invoke(DirectMethodHandleAccessor.java:103)
	at java.base/java.lang.reflect.Method.invoke(Method.java:580)
	at org.codehaus.groovy.runtime.callsite.PlainObjectMetaMethodSite.doInvoke(PlainObjectMetaMethodSite.java:43)
	at org.codehaus.groovy.runtime.callsite.PogoMetaMethodSite$PogoCachedMethodSiteNoUnwrapNoCoerce.invoke(PogoMetaMethodSite.java:198)
	at org.codehaus.groovy.runtime.callsite.PogoMetaMethodSite.callCurrent(PogoMetaMethodSite.java:62)
	at org.codehaus.groovy.runtime.callsite.AbstractCallSite.callCurrent(AbstractCallSite.java:185)
	at io.restassured.internal.ResponseSpecificationImpl.statusCode(ResponseSpecificationImpl.groovy:135)
	at io.restassured.internal.ValidatableResponseOptionsImpl.statusCode(ValidatableResponseOptionsImpl.java:84)
	at POD1_Enrollments.invalid.CustomSectionValidatenegativeTest.CustomSectionValidate(CustomSectionValidatenegativeTest.java:47)
	at java.base/jdk.internal.reflect.DirectMethodHandleAccessor.invoke(DirectMethodHandleAccessor.java:103)
	at java.base/java.lang.reflect.Method.invoke(Method.java:580)
	at org.testng.internal.MethodInvocationHelper.invokeMethod(MethodInvocationHelper.java:133)
	at org.testng.internal.TestInvoker.invokeMethod(TestInvoker.java:598)
	at org.testng.internal.TestInvoker.invokeTestMethod(TestInvoker.java:173)
	at org.testng.internal.MethodRunner.runInSequence(MethodRunner.java:46)
	at org.testng.internal.TestInvoker$MethodInvocationAgent.invoke(TestInvoker.java:824)
	at org.testng.internal.TestInvoker.invokeTestMethods(TestInvoker.java:146)
	at org.testng.internal.TestMethodWorker.invokeTestMethods(TestMethodWorker.java:146)
	at org.testng.internal.TestMethodWorker.run(TestMethodWorker.java:128)
	at java.base/java.util.ArrayList.forEach(ArrayList.java:1597)
	at org.testng.TestRunner.privateRun(TestRunner.java:794)
	at org.testng.TestRunner.run(TestRunner.java:596)
	at org.testng.SuiteRunner.runTest(SuiteRunner.java:377)
	at org.testng.SuiteRunner.runSequentially(SuiteRunner.java:371)
	at org.testng.SuiteRunner.privateRun(SuiteRunner.java:332)
	at org.testng.SuiteRunner.run(SuiteRunner.java:276)
	at org.testng.SuiteRunnerWorker.runSuite(SuiteRunnerWorker.java:53)
	at org.testng.SuiteRunnerWorker.run(SuiteRunnerWorker.java:96)
	at org.testng.TestNG.runSuitesSequentially(TestNG.java:1212)
	at org.testng.TestNG.runSuitesLocally(TestNG.java:1134)
	at org.testng.TestNG.runSuites(TestNG.java:1063)
	at org.testng.TestNG.run(TestNG.java:1031)
	at com.intellij.rt.testng.IDEARemoteTestNG.run(IDEARemoteTestNG.java:65)
	at com.intellij.rt.testng.RemoteTestNGStarter.main(RemoteTestNGStarter.java:105)
</textarea>
				</td>
			</tr>
			<tr class="event-row">
				<td><i class="fa fa-info text-info"></i></td>
				<td>11:20:52‚ÄØAM</td>
				<td>
						Screenshot captured: CustomSectionValidate_11-20-52.png
				</td>
			</tr>
			<tr class="event-row">
				<td><i class="fa fa-info text-info"></i></td>
				<td>11:20:52‚ÄØAM</td>
				<td>
						<div style='background-color: #f0f0f0; padding: 20px; border: 1px solid #ccc;'><h4>Screenshot: CustomSectionValidate_11-20-52.png</h4><p>Captured at: 11-20-52</p><p>Path: test-output/screenshots/2025-07-15/CustomSectionValidate_11-20-52.png</p><div style='background-color: white; padding: 10px; border: 1px solid #ddd;'><p><strong>API Response Screenshot</strong></p><p>This would contain the actual screenshot in a real browser automation scenario.</p></div></div>
				</td>
			</tr>
			<tr class="event-row">
				<td><i class="fa fa-info text-info"></i></td>
				<td>11:20:52‚ÄØAM</td>
				<td>
						[11:20:52] Test class cleanup completed
				</td>
			</tr>
	</tbody>
</table>
</div>
					</div>
				</li>
				<li class="test-item"  status="fail" test-id="11"
					author=""
					tag="POD1_Enrollments.valid.Unapprovedlistpptest"
					device="">
					<div class="status-avatar fail-bg">
						<i class="fa fa-times text-white"></i>
					</div>
					<div class="open-test">
						<div class="test-detail">
							<p class="name">testGetProgramParticipationList</p>
							<p class="duration text-sm">0h 0m 1s+490ms</p>
							<span class="datetime">11:20:52 AM</span>
						</div>
					</div>
					<div class="test-contents d-none">
						<div class="detail-head">
							<div class="p-v-10 d-inline-block">
								<div class="info">
									<h5 class="test-status text-fail">testGetProgramParticipationList</h5>
									<span class='badge badge-success'>07.15.2025 11:20:52</span>
									<span class='badge badge-danger'>07.15.2025 11:20:54</span>
									<span class='badge badge-default'>0h 0m 1s+490ms</span>
								</div>
								<div class="m-t-15">
			<span class="badge badge-pill badge-default"><i class="fa fa-tag"></i> POD1_Enrollments.valid.Unapprovedlistpptest</span>
								</div>
								<div class="m-t-10 m-l-5">
									
								</div>
							</div>
						</div>
<div class="detail-body mt-4">                                              
<table class="table table-sm">
	<thead><tr>
		<th class="status-col">Status</th>
		<th class="timestamp-col">Timestamp</th>
		<th class="details-col">Details</th>
	</tr></thead>
	<tbody>
			<tr class="event-row">
				<td><i class="fa fa-info text-info"></i></td>
				<td>11:20:52‚ÄØAM</td>
				<td>
						Test Started: 2025-07-15 11:20:52
				</td>
			</tr>
			<tr class="event-row">
				<td><i class="fa fa-info text-info"></i></td>
				<td>11:20:52‚ÄØAM</td>
				<td>
						Test Class: POD1_Enrollments.valid.Unapprovedlistpptest
				</td>
			</tr>
			<tr class="event-row">
				<td><i class="fa fa-info text-info"></i></td>
				<td>11:20:52‚ÄØAM</td>
				<td>
						Test Method: testGetProgramParticipationList
				</td>
			</tr>
			<tr class="event-row">
				<td><i class="fa fa-info text-info"></i></td>
				<td>11:20:52‚ÄØAM</td>
				<td>
						Date: 2025-07-15
				</td>
			</tr>
			<tr class="event-row">
				<td><i class="fa fa-info text-info"></i></td>
				<td>11:20:52‚ÄØAM</td>
				<td>
						Time: 11:20:52
				</td>
			</tr>
			<tr class="event-row">
				<td><i class="fa fa-info text-info"></i></td>
				<td>11:20:52‚ÄØAM</td>
				<td>
						[11:20:52]  User Type: provider
				</td>
			</tr>
			<tr class="event-row">
				<td><i class="fa fa-times text-fail"></i></td>
				<td>11:20:54‚ÄØAM</td>
				<td>
						<span class='badge white-text red'> Test failed</span>
				</td>
			</tr>
			<tr class="event-row">
				<td><i class="fa fa-info text-info"></i></td>
				<td>11:20:54‚ÄØAM</td>
				<td>
						Test Duration: 1489ms
				</td>
			</tr>
			<tr class="event-row">
				<td><i class="fa fa-info text-info"></i></td>
				<td>11:20:54‚ÄØAM</td>
				<td>
						Test Completed: 2025-07-15 11:20:54
				</td>
			</tr>
			<tr class="event-row">
				<td><i class="fa fa-info text-info"></i></td>
				<td>11:20:54‚ÄØAM</td>
				<td>
						Status: FAILED
				</td>
			</tr>
			<tr class="event-row">
				<td><i class="fa fa-times text-fail"></i></td>
				<td>11:20:54‚ÄØAM</td>
				<td>
						Error Details:
				</td>
			</tr>
			<tr class="event-row">
				<td><i class="fa fa-times text-fail"></i></td>
				<td>11:20:54‚ÄØAM</td>
				<td>
						üîç Error Message: Unnamed path parameter cannot be null (path parameter at index 0 is null)
				</td>
			</tr>
			<tr class="event-row">
				<td><i class="fa fa-times text-fail"></i></td>
				<td>11:20:54‚ÄØAM</td>
				<td>
						üìö Stack Trace:
				</td>
			</tr>
			<tr class="event-row">
				<td><i class="fa fa-times text-fail"></i></td>
				<td>11:20:54‚ÄØAM</td>
				<td>
						<textarea disabled class="code-block">java.lang.IllegalArgumentException: Unnamed path parameter cannot be null (path parameter at index 0 is null)
	at java.base/jdk.internal.reflect.DirectConstructorHandleAccessor.newInstance(DirectConstructorHandleAccessor.java:62)
	at java.base/java.lang.reflect.Constructor.newInstanceWithCaller(Constructor.java:501)
	at java.base/java.lang.reflect.Constructor.newInstance(Constructor.java:485)
	at org.codehaus.groovy.reflection.CachedConstructor.invoke(CachedConstructor.java:73)
	at org.codehaus.groovy.reflection.CachedConstructor.doConstructorInvoke(CachedConstructor.java:60)
	at org.codehaus.groovy.runtime.callsite.ConstructorSite$ConstructorSiteNoUnwrap.callConstructor(ConstructorSite.java:86)
	at org.codehaus.groovy.runtime.callsite.CallSiteArray.defaultCallConstructor(CallSiteArray.java:57)
	at org.codehaus.groovy.runtime.callsite.AbstractCallSite.callConstructor(AbstractCallSite.java:263)
	at org.codehaus.groovy.runtime.callsite.AbstractCallSite.callConstructor(AbstractCallSite.java:277)
	at io.restassured.internal.RequestSpecificationImpl.applyPathParamsAndSendRequest(RequestSpecificationImpl.groovy:1657)
	at io.restassured.internal.RequestSpecificationImpl.this$2$applyPathParamsAndSendRequest(RequestSpecificationImpl.groovy)
	at java.base/jdk.internal.reflect.DirectMethodHandleAccessor.invoke(DirectMethodHandleAccessor.java:103)
	at java.base/java.lang.reflect.Method.invoke(Method.java:580)
	at org.codehaus.groovy.reflection.CachedMethod.invoke(CachedMethod.java:343)
	at groovy.lang.MetaMethod.doMethodInvoke(MetaMethod.java:328)
	at groovy.lang.MetaClassImpl.doInvokeMethod(MetaClassImpl.java:1334)
	at groovy.lang.MetaClassImpl.invokeMethod(MetaClassImpl.java:1089)
	at groovy.lang.MetaClassImpl.invokeMethod(MetaClassImpl.java:1008)
	at groovy.lang.MetaClassImpl.invokeMethod(MetaClassImpl.java:791)
	at io.restassured.internal.RequestSpecificationImpl.invokeMethod(RequestSpecificationImpl.groovy)
	at org.codehaus.groovy.runtime.callsite.PogoInterceptableSite.call(PogoInterceptableSite.java:46)
	at org.codehaus.groovy.runtime.callsite.PogoInterceptableSite.callCurrent(PogoInterceptableSite.java:57)
	at org.codehaus.groovy.runtime.callsite.AbstractCallSite.callCurrent(AbstractCallSite.java:203)
	at io.restassured.internal.RequestSpecificationImpl.applyPathParamsAndSendRequest(RequestSpecificationImpl.groovy:1710)
	at io.restassured.internal.RequestSpecificationImpl.this$2$applyPathParamsAndSendRequest(RequestSpecificationImpl.groovy)
	at java.base/jdk.internal.reflect.DirectMethodHandleAccessor.invoke(DirectMethodHandleAccessor.java:103)
	at java.base/java.lang.reflect.Method.invoke(Method.java:580)
	at org.codehaus.groovy.reflection.CachedMethod.invoke(CachedMethod.java:343)
	at groovy.lang.MetaMethod.doMethodInvoke(MetaMethod.java:328)
	at groovy.lang.MetaClassImpl.doInvokeMethod(MetaClassImpl.java:1334)
	at groovy.lang.MetaClassImpl.invokeMethod(MetaClassImpl.java:1089)
	at groovy.lang.MetaClassImpl.invokeMethod(MetaClassImpl.java:1008)
	at groovy.lang.MetaClassImpl.invokeMethod(MetaClassImpl.java:791)
	at io.restassured.internal.RequestSpecificationImpl.invokeMethod(RequestSpecificationImpl.groovy)
	at org.codehaus.groovy.runtime.callsite.PogoInterceptableSite.call(PogoInterceptableSite.java:46)
	at org.codehaus.groovy.runtime.callsite.PogoInterceptableSite.callCurrent(PogoInterceptableSite.java:57)
	at org.codehaus.groovy.runtime.callsite.AbstractCallSite.callCurrent(AbstractCallSite.java:203)
	at io.restassured.internal.RequestSpecificationImpl.get(RequestSpecificationImpl.groovy:172)
	at io.restassured.internal.RequestSpecificationImpl.get(RequestSpecificationImpl.groovy)
	at POD1_Enrollments.valid.Unapprovedlistpptest.testGetProgramParticipationList(Unapprovedlistpptest.java:43)
	at java.base/jdk.internal.reflect.DirectMethodHandleAccessor.invoke(DirectMethodHandleAccessor.java:103)
	at java.base/java.lang.reflect.Method.invoke(Method.java:580)
	at org.testng.internal.MethodInvocationHelper.invokeMethod(MethodInvocationHelper.java:133)
	at org.testng.internal.TestInvoker.invokeMethod(TestInvoker.java:598)
	at org.testng.internal.TestInvoker.invokeTestMethod(TestInvoker.java:173)
	at org.testng.internal.MethodRunner.runInSequence(MethodRunner.java:46)
	at org.testng.internal.TestInvoker$MethodInvocationAgent.invoke(TestInvoker.java:824)
	at org.testng.internal.TestInvoker.invokeTestMethods(TestInvoker.java:146)
	at org.testng.internal.TestMethodWorker.invokeTestMethods(TestMethodWorker.java:146)
	at org.testng.internal.TestMethodWorker.run(TestMethodWorker.java:128)
	at java.base/java.util.ArrayList.forEach(ArrayList.java:1597)
	at org.testng.TestRunner.privateRun(TestRunner.java:794)
	at org.testng.TestRunner.run(TestRunner.java:596)
	at org.testng.SuiteRunner.runTest(SuiteRunner.java:377)
	at org.testng.SuiteRunner.runSequentially(SuiteRunner.java:371)
	at org.testng.SuiteRunner.privateRun(SuiteRunner.java:332)
	at org.testng.SuiteRunner.run(SuiteRunner.java:276)
	at org.testng.SuiteRunnerWorker.runSuite(SuiteRunnerWorker.java:53)
	at org.testng.SuiteRunnerWorker.run(SuiteRunnerWorker.java:96)
	at org.testng.TestNG.runSuitesSequentially(TestNG.java:1212)
	at org.testng.TestNG.runSuitesLocally(TestNG.java:1134)
	at org.testng.TestNG.runSuites(TestNG.java:1063)
	at org.testng.TestNG.run(TestNG.java:1031)
	at com.intellij.rt.testng.IDEARemoteTestNG.run(IDEARemoteTestNG.java:65)
	at com.intellij.rt.testng.RemoteTestNGStarter.main(RemoteTestNGStarter.java:105)
</textarea>
				</td>
			</tr>
			<tr class="event-row">
				<td><i class="fa fa-info text-info"></i></td>
				<td>11:20:54‚ÄØAM</td>
				<td>
						Screenshot captured: testGetProgramParticipationList_11-20-54.png
				</td>
			</tr>
			<tr class="event-row">
				<td><i class="fa fa-info text-info"></i></td>
				<td>11:20:54‚ÄØAM</td>
				<td>
						<div style='background-color: #f0f0f0; padding: 20px; border: 1px solid #ccc;'><h4>Screenshot: testGetProgramParticipationList_11-20-54.png</h4><p>Captured at: 11-20-54</p><p>Path: test-output/screenshots/2025-07-15/testGetProgramParticipationList_11-20-54.png</p><div style='background-color: white; padding: 10px; border: 1px solid #ddd;'><p><strong>API Response Screenshot</strong></p><p>This would contain the actual screenshot in a real browser automation scenario.</p></div></div>
				</td>
			</tr>
			<tr class="event-row">
				<td><i class="fa fa-info text-info"></i></td>
				<td>11:20:54‚ÄØAM</td>
				<td>
						[11:20:54] Test class cleanup completed
				</td>
			</tr>
	</tbody>
</table>
</div>
					</div>
				</li>
				<li class="test-item"  status="fail" test-id="12"
					author=""
					tag="POD1_Enrollments.invalid.Unapprovedlistppnegativetest"
					device="">
					<div class="status-avatar fail-bg">
						<i class="fa fa-times text-white"></i>
					</div>
					<div class="open-test">
						<div class="test-detail">
							<p class="name">testGetProgramParticipationList</p>
							<p class="duration text-sm">0h 0m 1s+914ms</p>
							<span class="datetime">11:20:54 AM</span>
						</div>
					</div>
					<div class="test-contents d-none">
						<div class="detail-head">
							<div class="p-v-10 d-inline-block">
								<div class="info">
									<h5 class="test-status text-fail">testGetProgramParticipationList</h5>
									<span class='badge badge-success'>07.15.2025 11:20:54</span>
									<span class='badge badge-danger'>07.15.2025 11:20:55</span>
									<span class='badge badge-default'>0h 0m 1s+914ms</span>
								</div>
								<div class="m-t-15">
			<span class="badge badge-pill badge-default"><i class="fa fa-tag"></i> POD1_Enrollments.invalid.Unapprovedlistppnegativetest</span>
								</div>
								<div class="m-t-10 m-l-5">
									
								</div>
							</div>
						</div>
<div class="detail-body mt-4">                                              
<table class="table table-sm">
	<thead><tr>
		<th class="status-col">Status</th>
		<th class="timestamp-col">Timestamp</th>
		<th class="details-col">Details</th>
	</tr></thead>
	<tbody>
			<tr class="event-row">
				<td><i class="fa fa-info text-info"></i></td>
				<td>11:20:54‚ÄØAM</td>
				<td>
						Test Started: 2025-07-15 11:20:54
				</td>
			</tr>
			<tr class="event-row">
				<td><i class="fa fa-info text-info"></i></td>
				<td>11:20:54‚ÄØAM</td>
				<td>
						Test Class: POD1_Enrollments.invalid.Unapprovedlistppnegativetest
				</td>
			</tr>
			<tr class="event-row">
				<td><i class="fa fa-info text-info"></i></td>
				<td>11:20:54‚ÄØAM</td>
				<td>
						Test Method: testGetProgramParticipationList
				</td>
			</tr>
			<tr class="event-row">
				<td><i class="fa fa-info text-info"></i></td>
				<td>11:20:54‚ÄØAM</td>
				<td>
						Date: 2025-07-15
				</td>
			</tr>
			<tr class="event-row">
				<td><i class="fa fa-info text-info"></i></td>
				<td>11:20:54‚ÄØAM</td>
				<td>
						Time: 11:20:54
				</td>
			</tr>
			<tr class="event-row">
				<td><i class="fa fa-info text-info"></i></td>
				<td>11:20:54‚ÄØAM</td>
				<td>
						[11:20:54]  User Type: provider
				</td>
			</tr>
			<tr class="event-row">
				<td><i class="fa fa-times text-fail"></i></td>
				<td>11:20:55‚ÄØAM</td>
				<td>
						<span class='badge white-text red'> Test failed</span>
				</td>
			</tr>
			<tr class="event-row">
				<td><i class="fa fa-info text-info"></i></td>
				<td>11:20:55‚ÄØAM</td>
				<td>
						Test Duration: 1912ms
				</td>
			</tr>
			<tr class="event-row">
				<td><i class="fa fa-info text-info"></i></td>
				<td>11:20:55‚ÄØAM</td>
				<td>
						Test Completed: 2025-07-15 11:20:55
				</td>
			</tr>
			<tr class="event-row">
				<td><i class="fa fa-info text-info"></i></td>
				<td>11:20:55‚ÄØAM</td>
				<td>
						Status: FAILED
				</td>
			</tr>
			<tr class="event-row">
				<td><i class="fa fa-times text-fail"></i></td>
				<td>11:20:55‚ÄØAM</td>
				<td>
						Error Details:
				</td>
			</tr>
			<tr class="event-row">
				<td><i class="fa fa-times text-fail"></i></td>
				<td>11:20:55‚ÄØAM</td>
				<td>
						üîç Error Message: Unnamed path parameter cannot be null (path parameter at index 0 is null)
				</td>
			</tr>
			<tr class="event-row">
				<td><i class="fa fa-times text-fail"></i></td>
				<td>11:20:55‚ÄØAM</td>
				<td>
						üìö Stack Trace:
				</td>
			</tr>
			<tr class="event-row">
				<td><i class="fa fa-times text-fail"></i></td>
				<td>11:20:55‚ÄØAM</td>
				<td>
						<textarea disabled class="code-block">java.lang.IllegalArgumentException: Unnamed path parameter cannot be null (path parameter at index 0 is null)
	at java.base/jdk.internal.reflect.DirectConstructorHandleAccessor.newInstance(DirectConstructorHandleAccessor.java:62)
	at java.base/java.lang.reflect.Constructor.newInstanceWithCaller(Constructor.java:501)
	at java.base/java.lang.reflect.Constructor.newInstance(Constructor.java:485)
	at org.codehaus.groovy.reflection.CachedConstructor.invoke(CachedConstructor.java:73)
	at org.codehaus.groovy.reflection.CachedConstructor.doConstructorInvoke(CachedConstructor.java:60)
	at org.codehaus.groovy.runtime.callsite.ConstructorSite$ConstructorSiteNoUnwrap.callConstructor(ConstructorSite.java:86)
	at org.codehaus.groovy.runtime.callsite.AbstractCallSite.callConstructor(AbstractCallSite.java:277)
	at io.restassured.internal.RequestSpecificationImpl.applyPathParamsAndSendRequest(RequestSpecificationImpl.groovy:1657)
	at io.restassured.internal.RequestSpecificationImpl.this$2$applyPathParamsAndSendRequest(RequestSpecificationImpl.groovy)
	at java.base/jdk.internal.reflect.DirectMethodHandleAccessor.invoke(DirectMethodHandleAccessor.java:103)
	at java.base/java.lang.reflect.Method.invoke(Method.java:580)
	at org.codehaus.groovy.reflection.CachedMethod.invoke(CachedMethod.java:343)
	at groovy.lang.MetaMethod.doMethodInvoke(MetaMethod.java:328)
	at groovy.lang.MetaClassImpl.doInvokeMethod(MetaClassImpl.java:1334)
	at groovy.lang.MetaClassImpl.invokeMethod(MetaClassImpl.java:1089)
	at groovy.lang.MetaClassImpl.invokeMethod(MetaClassImpl.java:1008)
	at groovy.lang.MetaClassImpl.invokeMethod(MetaClassImpl.java:791)
	at io.restassured.internal.RequestSpecificationImpl.invokeMethod(RequestSpecificationImpl.groovy)
	at org.codehaus.groovy.runtime.callsite.PogoInterceptableSite.call(PogoInterceptableSite.java:46)
	at org.codehaus.groovy.runtime.callsite.PogoInterceptableSite.callCurrent(PogoInterceptableSite.java:57)
	at org.codehaus.groovy.runtime.callsite.AbstractCallSite.callCurrent(AbstractCallSite.java:203)
	at io.restassured.internal.RequestSpecificationImpl.applyPathParamsAndSendRequest(RequestSpecificationImpl.groovy:1710)
	at io.restassured.internal.RequestSpecificationImpl.this$2$applyPathParamsAndSendRequest(RequestSpecificationImpl.groovy)
	at java.base/jdk.internal.reflect.DirectMethodHandleAccessor.invoke(DirectMethodHandleAccessor.java:103)
	at java.base/java.lang.reflect.Method.invoke(Method.java:580)
	at org.codehaus.groovy.reflection.CachedMethod.invoke(CachedMethod.java:343)
	at groovy.lang.MetaMethod.doMethodInvoke(MetaMethod.java:328)
	at groovy.lang.MetaClassImpl.doInvokeMethod(MetaClassImpl.java:1334)
	at groovy.lang.MetaClassImpl.invokeMethod(MetaClassImpl.java:1089)
	at groovy.lang.MetaClassImpl.invokeMethod(MetaClassImpl.java:1008)
	at groovy.lang.MetaClassImpl.invokeMethod(MetaClassImpl.java:791)
	at io.restassured.internal.RequestSpecificationImpl.invokeMethod(RequestSpecificationImpl.groovy)
	at org.codehaus.groovy.runtime.callsite.PogoInterceptableSite.call(PogoInterceptableSite.java:46)
	at org.codehaus.groovy.runtime.callsite.PogoInterceptableSite.callCurrent(PogoInterceptableSite.java:57)
	at org.codehaus.groovy.runtime.callsite.AbstractCallSite.callCurrent(AbstractCallSite.java:203)
	at io.restassured.internal.RequestSpecificationImpl.get(RequestSpecificationImpl.groovy:172)
	at io.restassured.internal.RequestSpecificationImpl.get(RequestSpecificationImpl.groovy)
	at POD1_Enrollments.invalid.Unapprovedlistppnegativetest.testGetProgramParticipationList(Unapprovedlistppnegativetest.java:51)
	at java.base/jdk.internal.reflect.DirectMethodHandleAccessor.invoke(DirectMethodHandleAccessor.java:103)
	at java.base/java.lang.reflect.Method.invoke(Method.java:580)
	at org.testng.internal.MethodInvocationHelper.invokeMethod(MethodInvocationHelper.java:133)
	at org.testng.internal.TestInvoker.invokeMethod(TestInvoker.java:598)
	at org.testng.internal.TestInvoker.invokeTestMethod(TestInvoker.java:173)
	at org.testng.internal.MethodRunner.runInSequence(MethodRunner.java:46)
	at org.testng.internal.TestInvoker$MethodInvocationAgent.invoke(TestInvoker.java:824)
	at org.testng.internal.TestInvoker.invokeTestMethods(TestInvoker.java:146)
	at org.testng.internal.TestMethodWorker.invokeTestMethods(TestMethodWorker.java:146)
	at org.testng.internal.TestMethodWorker.run(TestMethodWorker.java:128)
	at java.base/java.util.ArrayList.forEach(ArrayList.java:1597)
	at org.testng.TestRunner.privateRun(TestRunner.java:794)
	at org.testng.TestRunner.run(TestRunner.java:596)
	at org.testng.SuiteRunner.runTest(SuiteRunner.java:377)
	at org.testng.SuiteRunner.runSequentially(SuiteRunner.java:371)
	at org.testng.SuiteRunner.privateRun(SuiteRunner.java:332)
	at org.testng.SuiteRunner.run(SuiteRunner.java:276)
	at org.testng.SuiteRunnerWorker.runSuite(SuiteRunnerWorker.java:53)
	at org.testng.SuiteRunnerWorker.run(SuiteRunnerWorker.java:96)
	at org.testng.TestNG.runSuitesSequentially(TestNG.java:1212)
	at org.testng.TestNG.runSuitesLocally(TestNG.java:1134)
	at org.testng.TestNG.runSuites(TestNG.java:1063)
	at org.testng.TestNG.run(TestNG.java:1031)
	at com.intellij.rt.testng.IDEARemoteTestNG.run(IDEARemoteTestNG.java:65)
	at com.intellij.rt.testng.RemoteTestNGStarter.main(RemoteTestNGStarter.java:105)
</textarea>
				</td>
			</tr>
			<tr class="event-row">
				<td><i class="fa fa-info text-info"></i></td>
				<td>11:20:55‚ÄØAM</td>
				<td>
						Screenshot captured: testGetProgramParticipationList_11-20-55.png
				</td>
			</tr>
			<tr class="event-row">
				<td><i class="fa fa-info text-info"></i></td>
				<td>11:20:55‚ÄØAM</td>
				<td>
						<div style='background-color: #f0f0f0; padding: 20px; border: 1px solid #ccc;'><h4>Screenshot: testGetProgramParticipationList_11-20-55.png</h4><p>Captured at: 11-20-55</p><p>Path: test-output/screenshots/2025-07-15/testGetProgramParticipationList_11-20-55.png</p><div style='background-color: white; padding: 10px; border: 1px solid #ddd;'><p><strong>API Response Screenshot</strong></p><p>This would contain the actual screenshot in a real browser automation scenario.</p></div></div>
				</td>
			</tr>
			<tr class="event-row">
				<td><i class="fa fa-info text-info"></i></td>
				<td>11:20:55‚ÄØAM</td>
				<td>
						[11:20:55] Test class cleanup completed
				</td>
			</tr>
	</tbody>
</table>
</div>
					</div>
				</li>
			</ul>
		</div>
	</div>
	<div class="test-content scrollable">
		<div class="test-content-tools">
			<ul>
				<li>
					<a class="back-to-test" href="javascript:void(0)">
					<i class="fa fa-arrow-left"></i>
					</a>
				</li>
			</ul>
		</div>
		<div class="test-content-detail">
			<div class="detail-body"></div>
		</div>
	</div>
</div><div class="test-wrapper row tag-view attributes-view">
	<div class="test-list">
		<div class="test-list-tools">
			<ul class="tools pull-left">
				<li>
					<a href="">
					<span class="font-size-14">Tags</span>
					</a>
				</li>
			</ul>
			<ul class="tools text-right">
				<li>
					<a href="#">
					<span class="badge badge-primary">7</span>
					</a>
				</li>
			</ul>
		</div>
		<div class="test-list-wrapper scrollable">
			<ul class="test-list-item">
				<li class="test-item">
					<div class="open-test">
						<div class="test-detail">
							<p class="name">com.dyp.base.ComprehensiveAuthTest</p>
							<p class="duration text-sm">6 tests</p>
							<span class="datetime">
							<span class='badge badge-success'>6</span>
							
							
							
							</span>
						</div>
					</div>
					<div class="test-contents d-none">
						<div class="info">
							<h4>com.dyp.base.ComprehensiveAuthTest</h4>
							<span status="pass" class='badge badge-success'>6 passed</span>
							
							
							
						</div>
						<table class='table table-sm mt-4'>
							<thead>
								<tr>
									<th class="status-col">Status</th>
									<th class="timestamp-col">Timestamp</th>
									<th>TestName</th>
								</tr>
							</thead>
							<tbody>
								<tr class="tag-test-status" status="pass">
									<td>
										<div class='status-avatar pass-bg'>
											<i class="fa fa-check text-white"></i>
										</div>
									</td>
									<td>11:19:35 AM</td>
									<td class='linked' test-id='1'>
										testConfigurationLoadingFromConfigFile
									</td>
								</tr>
								<tr class="tag-test-status" status="pass">
									<td>
										<div class='status-avatar pass-bg'>
											<i class="fa fa-check text-white"></i>
										</div>
									</td>
									<td>11:19:35 AM</td>
									<td class='linked' test-id='2'>
										testProviderUserAuthentication
									</td>
								</tr>
								<tr class="tag-test-status" status="pass">
									<td>
										<div class='status-avatar pass-bg'>
											<i class="fa fa-check text-white"></i>
										</div>
									</td>
									<td>11:19:41 AM</td>
									<td class='linked' test-id='3'>
										testInternalUserAuthentication
									</td>
								</tr>
								<tr class="tag-test-status" status="pass">
									<td>
										<div class='status-avatar pass-bg'>
											<i class="fa fa-check text-white"></i>
										</div>
									</td>
									<td>11:19:43 AM</td>
									<td class='linked' test-id='4'>
										testStoredTokenValidation
									</td>
								</tr>
								<tr class="tag-test-status" status="pass">
									<td>
										<div class='status-avatar pass-bg'>
											<i class="fa fa-check text-white"></i>
										</div>
									</td>
									<td>11:19:43 AM</td>
									<td class='linked' test-id='5'>
										testTokenUsageSimulation
									</td>
								</tr>
								<tr class="tag-test-status" status="pass">
									<td>
										<div class='status-avatar pass-bg'>
											<i class="fa fa-check text-white"></i>
										</div>
									</td>
									<td>11:19:51 AM</td>
									<td class='linked' test-id='6'>
										testFinalTokenStatusCheck
									</td>
								</tr>
							</tbody>
						</table>
					</div>
				</li>
				<li class="test-item">
					<div class="open-test">
						<div class="test-detail">
							<p class="name">POD1_Enrollments.valid.ApprovedlistppTest</p>
							<p class="duration text-sm">1 tests</p>
							<span class="datetime">
							
							<span class='badge badge-danger'>1</span>
							
							
							</span>
						</div>
					</div>
					<div class="test-contents d-none">
						<div class="info">
							<h4>POD1_Enrollments.valid.ApprovedlistppTest</h4>
							
							<span status="fail" class='badge badge-danger'>1 failed</span>
							
							
						</div>
						<table class='table table-sm mt-4'>
							<thead>
								<tr>
									<th class="status-col">Status</th>
									<th class="timestamp-col">Timestamp</th>
									<th>TestName</th>
								</tr>
							</thead>
							<tbody>
								<tr class="tag-test-status" status="fail">
									<td>
										<div class='status-avatar fail-bg'>
											<i class="fa fa-times text-white"></i>
										</div>
									</td>
									<td>11:20:11 AM</td>
									<td class='linked' test-id='7'>
										testGetProgramParticipationList
									</td>
								</tr>
							</tbody>
						</table>
					</div>
				</li>
				<li class="test-item">
					<div class="open-test">
						<div class="test-detail">
							<p class="name">POD1_Enrollments.invalid.ApprovedlistPPNegativeTest</p>
							<p class="duration text-sm">1 tests</p>
							<span class="datetime">
							
							<span class='badge badge-danger'>1</span>
							
							
							</span>
						</div>
					</div>
					<div class="test-contents d-none">
						<div class="info">
							<h4>POD1_Enrollments.invalid.ApprovedlistPPNegativeTest</h4>
							
							<span status="fail" class='badge badge-danger'>1 failed</span>
							
							
						</div>
						<table class='table table-sm mt-4'>
							<thead>
								<tr>
									<th class="status-col">Status</th>
									<th class="timestamp-col">Timestamp</th>
									<th>TestName</th>
								</tr>
							</thead>
							<tbody>
								<tr class="tag-test-status" status="fail">
									<td>
										<div class='status-avatar fail-bg'>
											<i class="fa fa-times text-white"></i>
										</div>
									</td>
									<td>11:20:26 AM</td>
									<td class='linked' test-id='8'>
										negativetestGetProgramParticipationList
									</td>
								</tr>
							</tbody>
						</table>
					</div>
				</li>
				<li class="test-item">
					<div class="open-test">
						<div class="test-detail">
							<p class="name">POD1_Enrollments.valid.CustomSectionValidateTest</p>
							<p class="duration text-sm">1 tests</p>
							<span class="datetime">
							
							<span class='badge badge-danger'>1</span>
							
							
							</span>
						</div>
					</div>
					<div class="test-contents d-none">
						<div class="info">
							<h4>POD1_Enrollments.valid.CustomSectionValidateTest</h4>
							
							<span status="fail" class='badge badge-danger'>1 failed</span>
							
							
						</div>
						<table class='table table-sm mt-4'>
							<thead>
								<tr>
									<th class="status-col">Status</th>
									<th class="timestamp-col">Timestamp</th>
									<th>TestName</th>
								</tr>
							</thead>
							<tbody>
								<tr class="tag-test-status" status="fail">
									<td>
										<div class='status-avatar fail-bg'>
											<i class="fa fa-times text-white"></i>
										</div>
									</td>
									<td>11:20:31 AM</td>
									<td class='linked' test-id='9'>
										CustomSectionValidate
									</td>
								</tr>
							</tbody>
						</table>
					</div>
				</li>
				<li class="test-item">
					<div class="open-test">
						<div class="test-detail">
							<p class="name">POD1_Enrollments.invalid.CustomSectionValidatenegativeTest</p>
							<p class="duration text-sm">1 tests</p>
							<span class="datetime">
							
							<span class='badge badge-danger'>1</span>
							
							
							</span>
						</div>
					</div>
					<div class="test-contents d-none">
						<div class="info">
							<h4>POD1_Enrollments.invalid.CustomSectionValidatenegativeTest</h4>
							
							<span status="fail" class='badge badge-danger'>1 failed</span>
							
							
						</div>
						<table class='table table-sm mt-4'>
							<thead>
								<tr>
									<th class="status-col">Status</th>
									<th class="timestamp-col">Timestamp</th>
									<th>TestName</th>
								</tr>
							</thead>
							<tbody>
								<tr class="tag-test-status" status="fail">
									<td>
										<div class='status-avatar fail-bg'>
											<i class="fa fa-times text-white"></i>
										</div>
									</td>
									<td>11:20:42 AM</td>
									<td class='linked' test-id='10'>
										CustomSectionValidate
									</td>
								</tr>
							</tbody>
						</table>
					</div>
				</li>
				<li class="test-item">
					<div class="open-test">
						<div class="test-detail">
							<p class="name">POD1_Enrollments.valid.Unapprovedlistpptest</p>
							<p class="duration text-sm">1 tests</p>
							<span class="datetime">
							
							<span class='badge badge-danger'>1</span>
							
							
							</span>
						</div>
					</div>
					<div class="test-contents d-none">
						<div class="info">
							<h4>POD1_Enrollments.valid.Unapprovedlistpptest</h4>
							
							<span status="fail" class='badge badge-danger'>1 failed</span>
							
							
						</div>
						<table class='table table-sm mt-4'>
							<thead>
								<tr>
									<th class="status-col">Status</th>
									<th class="timestamp-col">Timestamp</th>
									<th>TestName</th>
								</tr>
							</thead>
							<tbody>
								<tr class="tag-test-status" status="fail">
									<td>
										<div class='status-avatar fail-bg'>
											<i class="fa fa-times text-white"></i>
										</div>
									</td>
									<td>11:20:52 AM</td>
									<td class='linked' test-id='11'>
										testGetProgramParticipationList
									</td>
								</tr>
							</tbody>
						</table>
					</div>
				</li>
				<li class="test-item">
					<div class="open-test">
						<div class="test-detail">
							<p class="name">POD1_Enrollments.invalid.Unapprovedlistppnegativetest</p>
							<p class="duration text-sm">1 tests</p>
							<span class="datetime">
							
							<span class='badge badge-danger'>1</span>
							
							
							</span>
						</div>
					</div>
					<div class="test-contents d-none">
						<div class="info">
							<h4>POD1_Enrollments.invalid.Unapprovedlistppnegativetest</h4>
							
							<span status="fail" class='badge badge-danger'>1 failed</span>
							
							
						</div>
						<table class='table table-sm mt-4'>
							<thead>
								<tr>
									<th class="status-col">Status</th>
									<th class="timestamp-col">Timestamp</th>
									<th>TestName</th>
								</tr>
							</thead>
							<tbody>
								<tr class="tag-test-status" status="fail">
									<td>
										<div class='status-avatar fail-bg'>
											<i class="fa fa-times text-white"></i>
										</div>
									</td>
									<td>11:20:54 AM</td>
									<td class='linked' test-id='12'>
										testGetProgramParticipationList
									</td>
								</tr>
							</tbody>
						</table>
					</div>
				</li>
			</ul>
		</div>
	</div>
	<div class="test-content scrollable">
		<div class="test-content-tools">
			<ul>
				<li>
					<a class="back-to-test" href="javascript:void(0)">
					<i class="fa fa-arrow-left"></i>
					</a>
				</li>
			</ul>
		</div>
		<div class="test-content-detail">
			<div class="detail-body"></div>
		</div>
	</div>
</div><div class="test-wrapper row exception-view attributes-view">
	<div class="test-list">
		<div class="test-list-tools">
			<ul class="tools pull-left">
				<li>
					<a href="">
					<span class="font-size-14">Exception</span>
					</a>
				</li>
			</ul>
			<ul class="tools text-right">
				<li>
					<a href="#">
					<span class="badge badge-primary">2</span>
					</a>
				</li>
			</ul>
		</div>
		<div class="test-list-wrapper scrollable">
			<ul class="test-list-item">
				<li class="test-item">
					<div class="open-test">
						<div class="test-detail">
							<p class="name">java.lang.AssertionError</p>
							<p class="duration text-sm">4 tests</p>
						</div>
					</div>
					<div class="test-contents d-none">
						<div class="info">
							<h4>java.lang.AssertionError</h4>
						</div>
						<table class='table table-sm mt-4'>
							<thead>
								<tr>
									<th class="status-col">Status</th>
									<th class="timestamp-col">Timestamp</th>
									<th>TestName</th>
								</tr>
							</thead>
							<tbody>
								<tr>
									<td>
										<div class='status-avatar fail-bg'>
											<i class="fa fa-times text-white"></i>
										</div>
									</td>
									<td>11:20:11 AM</td>
									<td class='linked' test-id='7'>
										testGetProgramParticipationList
									</td>
								</tr>
								<tr>
									<td>
										<div class='status-avatar fail-bg'>
											<i class="fa fa-times text-white"></i>
										</div>
									</td>
									<td>11:20:26 AM</td>
									<td class='linked' test-id='8'>
										negativetestGetProgramParticipationList
									</td>
								</tr>
								<tr>
									<td>
										<div class='status-avatar fail-bg'>
											<i class="fa fa-times text-white"></i>
										</div>
									</td>
									<td>11:20:31 AM</td>
									<td class='linked' test-id='9'>
										CustomSectionValidate
									</td>
								</tr>
								<tr>
									<td>
										<div class='status-avatar fail-bg'>
											<i class="fa fa-times text-white"></i>
										</div>
									</td>
									<td>11:20:42 AM</td>
									<td class='linked' test-id='10'>
										CustomSectionValidate
									</td>
								</tr>
							</tbody>
						</table>
					</div>
				</li>
				<li class="test-item">
					<div class="open-test">
						<div class="test-detail">
							<p class="name">java.lang.IllegalArgumentException</p>
							<p class="duration text-sm">2 tests</p>
						</div>
					</div>
					<div class="test-contents d-none">
						<div class="info">
							<h4>java.lang.IllegalArgumentException</h4>
						</div>
						<table class='table table-sm mt-4'>
							<thead>
								<tr>
									<th class="status-col">Status</th>
									<th class="timestamp-col">Timestamp</th>
									<th>TestName</th>
								</tr>
							</thead>
							<tbody>
								<tr>
									<td>
										<div class='status-avatar fail-bg'>
											<i class="fa fa-times text-white"></i>
										</div>
									</td>
									<td>11:20:52 AM</td>
									<td class='linked' test-id='11'>
										testGetProgramParticipationList
									</td>
								</tr>
								<tr>
									<td>
										<div class='status-avatar fail-bg'>
											<i class="fa fa-times text-white"></i>
										</div>
									</td>
									<td>11:20:54 AM</td>
									<td class='linked' test-id='12'>
										testGetProgramParticipationList
									</td>
								</tr>
							</tbody>
						</table>
					</div>
				</li>
			</ul>
		</div>
	</div>
	<div class="test-content scrollable">
		<div class="test-content-tools">
			<ul>
				<li>
					<a class="back-to-test" href="javascript:void(0)">
					<i class="fa fa-arrow-left"></i>
					</a>
				</li>
			</ul>
		</div>
		<div class="test-content-detail">
			<div class="detail-body"></div>
		</div>
	</div>
</div>                    <!-- dashboard -->
<div class="container-fluid p-4 dashboard-view">
	<div class="row">
		<div class="col-md-6">
			<div class="card">
				<div class="card-header">
					<h6 class="card-title">Tests</h6>
				</div>
				<div class="card-body">
					<div class="">
						<canvas id='parent-analysis' width='115' height='90'></canvas>
					</div>
				</div>
				<div class="card-footer">
					<div><small data-tooltip='50%'>
						<b>6</b> tests passed
						</small>
					</div>
					<div>
						<small data-tooltip='50%'><b>6</b> tests failed, 
						<b>0</b> skipped, <b data-tooltip='0%'>0</b> others
						</small>
					</div>
				</div>
			</div>
		</div>
		<div class="col-md-6">
			<div class="card">
				<div class="card-header">
					<h6 class="card-title">Log events</h6>
				</div>
				<div class="card-body">
					<div class="">
						<canvas id='events-analysis' width='115' height='90'></canvas>
					</div>
				</div>
				<div class="card-footer">
					<div><small data-tooltip='6.283%'><b>12</b> events passed</small></div>
					<div>
						<small data-tooltip='15.707%'><b>30</b> events failed, 
						<b data-tooltip='78.01%'>149</b> others
						</small>
					</div>
				</div>
			</div>
		</div>
	</div>
	<div class="row">
		<div class="col-md-3">
			<div class="card">
				<div class="card-body box-height-150">
					<div class="media justify-content-between">
						<div class="card-header">
							<h6 class="card-title">Tests</h6>
							<h2 class="font-size-28 font-weight-light mt-3">12</h2>
							<span class="text-semibold text-success font-size-15">
							<i class="ti-arrow-up font-size-11"></i> 
							<span>50.00%</span>
							</span>
						</div>
						<div class="align-self-end">
							<i class="fa fa-align-left font-size-70 opacity-01"></i>
						</div>
					</div>
				</div>
			</div>
		</div>
		<div class="col-md-3">
			<div class="card">
				<div class="card-body box-height-150">
					<div class="media justify-content-between">
						<div class="card-header">
							<h6 class="card-title">Start</h6>
							<h4 class="font-weight-light mt-4">2025-07-15 11:19:34</h4>
							<span class="text-semibold text-success font-size-15">
						</div>
						<div class="align-self-end">
							<i class="fa fa-clock-o font-size-70 text-success opacity-01"></i>
						</div>
					</div>
				</div>
			</div>
		</div>
		<div class="col-md-3">
			<div class="card">
				<div class="card-body box-height-150">
					<div class="media justify-content-between">
						<div class="card-header">
							<h6 class="card-title">Duration</h6>
							<h4 class="font-weight-light mt-4">0h 1m 21s+147ms</h4>
							<span class="text-semibold font-size-15">
						</div>
						<div class="align-self-end">
							<i class="fa fa-clock-o font-size-70 opacity-01"></i>
						</div>
					</div>
				</div>
			</div>
		</div>
	</div>
	<div class="row">
		<div class="col-md-12">
			<div class="card">
				<div class="card-header">
					<h6 class="card-title">Timeline</h6>
				</div>
				<div class="card-body">
					<div class="">
						<canvas id="timeline" height="120"></canvas>
					</div>
				</div>
			</div>
		</div>
	</div>
	<div class="row">
		<div class="col-md-6">
			<div class="card">
				<div class="card-header">
					<h6 class="card-title">Tags</h6>
				</div>
				<div class="table-overflow">
					<table class="table table-sm">
						<thead>
							<tr class="bg-gray">
								<th>Name</th>
								<th>Passed</th>
								<th>Failed</th>
								<th>Skipped</th>
								<th>Others</th>
								<th>Passed %</th>
							</tr>
						</thead>
						<tbody>
							<tr>
								<td>com.dyp.base.ComprehensiveAuthTest</td>
								<td>6</td>
								<td>0</td>
								<td>0</td>
								<td>0</td>
								<td>
									100%
								</td>
							</tr>
							<tr>
								<td>POD1_Enrollments.valid.ApprovedlistppTest</td>
								<td>0</td>
								<td>1</td>
								<td>0</td>
								<td>0</td>
								<td>
									0%
								</td>
							</tr>
							<tr>
								<td>POD1_Enrollments.invalid.ApprovedlistPPNegativeTest</td>
								<td>0</td>
								<td>1</td>
								<td>0</td>
								<td>0</td>
								<td>
									0%
								</td>
							</tr>
							<tr>
								<td>POD1_Enrollments.valid.CustomSectionValidateTest</td>
								<td>0</td>
								<td>1</td>
								<td>0</td>
								<td>0</td>
								<td>
									0%
								</td>
							</tr>
							<tr>
								<td>POD1_Enrollments.invalid.CustomSectionValidatenegativeTest</td>
								<td>0</td>
								<td>1</td>
								<td>0</td>
								<td>0</td>
								<td>
									0%
								</td>
							</tr>
							<tr>
								<td>POD1_Enrollments.valid.Unapprovedlistpptest</td>
								<td>0</td>
								<td>1</td>
								<td>0</td>
								<td>0</td>
								<td>
									0%
								</td>
							</tr>
							<tr>
								<td>POD1_Enrollments.invalid.Unapprovedlistppnegativetest</td>
								<td>0</td>
								<td>1</td>
								<td>0</td>
								<td>0</td>
								<td>
									0%
								</td>
							</tr>
						</tbody>
					</table>
				</div>
			</div>
		</div>
		<div class="col-md-4">
			<div class="card">
				<div class="card-header">
					<h6 class="card-title">Environment</h6>
				</div>
				<div class="table-overflow">
					<table class="table table-sm">
						<thead>
							<tr class="bg-gray">
								<th>Name</th>
								<th>Value</th>
							</tr>
						</thead>
						<tbody>
							<tr>
								<td>OS</td>
								<td>Windows 11 10.0</td>
							</tr>
							<tr>
								<td>Java Version</td>
								<td>23</td>
							</tr>
							<tr>
								<td>User</td>
								<td>Tejaswi</td>
							</tr>
							<tr>
								<td>Environment</td>
								<td>dev01</td>
							</tr>
							<tr>
								<td>Test Date</td>
								<td>2025-07-15</td>
							</tr>
							<tr>
								<td>Test Time</td>
								<td>11-19-34</td>
							</tr>
							<tr>
								<td>Report Generated</td>
								<td>2025-07-15 11:19:34</td>
							</tr>
							<tr>
								<td>Framework</td>
								<td>DYP FL 2.0 API Automation</td>
							</tr>
							<tr>
								<td>Browser</td>
								<td>REST Assured</td>
							</tr>
							<tr>
								<td>Test Tool</td>
								<td>TestNG + ExtentReports</td>
							</tr>
						</tbody>
					</table>
				</div>
			</div>
		</div>
	</div>
</div>
<script>
	var statusGroup = {
	    parentCount: 12,
		passParent: 6,
		failParent: 6,
		fatalParent: 0,
		errorParent: 0,
		warningParent: 0,
		skipParent: 0,
		exceptionsParent: 6,
		childCount: 0,
		passChild: 0,
		failChild: 0,
		fatalChild: 0,
		errorChild: 0,
		warningChild: 0,
		skipChild: 0,
		infoChild: 0,
		debugChild: 0,
		exceptionsChild: 0,
		grandChildCount: 0,
		passGrandChild: 0,
		failGrandChild: 0,
		fatalGrandChild: 0,
		errorGrandChild: 0,
		warningGrandChild: 0,
		skipGrandChild: 0,
		infoGrandChild: 0,
		debugGrandChild: 0,
		exceptionsGrandChild: 0,
		eventsCount: 191,
		passEvents: 12,
		failEvents: 30,
		fatalEvents: 0,
		errorEvents: 0,
		warningEvents: 0,
		skipEvents: 0,
		infoEvents: 149,
		debugEvents: 0,
		exceptionsEvents: 0
	};
</script>
<script>
	var timeline = {
	        "testConfigurationLoadingFromConfigFile":0.024,"testProviderUserAuthentication":5.4,"testInternalUserAuthentication":1.937,"testStoredTokenValidation":0.001,"testTokenUsageSimulation":8.215,"testFinalTokenStatusCheck":19.855,"testGetProgramParticipationList":14.82,"negativetestGetProgramParticipationList":4.613,"CustomSectionValidate":11.409,"CustomSectionValidate":10.076,"testGetProgramParticipationList":1.49,"testGetProgramParticipationList":1.914
	};
</script>
                </div>
            </div>
        </div>
    </div>
    <script src="https://cdn.jsdelivr.net/gh/extent-framework/extent-github-cdn@ac7abbc71b4bb073da00153a5a3fdbcfe0c95e2a/spark/js/spark-script.js"></script>
<script type="text/javascript">


</script></body>
</html>